2024-02-13 02:54:13.125 [info] Log level: Info
2024-02-13 02:54:13.125 [info] Validating found git in: "git"
2024-02-13 02:54:13.125 [info] Using git "2.34.1" from "git"
2024-02-13 02:54:13.125 [info] > git rev-parse --show-toplevel [320ms]
2024-02-13 02:54:13.125 [info] > git rev-parse --show-toplevel [242ms]
2024-02-13 02:54:13.130 [info] > git rev-parse --git-dir --git-common-dir [189ms]
2024-02-13 02:54:13.147 [info] Open repository: /home/starwar/solidity/foundry_f24/foundry-simple-storage-f24
2024-02-13 02:54:13.268 [info] > git rev-parse --show-toplevel [76ms]
2024-02-13 02:54:13.269 [info] > git config --get commit.template [102ms]
2024-02-13 02:54:13.294 [info] No remotes found in the git config file.
2024-02-13 02:54:13.327 [info] > git for-each-ref --format=%(refname)%00%(upstream:short)%00%(objectname)%00%(upstream:track)%00%(upstream:remotename)%00%(upstream:remoteref) refs/heads/master refs/remotes/master [35ms]
2024-02-13 02:54:13.692 [info] > git status -z -uall [343ms]
2024-02-13 02:54:13.843 [info] > git config --get commit.template [100ms]
2024-02-13 02:54:13.968 [info] No remotes found in the git config file.
2024-02-13 02:54:13.977 [info] > git check-ignore -v -z --stdin [112ms]
2024-02-13 02:54:13.979 [info] > git show --textconv :src/SimpleStorage.sol [66ms]
2024-02-13 02:54:13.980 [info] > git ls-files --stage -- /home/starwar/solidity/foundry_f24/foundry-simple-storage-f24/src/SimpleStorage.sol [46ms]
2024-02-13 02:54:13.989 [info] > git for-each-ref --format=%(refname)%00%(upstream:short)%00%(objectname)%00%(upstream:track)%00%(upstream:remotename)%00%(upstream:remoteref) refs/heads/master refs/remotes/master [21ms]
2024-02-13 02:54:14.028 [info] > git status -z -uall [16ms]
2024-02-13 02:54:14.678 [info] > git rev-parse --show-toplevel [17ms]
2024-02-13 02:54:14.710 [info] > git rev-parse --git-dir --git-common-dir [10ms]
2024-02-13 02:54:14.720 [info] Open repository: /home/starwar/solidity/foundry_f24/foundry-simple-storage-f24/lib/forge-std
2024-02-13 02:54:14.768 [info] > git config --get commit.template [25ms]
2024-02-13 02:54:14.809 [info] > git for-each-ref --format %(refname) %(objectname) %(*objectname) refs/tags [10ms]
2024-02-13 02:54:14.976 [info] > git status -z -uall [140ms]
2024-02-13 02:54:15.014 [info] > git config --get commit.template [4ms]
2024-02-13 02:54:15.128 [info] > git for-each-ref --format %(refname) %(objectname) %(*objectname) refs/tags [91ms]
2024-02-13 02:54:15.164 [info] > git status -z -uall [16ms]
2024-02-13 02:54:15.362 [info] > git check-ignore -v -z --stdin [2ms]
2024-02-13 02:54:15.826 [info] > git rev-parse --show-toplevel [9ms]
2024-02-13 02:54:15.845 [info] > git rev-parse --git-dir --git-common-dir [2ms]
2024-02-13 02:54:15.853 [info] Open repository: /home/starwar/solidity/foundry_f24/foundry-simple-storage-f24/lib/forge-std/lib/ds-test
2024-02-13 02:54:15.883 [info] > git config --get commit.template [7ms]
2024-02-13 02:54:15.906 [info] > git for-each-ref --format %(refname) %(objectname) %(*objectname) refs/tags [2ms]
2024-02-13 02:54:15.931 [info] > git status -z -uall [7ms]
2024-02-13 02:54:15.959 [info] > git config --get commit.template [2ms]
2024-02-13 02:54:16.093 [info] > git for-each-ref --format %(refname) %(objectname) %(*objectname) refs/tags [114ms]
2024-02-13 02:54:16.118 [info] > git status -z -uall [6ms]
2024-02-13 02:54:16.439 [info] > git check-ignore -v -z --stdin [19ms]
2024-02-13 02:56:42.714 [info] No remotes found in the git config file.
2024-02-13 02:56:42.720 [info] > git config --get commit.template [38ms]
2024-02-13 02:56:42.722 [info] > git for-each-ref --format=%(refname)%00%(upstream:short)%00%(objectname)%00%(upstream:track)%00%(upstream:remotename)%00%(upstream:remoteref) refs/heads/master refs/remotes/master [9ms]
2024-02-13 02:56:42.781 [info] > git status -z -uall [25ms]
2024-02-13 02:56:56.162 [info] > git for-each-ref --format=%(refname)%00%(upstream:short)%00%(objectname)%00%(upstream:track)%00%(upstream:remotename)%00%(upstream:remoteref) refs/heads/master [3ms]
2024-02-13 02:56:56.185 [info] > git config --local branch.master.vscode-merge-base [3ms]
2024-02-13 02:56:56.186 [warning] git config failed: Failed to execute git
2024-02-13 02:56:56.210 [info] > git reflog refs/heads/master --grep-reflog=branch: Created from *. [6ms]
2024-02-13 02:56:56.230 [info] > git symbolic-ref --short refs/remotes/origin/HEAD [3ms]
2024-02-13 02:56:56.230 [info] fatal: ref refs/remotes/origin/HEAD is not a symbolic ref
2024-02-13 02:56:56.657 [info] > git rev-parse --show-toplevel [44ms]
2024-02-13 02:56:56.658 [info] > git for-each-ref --format=%(refname)%00%(upstream:short)%00%(objectname)%00%(upstream:track)%00%(upstream:remotename)%00%(upstream:remoteref) refs/heads/master [20ms]
2024-02-13 02:56:56.694 [info] > git config --local branch.master.vscode-merge-base [19ms]
2024-02-13 02:56:56.695 [warning] git config failed: Failed to execute git
2024-02-13 02:56:56.718 [info] > git rev-parse --show-toplevel [25ms]
2024-02-13 02:56:56.721 [info] > git reflog refs/heads/master --grep-reflog=branch: Created from *. [9ms]
2024-02-13 02:56:56.759 [info] > git symbolic-ref --short refs/remotes/origin/HEAD [19ms]
2024-02-13 02:56:56.759 [info] fatal: ref refs/remotes/origin/HEAD is not a symbolic ref
2024-02-13 02:56:56.759 [info] > git rev-parse --show-toplevel [2ms]
2024-02-13 02:56:57.182 [info] > git check-ignore -v -z --stdin [5ms]
2024-02-13 02:57:04.180 [info] > git for-each-ref --format=%(refname)%00%(upstream:short)%00%(objectname)%00%(upstream:track)%00%(upstream:remotename)%00%(upstream:remoteref) refs/heads/master [2ms]
2024-02-13 02:57:04.199 [info] > git config --local branch.master.vscode-merge-base [4ms]
2024-02-13 02:57:04.199 [warning] git config failed: Failed to execute git
2024-02-13 02:57:04.221 [info] > git reflog refs/heads/master --grep-reflog=branch: Created from *. [2ms]
2024-02-13 02:57:04.239 [info] > git symbolic-ref --short refs/remotes/origin/HEAD [3ms]
2024-02-13 02:57:04.239 [info] fatal: ref refs/remotes/origin/HEAD is not a symbolic ref
2024-02-13 02:57:23.075 [info] No remotes found in the git config file.
2024-02-13 02:57:23.077 [info] > git config --get commit.template [26ms]
2024-02-13 02:57:23.077 [info] > git for-each-ref --format=%(refname)%00%(upstream:short)%00%(objectname)%00%(upstream:track)%00%(upstream:remotename)%00%(upstream:remoteref) refs/heads/master refs/remotes/master [3ms]
2024-02-13 02:57:23.112 [info] > git status -z -uall [15ms]
2024-02-13 02:57:50.311 [info] > git rev-parse --show-toplevel [7ms]
2024-02-13 02:58:18.133 [info] > git rev-parse --show-toplevel [8ms]
2024-02-13 02:58:19.602 [info] > git show --textconv :src/SimpleStorage.sol [20ms]
2024-02-13 02:58:19.605 [info] > git ls-files --stage -- /home/starwar/solidity/foundry_f24/foundry-simple-storage-f24/src/SimpleStorage.sol [4ms]
2024-02-13 03:00:04.878 [info] > git rev-parse --show-toplevel [9ms]
2024-02-13 03:00:18.873 [info] > git show --textconv :foundry.toml [21ms]
2024-02-13 03:00:18.875 [info] > git ls-files --stage -- /home/starwar/solidity/foundry_f24/foundry-simple-storage-f24/foundry.toml [3ms]
2024-02-13 03:00:18.897 [info] > git cat-file -s 25b918f9c9a96afb107fd052f6aa5cbacc3d5111 [3ms]
2024-02-13 03:02:09.862 [info] > git rev-parse --show-toplevel [2ms]
2024-02-13 03:02:14.381 [info] > git show --textconv :foundry.toml [47ms]
2024-02-13 03:02:14.383 [info] > git ls-files --stage -- /home/starwar/solidity/foundry_f24/foundry-simple-storage-f24/foundry.toml [11ms]
2024-02-13 03:02:14.432 [info] > git cat-file -s 25b918f9c9a96afb107fd052f6aa5cbacc3d5111 [10ms]
2024-02-13 03:03:44.143 [info] > git show --textconv :src/SimpleStorage.sol [43ms]
2024-02-13 03:03:44.151 [info] > git ls-files --stage -- /home/starwar/solidity/foundry_f24/foundry-simple-storage-f24/src/SimpleStorage.sol [11ms]
2024-02-13 03:03:49.785 [info] No remotes found in the git config file.
2024-02-13 03:03:49.788 [info] > git config --get commit.template [51ms]
2024-02-13 03:03:49.790 [info] > git for-each-ref --format=%(refname)%00%(upstream:short)%00%(objectname)%00%(upstream:track)%00%(upstream:remotename)%00%(upstream:remoteref) refs/heads/master refs/remotes/master [5ms]
2024-02-13 03:03:49.859 [info] > git status -z -uall [29ms]
2024-02-13 03:03:54.929 [info] > git config --get commit.template [5ms]
2024-02-13 03:03:54.970 [info] No remotes found in the git config file.
2024-02-13 03:03:54.974 [info] > git for-each-ref --format=%(refname)%00%(upstream:short)%00%(objectname)%00%(upstream:track)%00%(upstream:remotename)%00%(upstream:remoteref) refs/heads/master refs/remotes/master [5ms]
2024-02-13 03:03:55.037 [info] > git status -z -uall [24ms]
2024-02-13 03:07:01.149 [info] > git config --get commit.template [54ms]
2024-02-13 03:07:01.150 [info] No remotes found in the git config file.
2024-02-13 03:07:01.153 [info] > git for-each-ref --format=%(refname)%00%(upstream:short)%00%(objectname)%00%(upstream:track)%00%(upstream:remotename)%00%(upstream:remoteref) refs/heads/master refs/remotes/master [13ms]
2024-02-13 03:07:01.222 [info] > git status -z -uall [28ms]
2024-02-13 03:07:06.311 [info] No remotes found in the git config file.
2024-02-13 03:07:06.313 [info] > git config --get commit.template [37ms]
2024-02-13 03:07:06.314 [info] > git for-each-ref --format=%(refname)%00%(upstream:short)%00%(objectname)%00%(upstream:track)%00%(upstream:remotename)%00%(upstream:remoteref) refs/heads/master refs/remotes/master [4ms]
2024-02-13 03:07:06.374 [info] > git status -z -uall [25ms]
2024-02-13 03:30:45.392 [info] > git show --textconv :script/DeploySimpleStorage.s.sol [40ms]
2024-02-13 03:30:45.398 [info] > git ls-files --stage -- /home/starwar/solidity/foundry_f24/foundry-simple-storage-f24/script/DeploySimpleStorage.s.sol [8ms]
2024-02-13 03:30:45.540 [info] > git check-ignore -v -z --stdin [5ms]
2024-02-13 03:30:46.071 [info] No remotes found in the git config file.
2024-02-13 03:30:46.073 [info] > git config --get commit.template [41ms]
2024-02-13 03:30:46.074 [info] > git for-each-ref --format=%(refname)%00%(upstream:short)%00%(objectname)%00%(upstream:track)%00%(upstream:remotename)%00%(upstream:remoteref) refs/heads/master refs/remotes/master [5ms]
2024-02-13 03:30:46.152 [info] > git status -z -uall [37ms]
2024-02-13 03:31:57.838 [info] No remotes found in the git config file.
2024-02-13 03:31:57.876 [info] > git config --get commit.template [43ms]
2024-02-13 03:31:57.878 [info] > git for-each-ref --format=%(refname)%00%(upstream:short)%00%(objectname)%00%(upstream:track)%00%(upstream:remotename)%00%(upstream:remoteref) refs/heads/master refs/remotes/master [4ms]
2024-02-13 03:31:57.941 [info] > git status -z -uall [27ms]
2024-02-13 03:32:03.005 [info] > git config --get commit.template [7ms]
2024-02-13 03:32:03.041 [info] No remotes found in the git config file.
2024-02-13 03:32:03.044 [info] > git for-each-ref --format=%(refname)%00%(upstream:short)%00%(objectname)%00%(upstream:track)%00%(upstream:remotename)%00%(upstream:remoteref) refs/heads/master refs/remotes/master [4ms]
2024-02-13 03:32:03.103 [info] > git status -z -uall [23ms]
2024-02-13 03:32:08.898 [info] > git config --get commit.template [4ms]
2024-02-13 03:32:08.931 [info] No remotes found in the git config file.
2024-02-13 03:32:08.935 [info] > git for-each-ref --format=%(refname)%00%(upstream:short)%00%(objectname)%00%(upstream:track)%00%(upstream:remotename)%00%(upstream:remoteref) refs/heads/master refs/remotes/master [4ms]
2024-02-13 03:32:08.991 [info] > git status -z -uall [22ms]
2024-02-13 03:32:14.043 [info] > git config --get commit.template [4ms]
2024-02-13 03:32:14.078 [info] No remotes found in the git config file.
2024-02-13 03:32:14.081 [info] > git for-each-ref --format=%(refname)%00%(upstream:short)%00%(objectname)%00%(upstream:track)%00%(upstream:remotename)%00%(upstream:remoteref) refs/heads/master refs/remotes/master [4ms]
2024-02-13 03:32:14.155 [info] > git status -z -uall [27ms]
2024-02-13 03:32:19.222 [info] No remotes found in the git config file.
2024-02-13 03:32:19.223 [info] > git config --get commit.template [27ms]
2024-02-13 03:32:19.224 [info] > git for-each-ref --format=%(refname)%00%(upstream:short)%00%(objectname)%00%(upstream:track)%00%(upstream:remotename)%00%(upstream:remoteref) refs/heads/master refs/remotes/master [3ms]
2024-02-13 03:32:19.268 [info] > git status -z -uall [14ms]
2024-02-13 03:32:24.356 [info] No remotes found in the git config file.
2024-02-13 03:32:24.358 [info] > git config --get commit.template [43ms]
2024-02-13 03:32:24.361 [info] > git for-each-ref --format=%(refname)%00%(upstream:short)%00%(objectname)%00%(upstream:track)%00%(upstream:remotename)%00%(upstream:remoteref) refs/heads/master refs/remotes/master [5ms]
2024-02-13 03:32:24.419 [info] > git status -z -uall [23ms]
2024-02-13 03:32:33.462 [info] No remotes found in the git config file.
2024-02-13 03:32:33.465 [info] > git config --get commit.template [66ms]
2024-02-13 03:32:33.467 [info] > git for-each-ref --format=%(refname)%00%(upstream:short)%00%(objectname)%00%(upstream:track)%00%(upstream:remotename)%00%(upstream:remoteref) refs/heads/master refs/remotes/master [6ms]
2024-02-13 03:32:33.533 [info] > git status -z -uall [27ms]
2024-02-13 03:32:40.981 [info] > git config --get commit.template [8ms]
2024-02-13 03:32:41.012 [info] No remotes found in the git config file.
2024-02-13 03:32:41.016 [info] > git for-each-ref --format=%(refname)%00%(upstream:short)%00%(objectname)%00%(upstream:track)%00%(upstream:remotename)%00%(upstream:remoteref) refs/heads/master refs/remotes/master [3ms]
2024-02-13 03:32:41.069 [info] > git status -z -uall [21ms]
2024-02-13 03:32:46.125 [info] > git config --get commit.template [7ms]
2024-02-13 03:32:46.163 [info] No remotes found in the git config file.
2024-02-13 03:32:46.165 [info] > git for-each-ref --format=%(refname)%00%(upstream:short)%00%(objectname)%00%(upstream:track)%00%(upstream:remotename)%00%(upstream:remoteref) refs/heads/master refs/remotes/master [5ms]
2024-02-13 03:32:46.230 [info] > git status -z -uall [29ms]
2024-02-13 03:32:52.009 [info] No remotes found in the git config file.
2024-02-13 03:32:52.010 [info] > git config --get commit.template [37ms]
2024-02-13 03:32:52.011 [info] > git for-each-ref --format=%(refname)%00%(upstream:short)%00%(objectname)%00%(upstream:track)%00%(upstream:remotename)%00%(upstream:remoteref) refs/heads/master refs/remotes/master [3ms]
2024-02-13 03:32:52.070 [info] > git status -z -uall [24ms]
2024-02-13 03:32:57.930 [info] No remotes found in the git config file.
2024-02-13 03:32:57.932 [info] > git config --get commit.template [47ms]
2024-02-13 03:32:57.937 [info] > git for-each-ref --format=%(refname)%00%(upstream:short)%00%(objectname)%00%(upstream:track)%00%(upstream:remotename)%00%(upstream:remoteref) refs/heads/master refs/remotes/master [7ms]
2024-02-13 03:32:58.000 [info] > git status -z -uall [28ms]
2024-02-13 03:33:03.824 [info] No remotes found in the git config file.
2024-02-13 03:33:03.827 [info] > git config --get commit.template [80ms]
2024-02-13 03:33:03.829 [info] > git for-each-ref --format=%(refname)%00%(upstream:short)%00%(objectname)%00%(upstream:track)%00%(upstream:remotename)%00%(upstream:remoteref) refs/heads/master refs/remotes/master [7ms]
2024-02-13 03:33:03.900 [info] > git status -z -uall [27ms]
2024-02-13 03:33:10.367 [info] No remotes found in the git config file.
2024-02-13 03:33:10.370 [info] > git config --get commit.template [44ms]
2024-02-13 03:33:10.371 [info] > git for-each-ref --format=%(refname)%00%(upstream:short)%00%(objectname)%00%(upstream:track)%00%(upstream:remotename)%00%(upstream:remoteref) refs/heads/master refs/remotes/master [5ms]
2024-02-13 03:33:10.434 [info] > git status -z -uall [23ms]
2024-02-13 03:33:16.005 [info] > git config --get commit.template [4ms]
2024-02-13 03:33:16.025 [info] No remotes found in the git config file.
2024-02-13 03:33:16.027 [info] > git for-each-ref --format=%(refname)%00%(upstream:short)%00%(objectname)%00%(upstream:track)%00%(upstream:remotename)%00%(upstream:remoteref) refs/heads/master refs/remotes/master [2ms]
2024-02-13 03:33:16.058 [info] > git status -z -uall [12ms]
2024-02-13 03:33:21.109 [info] No remotes found in the git config file.
2024-02-13 03:33:21.151 [info] > git config --get commit.template [45ms]
2024-02-13 03:33:21.152 [info] > git for-each-ref --format=%(refname)%00%(upstream:short)%00%(objectname)%00%(upstream:track)%00%(upstream:remotename)%00%(upstream:remoteref) refs/heads/master refs/remotes/master [3ms]
2024-02-13 03:33:21.214 [info] > git status -z -uall [28ms]
2024-02-13 03:33:26.267 [info] > git config --get commit.template [5ms]
2024-02-13 03:33:26.303 [info] No remotes found in the git config file.
2024-02-13 03:33:26.307 [info] > git for-each-ref --format=%(refname)%00%(upstream:short)%00%(objectname)%00%(upstream:track)%00%(upstream:remotename)%00%(upstream:remoteref) refs/heads/master refs/remotes/master [5ms]
2024-02-13 03:33:26.366 [info] > git status -z -uall [24ms]
2024-02-13 03:33:35.623 [info] > git config --get commit.template [6ms]
2024-02-13 03:33:35.659 [info] No remotes found in the git config file.
2024-02-13 03:33:35.663 [info] > git for-each-ref --format=%(refname)%00%(upstream:short)%00%(objectname)%00%(upstream:track)%00%(upstream:remotename)%00%(upstream:remoteref) refs/heads/master refs/remotes/master [5ms]
2024-02-13 03:33:35.723 [info] > git status -z -uall [25ms]
2024-02-13 03:33:40.830 [info] No remotes found in the git config file.
2024-02-13 03:33:40.833 [info] > git config --get commit.template [44ms]
2024-02-13 03:33:40.835 [info] > git for-each-ref --format=%(refname)%00%(upstream:short)%00%(objectname)%00%(upstream:track)%00%(upstream:remotename)%00%(upstream:remoteref) refs/heads/master refs/remotes/master [5ms]
2024-02-13 03:33:40.907 [info] > git status -z -uall [26ms]
2024-02-13 03:33:45.996 [info] > git config --get commit.template [40ms]
2024-02-13 03:33:45.997 [info] No remotes found in the git config file.
2024-02-13 03:33:45.999 [info] > git for-each-ref --format=%(refname)%00%(upstream:short)%00%(objectname)%00%(upstream:track)%00%(upstream:remotename)%00%(upstream:remoteref) refs/heads/master refs/remotes/master [5ms]
2024-02-13 03:33:46.079 [info] > git status -z -uall [44ms]
2024-02-13 03:33:51.144 [info] > git config --get commit.template [8ms]
2024-02-13 03:33:51.180 [info] No remotes found in the git config file.
2024-02-13 03:33:51.183 [info] > git for-each-ref --format=%(refname)%00%(upstream:short)%00%(objectname)%00%(upstream:track)%00%(upstream:remotename)%00%(upstream:remoteref) refs/heads/master refs/remotes/master [4ms]
2024-02-13 03:33:51.246 [info] > git status -z -uall [27ms]
2024-02-13 03:33:56.346 [info] No remotes found in the git config file.
2024-02-13 03:33:56.348 [info] > git config --get commit.template [46ms]
2024-02-13 03:33:56.349 [info] > git for-each-ref --format=%(refname)%00%(upstream:short)%00%(objectname)%00%(upstream:track)%00%(upstream:remotename)%00%(upstream:remoteref) refs/heads/master refs/remotes/master [4ms]
2024-02-13 03:33:56.404 [info] > git status -z -uall [22ms]
2024-02-13 03:34:07.916 [info] No remotes found in the git config file.
2024-02-13 03:34:07.954 [info] > git config --get commit.template [40ms]
2024-02-13 03:34:07.954 [info] > git for-each-ref --format=%(refname)%00%(upstream:short)%00%(objectname)%00%(upstream:track)%00%(upstream:remotename)%00%(upstream:remoteref) refs/heads/master refs/remotes/master [2ms]
2024-02-13 03:34:07.984 [info] > git status -z -uall [11ms]
2024-02-13 03:34:13.084 [info] No remotes found in the git config file.
2024-02-13 03:34:13.087 [info] > git config --get commit.template [48ms]
2024-02-13 03:34:13.089 [info] > git for-each-ref --format=%(refname)%00%(upstream:short)%00%(objectname)%00%(upstream:track)%00%(upstream:remotename)%00%(upstream:remoteref) refs/heads/master refs/remotes/master [6ms]
2024-02-13 03:34:13.160 [info] > git status -z -uall [29ms]
2024-02-13 03:34:19.249 [info] No remotes found in the git config file.
2024-02-13 03:34:19.251 [info] > git config --get commit.template [45ms]
2024-02-13 03:34:19.253 [info] > git for-each-ref --format=%(refname)%00%(upstream:short)%00%(objectname)%00%(upstream:track)%00%(upstream:remotename)%00%(upstream:remoteref) refs/heads/master refs/remotes/master [5ms]
2024-02-13 03:34:19.315 [info] > git status -z -uall [22ms]
2024-02-13 03:34:24.420 [info] No remotes found in the git config file.
2024-02-13 03:34:24.422 [info] > git config --get commit.template [44ms]
2024-02-13 03:34:24.423 [info] > git for-each-ref --format=%(refname)%00%(upstream:short)%00%(objectname)%00%(upstream:track)%00%(upstream:remotename)%00%(upstream:remoteref) refs/heads/master refs/remotes/master [3ms]
2024-02-13 03:34:24.451 [info] > git status -z -uall [11ms]
2024-02-13 03:34:32.788 [info] No remotes found in the git config file.
2024-02-13 03:34:32.789 [info] > git config --get commit.template [42ms]
2024-02-13 03:34:32.791 [info] > git for-each-ref --format=%(refname)%00%(upstream:short)%00%(objectname)%00%(upstream:track)%00%(upstream:remotename)%00%(upstream:remoteref) refs/heads/master refs/remotes/master [4ms]
2024-02-13 03:34:32.852 [info] > git status -z -uall [24ms]
2024-02-13 03:34:56.988 [info] No remotes found in the git config file.
2024-02-13 03:34:56.991 [info] > git config --get commit.template [47ms]
2024-02-13 03:34:56.992 [info] > git for-each-ref --format=%(refname)%00%(upstream:short)%00%(objectname)%00%(upstream:track)%00%(upstream:remotename)%00%(upstream:remoteref) refs/heads/master refs/remotes/master [5ms]
2024-02-13 03:34:57.059 [info] > git status -z -uall [27ms]
2024-02-13 03:35:09.356 [info] No remotes found in the git config file.
2024-02-13 03:35:09.374 [info] > git config --get commit.template [68ms]
2024-02-13 03:35:09.382 [info] > git for-each-ref --format=%(refname)%00%(upstream:short)%00%(objectname)%00%(upstream:track)%00%(upstream:remotename)%00%(upstream:remoteref) refs/heads/master refs/remotes/master [26ms]
2024-02-13 03:35:09.454 [info] > git status -z -uall [25ms]
2024-02-13 03:35:14.547 [info] No remotes found in the git config file.
2024-02-13 03:35:14.549 [info] > git config --get commit.template [40ms]
2024-02-13 03:35:14.550 [info] > git for-each-ref --format=%(refname)%00%(upstream:short)%00%(objectname)%00%(upstream:track)%00%(upstream:remotename)%00%(upstream:remoteref) refs/heads/master refs/remotes/master [4ms]
2024-02-13 03:35:14.608 [info] > git status -z -uall [22ms]
2024-02-13 03:35:23.270 [info] No remotes found in the git config file.
2024-02-13 03:35:23.271 [info] > git config --get commit.template [20ms]
2024-02-13 03:35:23.271 [info] > git for-each-ref --format=%(refname)%00%(upstream:short)%00%(objectname)%00%(upstream:track)%00%(upstream:remotename)%00%(upstream:remoteref) refs/heads/master refs/remotes/master [2ms]
2024-02-13 03:35:23.300 [info] > git status -z -uall [11ms]
2024-02-13 03:36:10.517 [info] No remotes found in the git config file.
2024-02-13 03:36:10.519 [info] > git config --get commit.template [41ms]
2024-02-13 03:36:10.520 [info] > git for-each-ref --format=%(refname)%00%(upstream:short)%00%(objectname)%00%(upstream:track)%00%(upstream:remotename)%00%(upstream:remoteref) refs/heads/master refs/remotes/master [4ms]
2024-02-13 03:36:10.581 [info] > git status -z -uall [24ms]
2024-02-13 03:36:16.482 [info] > git config --get commit.template [53ms]
2024-02-13 03:36:16.483 [info] No remotes found in the git config file.
2024-02-13 03:36:16.485 [info] > git for-each-ref --format=%(refname)%00%(upstream:short)%00%(objectname)%00%(upstream:track)%00%(upstream:remotename)%00%(upstream:remoteref) refs/heads/master refs/remotes/master [6ms]
2024-02-13 03:36:16.558 [info] > git status -z -uall [26ms]
2024-02-13 03:36:21.658 [info] > git config --get commit.template [45ms]
2024-02-13 03:36:21.659 [info] No remotes found in the git config file.
2024-02-13 03:36:21.660 [info] > git for-each-ref --format=%(refname)%00%(upstream:short)%00%(objectname)%00%(upstream:track)%00%(upstream:remotename)%00%(upstream:remoteref) refs/heads/master refs/remotes/master [4ms]
2024-02-13 03:36:21.719 [info] > git status -z -uall [23ms]
2024-02-13 03:36:33.234 [info] No remotes found in the git config file.
2024-02-13 03:36:33.234 [info] > git config --get commit.template [24ms]
2024-02-13 03:36:33.235 [info] > git for-each-ref --format=%(refname)%00%(upstream:short)%00%(objectname)%00%(upstream:track)%00%(upstream:remotename)%00%(upstream:remoteref) refs/heads/master refs/remotes/master [2ms]
2024-02-13 03:36:33.264 [info] > git status -z -uall [12ms]
2024-02-13 03:36:42.324 [info] No remotes found in the git config file.
2024-02-13 03:36:42.326 [info] > git config --get commit.template [42ms]
2024-02-13 03:36:42.327 [info] > git for-each-ref --format=%(refname)%00%(upstream:short)%00%(objectname)%00%(upstream:track)%00%(upstream:remotename)%00%(upstream:remoteref) refs/heads/master refs/remotes/master [4ms]
2024-02-13 03:36:42.398 [info] > git status -z -uall [24ms]
2024-02-13 03:37:11.956 [info] > git config --get commit.template [5ms]
2024-02-13 03:37:11.988 [info] No remotes found in the git config file.
2024-02-13 03:37:11.992 [info] > git for-each-ref --format=%(refname)%00%(upstream:short)%00%(objectname)%00%(upstream:track)%00%(upstream:remotename)%00%(upstream:remoteref) refs/heads/master refs/remotes/master [4ms]
2024-02-13 03:37:12.046 [info] > git status -z -uall [21ms]
2024-02-13 03:37:20.625 [info] No remotes found in the git config file.
2024-02-13 03:37:20.627 [info] > git config --get commit.template [44ms]
2024-02-13 03:37:20.629 [info] > git for-each-ref --format=%(refname)%00%(upstream:short)%00%(objectname)%00%(upstream:track)%00%(upstream:remotename)%00%(upstream:remoteref) refs/heads/master refs/remotes/master [5ms]
2024-02-13 03:37:20.692 [info] > git status -z -uall [26ms]
2024-02-13 03:37:27.456 [info] No remotes found in the git config file.
2024-02-13 03:37:27.457 [info] > git config --get commit.template [22ms]
2024-02-13 03:37:27.457 [info] > git for-each-ref --format=%(refname)%00%(upstream:short)%00%(objectname)%00%(upstream:track)%00%(upstream:remotename)%00%(upstream:remoteref) refs/heads/master refs/remotes/master [2ms]
2024-02-13 03:37:27.484 [info] > git status -z -uall [10ms]
2024-02-13 03:37:38.284 [info] No remotes found in the git config file.
2024-02-13 03:37:38.288 [info] > git config --get commit.template [54ms]
2024-02-13 03:37:38.291 [info] > git for-each-ref --format=%(refname)%00%(upstream:short)%00%(objectname)%00%(upstream:track)%00%(upstream:remotename)%00%(upstream:remoteref) refs/heads/master refs/remotes/master [7ms]
2024-02-13 03:37:38.373 [info] > git status -z -uall [32ms]
2024-02-13 03:37:43.465 [info] No remotes found in the git config file.
2024-02-13 03:37:43.467 [info] > git config --get commit.template [39ms]
2024-02-13 03:37:43.468 [info] > git for-each-ref --format=%(refname)%00%(upstream:short)%00%(objectname)%00%(upstream:track)%00%(upstream:remotename)%00%(upstream:remoteref) refs/heads/master refs/remotes/master [4ms]
2024-02-13 03:37:43.524 [info] > git status -z -uall [22ms]
2024-02-13 03:37:56.409 [info] No remotes found in the git config file.
2024-02-13 03:37:56.410 [info] > git config --get commit.template [29ms]
2024-02-13 03:37:56.410 [info] > git for-each-ref --format=%(refname)%00%(upstream:short)%00%(objectname)%00%(upstream:track)%00%(upstream:remotename)%00%(upstream:remoteref) refs/heads/master refs/remotes/master [2ms]
2024-02-13 03:37:56.438 [info] > git status -z -uall [10ms]
2024-02-13 03:38:14.795 [info] No remotes found in the git config file.
2024-02-13 03:38:14.796 [info] > git config --get commit.template [17ms]
2024-02-13 03:38:14.797 [info] > git for-each-ref --format=%(refname)%00%(upstream:short)%00%(objectname)%00%(upstream:track)%00%(upstream:remotename)%00%(upstream:remoteref) refs/heads/master refs/remotes/master [2ms]
2024-02-13 03:38:14.823 [info] > git status -z -uall [10ms]
2024-02-13 03:38:19.887 [info] > git config --get commit.template [8ms]
2024-02-13 03:38:19.928 [info] No remotes found in the git config file.
2024-02-13 03:38:19.931 [info] > git for-each-ref --format=%(refname)%00%(upstream:short)%00%(objectname)%00%(upstream:track)%00%(upstream:remotename)%00%(upstream:remoteref) refs/heads/master refs/remotes/master [4ms]
2024-02-13 03:38:19.992 [info] > git status -z -uall [24ms]
2024-02-13 03:38:25.034 [info] No remotes found in the git config file.
2024-02-13 03:38:25.035 [info] > git config --get commit.template [16ms]
2024-02-13 03:38:25.035 [info] > git for-each-ref --format=%(refname)%00%(upstream:short)%00%(objectname)%00%(upstream:track)%00%(upstream:remotename)%00%(upstream:remoteref) refs/heads/master refs/remotes/master [2ms]
2024-02-13 03:38:25.058 [info] > git status -z -uall [9ms]
2024-02-13 03:38:30.089 [info] > git config --get commit.template [5ms]
2024-02-13 03:38:30.107 [info] No remotes found in the git config file.
2024-02-13 03:38:30.109 [info] > git for-each-ref --format=%(refname)%00%(upstream:short)%00%(objectname)%00%(upstream:track)%00%(upstream:remotename)%00%(upstream:remoteref) refs/heads/master refs/remotes/master [2ms]
2024-02-13 03:38:30.141 [info] > git status -z -uall [13ms]
2024-02-13 03:38:35.186 [info] No remotes found in the git config file.
2024-02-13 03:38:35.187 [info] > git config --get commit.template [21ms]
2024-02-13 03:38:35.188 [info] > git for-each-ref --format=%(refname)%00%(upstream:short)%00%(objectname)%00%(upstream:track)%00%(upstream:remotename)%00%(upstream:remoteref) refs/heads/master refs/remotes/master [3ms]
2024-02-13 03:38:35.219 [info] > git status -z -uall [12ms]
2024-02-13 03:38:40.252 [info] > git config --get commit.template [5ms]
2024-02-13 03:38:40.252 [info] No remotes found in the git config file.
2024-02-13 03:38:40.273 [info] > git for-each-ref --format=%(refname)%00%(upstream:short)%00%(objectname)%00%(upstream:track)%00%(upstream:remotename)%00%(upstream:remoteref) refs/heads/master refs/remotes/master [2ms]
2024-02-13 03:38:40.307 [info] > git status -z -uall [14ms]
2024-02-13 03:39:28.829 [info] No remotes found in the git config file.
2024-02-13 03:39:28.831 [info] > git config --get commit.template [24ms]
2024-02-13 03:39:28.831 [info] > git for-each-ref --format=%(refname)%00%(upstream:short)%00%(objectname)%00%(upstream:track)%00%(upstream:remotename)%00%(upstream:remoteref) refs/heads/master refs/remotes/master [2ms]
2024-02-13 03:39:28.867 [info] > git status -z -uall [16ms]
2024-02-13 03:39:33.945 [info] No remotes found in the git config file.
2024-02-13 03:39:33.947 [info] > git config --get commit.template [37ms]
2024-02-13 03:39:33.953 [info] > git for-each-ref --format=%(refname)%00%(upstream:short)%00%(objectname)%00%(upstream:track)%00%(upstream:remotename)%00%(upstream:remoteref) refs/heads/master refs/remotes/master [9ms]
2024-02-13 03:39:33.991 [info] > git status -z -uall [12ms]
2024-02-13 03:39:39.021 [info] > git config --get commit.template [5ms]
2024-02-13 03:39:39.041 [info] No remotes found in the git config file.
2024-02-13 03:39:39.042 [info] > git for-each-ref --format=%(refname)%00%(upstream:short)%00%(objectname)%00%(upstream:track)%00%(upstream:remotename)%00%(upstream:remoteref) refs/heads/master refs/remotes/master [2ms]
2024-02-13 03:39:39.074 [info] > git status -z -uall [12ms]
2024-02-13 03:39:44.106 [info] > git config --get commit.template [5ms]
2024-02-13 03:39:44.127 [info] No remotes found in the git config file.
2024-02-13 03:39:44.129 [info] > git for-each-ref --format=%(refname)%00%(upstream:short)%00%(objectname)%00%(upstream:track)%00%(upstream:remotename)%00%(upstream:remoteref) refs/heads/master refs/remotes/master [2ms]
2024-02-13 03:39:44.165 [info] > git status -z -uall [13ms]
2024-02-13 03:39:49.216 [info] No remotes found in the git config file.
2024-02-13 03:39:49.218 [info] > git config --get commit.template [28ms]
2024-02-13 03:39:49.219 [info] > git for-each-ref --format=%(refname)%00%(upstream:short)%00%(objectname)%00%(upstream:track)%00%(upstream:remotename)%00%(upstream:remoteref) refs/heads/master refs/remotes/master [4ms]
2024-02-13 03:39:49.258 [info] > git status -z -uall [13ms]
2024-02-13 03:39:55.018 [info] No remotes found in the git config file.
2024-02-13 03:39:55.019 [info] > git config --get commit.template [23ms]
2024-02-13 03:39:55.020 [info] > git for-each-ref --format=%(refname)%00%(upstream:short)%00%(objectname)%00%(upstream:track)%00%(upstream:remotename)%00%(upstream:remoteref) refs/heads/master refs/remotes/master [3ms]
2024-02-13 03:39:55.054 [info] > git status -z -uall [13ms]
2024-02-13 03:40:04.945 [info] No remotes found in the git config file.
2024-02-13 03:40:04.947 [info] > git config --get commit.template [21ms]
2024-02-13 03:40:04.948 [info] > git for-each-ref --format=%(refname)%00%(upstream:short)%00%(objectname)%00%(upstream:track)%00%(upstream:remotename)%00%(upstream:remoteref) refs/heads/master refs/remotes/master [3ms]
2024-02-13 03:40:04.984 [info] > git status -z -uall [15ms]
2024-02-13 03:40:10.031 [info] No remotes found in the git config file.
2024-02-13 03:40:10.032 [info] > git config --get commit.template [23ms]
2024-02-13 03:40:10.033 [info] > git for-each-ref --format=%(refname)%00%(upstream:short)%00%(objectname)%00%(upstream:track)%00%(upstream:remotename)%00%(upstream:remoteref) refs/heads/master refs/remotes/master [2ms]
2024-02-13 03:40:10.058 [info] > git status -z -uall [9ms]
2024-02-13 03:40:15.138 [info] No remotes found in the git config file.
2024-02-13 03:40:15.140 [info] > git config --get commit.template [39ms]
2024-02-13 03:40:15.141 [info] > git for-each-ref --format=%(refname)%00%(upstream:short)%00%(objectname)%00%(upstream:track)%00%(upstream:remotename)%00%(upstream:remoteref) refs/heads/master refs/remotes/master [4ms]
2024-02-13 03:40:15.198 [info] > git status -z -uall [22ms]
2024-02-13 03:40:20.267 [info] > git config --get commit.template [13ms]
2024-02-13 03:40:20.307 [info] No remotes found in the git config file.
2024-02-13 03:40:20.311 [info] > git for-each-ref --format=%(refname)%00%(upstream:short)%00%(objectname)%00%(upstream:track)%00%(upstream:remotename)%00%(upstream:remoteref) refs/heads/master refs/remotes/master [5ms]
2024-02-13 03:40:20.372 [info] > git status -z -uall [24ms]
2024-02-13 03:40:25.417 [info] No remotes found in the git config file.
2024-02-13 03:40:25.418 [info] > git config --get commit.template [20ms]
2024-02-13 03:40:25.419 [info] > git for-each-ref --format=%(refname)%00%(upstream:short)%00%(objectname)%00%(upstream:track)%00%(upstream:remotename)%00%(upstream:remoteref) refs/heads/master refs/remotes/master [2ms]
2024-02-13 03:40:25.449 [info] > git status -z -uall [11ms]
2024-02-13 03:40:30.528 [info] > git config --get commit.template [36ms]
2024-02-13 03:40:30.529 [info] No remotes found in the git config file.
2024-02-13 03:40:30.530 [info] > git for-each-ref --format=%(refname)%00%(upstream:short)%00%(objectname)%00%(upstream:track)%00%(upstream:remotename)%00%(upstream:remoteref) refs/heads/master refs/remotes/master [4ms]
2024-02-13 03:40:30.587 [info] > git status -z -uall [21ms]
2024-02-13 03:40:35.691 [info] No remotes found in the git config file.
2024-02-13 03:40:35.693 [info] > git config --get commit.template [53ms]
2024-02-13 03:40:35.703 [info] > git for-each-ref --format=%(refname)%00%(upstream:short)%00%(objectname)%00%(upstream:track)%00%(upstream:remotename)%00%(upstream:remoteref) refs/heads/master refs/remotes/master [13ms]
2024-02-13 03:40:35.782 [info] > git status -z -uall [25ms]
2024-02-13 03:40:51.543 [info] > git config --get commit.template [39ms]
2024-02-13 03:40:51.544 [info] No remotes found in the git config file.
2024-02-13 03:40:51.545 [info] > git for-each-ref --format=%(refname)%00%(upstream:short)%00%(objectname)%00%(upstream:track)%00%(upstream:remotename)%00%(upstream:remoteref) refs/heads/master refs/remotes/master [4ms]
2024-02-13 03:40:51.602 [info] > git status -z -uall [21ms]
2024-02-13 03:40:56.694 [info] No remotes found in the git config file.
2024-02-13 03:40:56.697 [info] > git config --get commit.template [44ms]
2024-02-13 03:40:56.698 [info] > git for-each-ref --format=%(refname)%00%(upstream:short)%00%(objectname)%00%(upstream:track)%00%(upstream:remotename)%00%(upstream:remoteref) refs/heads/master refs/remotes/master [5ms]
2024-02-13 03:40:56.764 [info] > git status -z -uall [27ms]
2024-02-13 03:41:09.392 [info] No remotes found in the git config file.
2024-02-13 03:41:09.394 [info] > git config --get commit.template [43ms]
2024-02-13 03:41:09.395 [info] > git for-each-ref --format=%(refname)%00%(upstream:short)%00%(objectname)%00%(upstream:track)%00%(upstream:remotename)%00%(upstream:remoteref) refs/heads/master refs/remotes/master [5ms]
2024-02-13 03:41:09.457 [info] > git status -z -uall [23ms]
2024-02-13 03:42:17.213 [info] No remotes found in the git config file.
2024-02-13 03:42:17.220 [info] > git config --get commit.template [46ms]
2024-02-13 03:42:17.221 [info] > git for-each-ref --format=%(refname)%00%(upstream:short)%00%(objectname)%00%(upstream:track)%00%(upstream:remotename)%00%(upstream:remoteref) refs/heads/master refs/remotes/master [9ms]
2024-02-13 03:42:17.286 [info] > git status -z -uall [28ms]
2024-02-13 03:42:22.393 [info] > git config --get commit.template [47ms]
2024-02-13 03:42:22.393 [info] No remotes found in the git config file.
2024-02-13 03:42:22.396 [info] > git for-each-ref --format=%(refname)%00%(upstream:short)%00%(objectname)%00%(upstream:track)%00%(upstream:remotename)%00%(upstream:remoteref) refs/heads/master refs/remotes/master [6ms]
2024-02-13 03:42:22.464 [info] > git status -z -uall [25ms]
2024-02-13 03:42:27.564 [info] No remotes found in the git config file.
2024-02-13 03:42:27.566 [info] > git config --get commit.template [40ms]
2024-02-13 03:42:27.569 [info] > git for-each-ref --format=%(refname)%00%(upstream:short)%00%(objectname)%00%(upstream:track)%00%(upstream:remotename)%00%(upstream:remoteref) refs/heads/master refs/remotes/master [5ms]
2024-02-13 03:42:27.634 [info] > git status -z -uall [27ms]
2024-02-13 03:42:32.731 [info] No remotes found in the git config file.
2024-02-13 03:42:32.733 [info] > git config --get commit.template [42ms]
2024-02-13 03:42:32.734 [info] > git for-each-ref --format=%(refname)%00%(upstream:short)%00%(objectname)%00%(upstream:track)%00%(upstream:remotename)%00%(upstream:remoteref) refs/heads/master refs/remotes/master [4ms]
2024-02-13 03:42:32.789 [info] > git status -z -uall [21ms]
2024-02-13 03:42:45.821 [info] No remotes found in the git config file.
2024-02-13 03:42:45.824 [info] > git config --get commit.template [58ms]
2024-02-13 03:42:45.832 [info] > git for-each-ref --format=%(refname)%00%(upstream:short)%00%(objectname)%00%(upstream:track)%00%(upstream:remotename)%00%(upstream:remoteref) refs/heads/master refs/remotes/master [11ms]
2024-02-13 03:42:45.905 [info] > git status -z -uall [27ms]
2024-02-13 03:42:51.009 [info] No remotes found in the git config file.
2024-02-13 03:42:51.011 [info] > git config --get commit.template [44ms]
2024-02-13 03:42:51.012 [info] > git for-each-ref --format=%(refname)%00%(upstream:short)%00%(objectname)%00%(upstream:track)%00%(upstream:remotename)%00%(upstream:remoteref) refs/heads/master refs/remotes/master [4ms]
2024-02-13 03:42:51.078 [info] > git status -z -uall [24ms]
2024-02-13 03:42:56.132 [info] No remotes found in the git config file.
2024-02-13 03:42:56.133 [info] > git config --get commit.template [22ms]
2024-02-13 03:42:56.137 [info] > git for-each-ref --format=%(refname)%00%(upstream:short)%00%(objectname)%00%(upstream:track)%00%(upstream:remotename)%00%(upstream:remoteref) refs/heads/master refs/remotes/master [6ms]
2024-02-13 03:42:56.172 [info] > git status -z -uall [14ms]
2024-02-13 03:43:01.220 [info] No remotes found in the git config file.
2024-02-13 03:43:01.221 [info] > git config --get commit.template [21ms]
2024-02-13 03:43:01.222 [info] > git for-each-ref --format=%(refname)%00%(upstream:short)%00%(objectname)%00%(upstream:track)%00%(upstream:remotename)%00%(upstream:remoteref) refs/heads/master refs/remotes/master [2ms]
2024-02-13 03:43:01.249 [info] > git status -z -uall [12ms]
2024-02-13 03:43:06.348 [info] No remotes found in the git config file.
2024-02-13 03:43:06.350 [info] > git config --get commit.template [56ms]
2024-02-13 03:43:06.354 [info] > git for-each-ref --format=%(refname)%00%(upstream:short)%00%(objectname)%00%(upstream:track)%00%(upstream:remotename)%00%(upstream:remoteref) refs/heads/master refs/remotes/master [7ms]
2024-02-13 03:43:06.419 [info] > git status -z -uall [29ms]
2024-02-13 03:43:11.525 [info] No remotes found in the git config file.
2024-02-13 03:43:11.527 [info] > git config --get commit.template [51ms]
2024-02-13 03:43:11.529 [info] > git for-each-ref --format=%(refname)%00%(upstream:short)%00%(objectname)%00%(upstream:track)%00%(upstream:remotename)%00%(upstream:remoteref) refs/heads/master refs/remotes/master [5ms]
2024-02-13 03:43:11.599 [info] > git status -z -uall [26ms]
2024-02-13 03:43:16.695 [info] No remotes found in the git config file.
2024-02-13 03:43:16.697 [info] > git config --get commit.template [43ms]
2024-02-13 03:43:16.698 [info] > git for-each-ref --format=%(refname)%00%(upstream:short)%00%(objectname)%00%(upstream:track)%00%(upstream:remotename)%00%(upstream:remoteref) refs/heads/master refs/remotes/master [5ms]
2024-02-13 03:43:16.757 [info] > git status -z -uall [24ms]
2024-02-13 03:43:21.877 [info] No remotes found in the git config file.
2024-02-13 03:43:21.881 [info] > git config --get commit.template [60ms]
2024-02-13 03:43:21.884 [info] > git for-each-ref --format=%(refname)%00%(upstream:short)%00%(objectname)%00%(upstream:track)%00%(upstream:remotename)%00%(upstream:remoteref) refs/heads/master refs/remotes/master [8ms]
2024-02-13 03:43:21.950 [info] > git status -z -uall [27ms]
2024-02-13 03:43:27.046 [info] No remotes found in the git config file.
2024-02-13 03:43:27.048 [info] > git config --get commit.template [39ms]
2024-02-13 03:43:27.049 [info] > git for-each-ref --format=%(refname)%00%(upstream:short)%00%(objectname)%00%(upstream:track)%00%(upstream:remotename)%00%(upstream:remoteref) refs/heads/master refs/remotes/master [4ms]
2024-02-13 03:43:27.108 [info] > git status -z -uall [23ms]
2024-02-13 03:45:24.446 [info] No remotes found in the git config file.
2024-02-13 03:45:24.447 [info] > git config --get commit.template [21ms]
2024-02-13 03:45:24.447 [info] > git for-each-ref --format=%(refname)%00%(upstream:short)%00%(objectname)%00%(upstream:track)%00%(upstream:remotename)%00%(upstream:remoteref) refs/heads/master refs/remotes/master [2ms]
2024-02-13 03:45:24.475 [info] > git status -z -uall [11ms]
2024-02-13 03:45:29.586 [info] No remotes found in the git config file.
2024-02-13 03:45:29.588 [info] > git config --get commit.template [53ms]
2024-02-13 03:45:29.590 [info] > git for-each-ref --format=%(refname)%00%(upstream:short)%00%(objectname)%00%(upstream:track)%00%(upstream:remotename)%00%(upstream:remoteref) refs/heads/master refs/remotes/master [6ms]
2024-02-13 03:45:29.692 [info] > git status -z -uall [55ms]
2024-02-13 03:45:34.799 [info] > git config --get commit.template [45ms]
2024-02-13 03:45:34.800 [info] No remotes found in the git config file.
2024-02-13 03:45:34.801 [info] > git for-each-ref --format=%(refname)%00%(upstream:short)%00%(objectname)%00%(upstream:track)%00%(upstream:remotename)%00%(upstream:remoteref) refs/heads/master refs/remotes/master [5ms]
2024-02-13 03:45:34.865 [info] > git status -z -uall [23ms]
2024-02-13 03:45:39.967 [info] No remotes found in the git config file.
2024-02-13 03:45:39.970 [info] > git config --get commit.template [46ms]
2024-02-13 03:45:39.971 [info] > git for-each-ref --format=%(refname)%00%(upstream:short)%00%(objectname)%00%(upstream:track)%00%(upstream:remotename)%00%(upstream:remoteref) refs/heads/master refs/remotes/master [5ms]
2024-02-13 03:45:40.061 [info] > git status -z -uall [39ms]
2024-02-13 03:45:45.154 [info] No remotes found in the git config file.
2024-02-13 03:45:45.158 [info] > git config --get commit.template [43ms]
2024-02-13 03:45:45.162 [info] > git for-each-ref --format=%(refname)%00%(upstream:short)%00%(objectname)%00%(upstream:track)%00%(upstream:remotename)%00%(upstream:remoteref) refs/heads/master refs/remotes/master [9ms]
2024-02-13 03:45:45.225 [info] > git status -z -uall [23ms]
2024-02-13 03:45:50.322 [info] No remotes found in the git config file.
2024-02-13 03:45:50.325 [info] > git config --get commit.template [42ms]
2024-02-13 03:45:50.326 [info] > git for-each-ref --format=%(refname)%00%(upstream:short)%00%(objectname)%00%(upstream:track)%00%(upstream:remotename)%00%(upstream:remoteref) refs/heads/master refs/remotes/master [4ms]
2024-02-13 03:45:50.386 [info] > git status -z -uall [25ms]
2024-02-13 03:45:55.504 [info] No remotes found in the git config file.
2024-02-13 03:45:55.507 [info] > git config --get commit.template [55ms]
2024-02-13 03:45:55.508 [info] > git for-each-ref --format=%(refname)%00%(upstream:short)%00%(objectname)%00%(upstream:track)%00%(upstream:remotename)%00%(upstream:remoteref) refs/heads/master refs/remotes/master [5ms]
2024-02-13 03:45:55.596 [info] > git status -z -uall [42ms]
2024-02-13 03:46:04.855 [info] No remotes found in the git config file.
2024-02-13 03:46:04.863 [info] > git config --get commit.template [57ms]
2024-02-13 03:46:04.865 [info] > git for-each-ref --format=%(refname)%00%(upstream:short)%00%(objectname)%00%(upstream:track)%00%(upstream:remotename)%00%(upstream:remoteref) refs/heads/master refs/remotes/master [11ms]
2024-02-13 03:46:04.936 [info] > git status -z -uall [28ms]
2024-02-13 03:46:11.454 [info] No remotes found in the git config file.
2024-02-13 03:46:11.455 [info] > git config --get commit.template [51ms]
2024-02-13 03:46:11.457 [info] > git for-each-ref --format=%(refname)%00%(upstream:short)%00%(objectname)%00%(upstream:track)%00%(upstream:remotename)%00%(upstream:remoteref) refs/heads/master refs/remotes/master [3ms]
2024-02-13 03:46:11.498 [info] > git status -z -uall [16ms]
2024-02-13 03:46:20.793 [info] No remotes found in the git config file.
2024-02-13 03:46:20.794 [info] > git config --get commit.template [45ms]
2024-02-13 03:46:20.796 [info] > git for-each-ref --format=%(refname)%00%(upstream:short)%00%(objectname)%00%(upstream:track)%00%(upstream:remotename)%00%(upstream:remoteref) refs/heads/master refs/remotes/master [4ms]
2024-02-13 03:46:20.866 [info] > git status -z -uall [27ms]
2024-02-13 03:46:29.079 [info] > git config --get commit.template [21ms]
2024-02-13 03:46:29.080 [info] No remotes found in the git config file.
2024-02-13 03:46:29.080 [info] > git for-each-ref --format=%(refname)%00%(upstream:short)%00%(objectname)%00%(upstream:track)%00%(upstream:remotename)%00%(upstream:remoteref) refs/heads/master refs/remotes/master [2ms]
2024-02-13 03:46:29.112 [info] > git status -z -uall [12ms]
2024-02-13 03:46:34.538 [info] > git config --get commit.template [1ms]
2024-02-13 03:46:34.554 [info] No remotes found in the git config file.
2024-02-13 03:46:34.555 [info] > git for-each-ref --format=%(refname)%00%(upstream:short)%00%(objectname)%00%(upstream:track)%00%(upstream:remotename)%00%(upstream:remoteref) refs/heads/master refs/remotes/master [1ms]
2024-02-13 03:46:34.583 [info] > git status -z -uall [11ms]
2024-02-13 03:46:39.645 [info] > git config --get commit.template [9ms]
2024-02-13 03:46:39.685 [info] No remotes found in the git config file.
2024-02-13 03:46:39.688 [info] > git for-each-ref --format=%(refname)%00%(upstream:short)%00%(objectname)%00%(upstream:track)%00%(upstream:remotename)%00%(upstream:remoteref) refs/heads/master refs/remotes/master [4ms]
2024-02-13 03:46:39.751 [info] > git status -z -uall [26ms]
2024-02-13 03:46:44.812 [info] > git config --get commit.template [8ms]
2024-02-13 03:46:44.853 [info] No remotes found in the git config file.
2024-02-13 03:46:44.856 [info] > git for-each-ref --format=%(refname)%00%(upstream:short)%00%(objectname)%00%(upstream:track)%00%(upstream:remotename)%00%(upstream:remoteref) refs/heads/master refs/remotes/master [3ms]
2024-02-13 03:46:44.920 [info] > git status -z -uall [28ms]
2024-02-13 03:46:50.011 [info] No remotes found in the git config file.
2024-02-13 03:46:50.018 [info] > git config --get commit.template [47ms]
2024-02-13 03:46:50.020 [info] > git for-each-ref --format=%(refname)%00%(upstream:short)%00%(objectname)%00%(upstream:track)%00%(upstream:remotename)%00%(upstream:remoteref) refs/heads/master refs/remotes/master [10ms]
2024-02-13 03:46:50.085 [info] > git status -z -uall [27ms]
2024-02-13 03:46:55.190 [info] > git config --get commit.template [7ms]
2024-02-13 03:46:55.231 [info] No remotes found in the git config file.
2024-02-13 03:46:55.235 [info] > git for-each-ref --format=%(refname)%00%(upstream:short)%00%(objectname)%00%(upstream:track)%00%(upstream:remotename)%00%(upstream:remoteref) refs/heads/master refs/remotes/master [5ms]
2024-02-13 03:46:55.304 [info] > git status -z -uall [30ms]
2024-02-13 03:47:00.371 [info] > git config --get commit.template [10ms]
2024-02-13 03:47:00.416 [info] No remotes found in the git config file.
2024-02-13 03:47:00.421 [info] > git for-each-ref --format=%(refname)%00%(upstream:short)%00%(objectname)%00%(upstream:track)%00%(upstream:remotename)%00%(upstream:remoteref) refs/heads/master refs/remotes/master [6ms]
2024-02-13 03:47:00.484 [info] > git status -z -uall [23ms]
2024-02-13 03:47:07.544 [info] No remotes found in the git config file.
2024-02-13 03:47:07.548 [info] > git config --get commit.template [57ms]
2024-02-13 03:47:07.552 [info] > git for-each-ref --format=%(refname)%00%(upstream:short)%00%(objectname)%00%(upstream:track)%00%(upstream:remotename)%00%(upstream:remoteref) refs/heads/master refs/remotes/master [9ms]
2024-02-13 03:47:07.632 [info] > git status -z -uall [29ms]
2024-02-13 03:47:12.739 [info] No remotes found in the git config file.
2024-02-13 03:47:12.742 [info] > git config --get commit.template [49ms]
2024-02-13 03:47:12.744 [info] > git for-each-ref --format=%(refname)%00%(upstream:short)%00%(objectname)%00%(upstream:track)%00%(upstream:remotename)%00%(upstream:remoteref) refs/heads/master refs/remotes/master [6ms]
2024-02-13 03:47:12.811 [info] > git status -z -uall [27ms]
2024-02-13 03:47:17.902 [info] No remotes found in the git config file.
2024-02-13 03:47:17.904 [info] > git config --get commit.template [40ms]
2024-02-13 03:47:17.905 [info] > git for-each-ref --format=%(refname)%00%(upstream:short)%00%(objectname)%00%(upstream:track)%00%(upstream:remotename)%00%(upstream:remoteref) refs/heads/master refs/remotes/master [4ms]
2024-02-13 03:47:17.968 [info] > git status -z -uall [23ms]
2024-02-13 03:47:23.086 [info] No remotes found in the git config file.
2024-02-13 03:47:23.089 [info] > git config --get commit.template [59ms]
2024-02-13 03:47:23.092 [info] > git for-each-ref --format=%(refname)%00%(upstream:short)%00%(objectname)%00%(upstream:track)%00%(upstream:remotename)%00%(upstream:remoteref) refs/heads/master refs/remotes/master [6ms]
2024-02-13 03:47:23.176 [info] > git status -z -uall [34ms]
2024-02-13 03:47:37.110 [info] > git rev-parse --show-toplevel [3ms]
2024-02-13 03:47:52.458 [info] > git rev-parse --show-toplevel [3ms]
2024-02-13 03:48:04.142 [info] > git rev-parse --show-toplevel [11ms]
2024-02-13 03:48:19.289 [info] > git rev-parse --show-toplevel [8ms]
2024-02-13 03:48:28.228 [info] > git rev-parse --show-toplevel [11ms]
2024-02-13 03:48:34.960 [info] > git rev-parse --show-toplevel [4ms]
2024-02-13 03:48:43.283 [info] > git rev-parse --show-toplevel [3ms]
2024-02-13 03:49:50.775 [info] No remotes found in the git config file.
2024-02-13 03:49:50.777 [info] > git config --get commit.template [40ms]
2024-02-13 03:49:50.779 [info] > git for-each-ref --format=%(refname)%00%(upstream:short)%00%(objectname)%00%(upstream:track)%00%(upstream:remotename)%00%(upstream:remoteref) refs/heads/master refs/remotes/master [5ms]
2024-02-13 03:49:50.851 [info] > git status -z -uall [32ms]
2024-02-13 03:50:08.601 [info] > git config --get commit.template [6ms]
2024-02-13 03:50:08.619 [info] No remotes found in the git config file.
2024-02-13 03:50:08.620 [info] > git for-each-ref --format=%(refname)%00%(upstream:short)%00%(objectname)%00%(upstream:track)%00%(upstream:remotename)%00%(upstream:remoteref) refs/heads/master refs/remotes/master [2ms]
2024-02-13 03:50:08.650 [info] > git status -z -uall [12ms]
2024-02-13 03:50:13.704 [info] > git config --get commit.template [5ms]
2024-02-13 03:50:13.744 [info] No remotes found in the git config file.
2024-02-13 03:50:13.752 [info] > git for-each-ref --format=%(refname)%00%(upstream:short)%00%(objectname)%00%(upstream:track)%00%(upstream:remotename)%00%(upstream:remoteref) refs/heads/master refs/remotes/master [8ms]
2024-02-13 03:50:13.816 [info] > git status -z -uall [24ms]
2024-02-13 03:50:18.908 [info] No remotes found in the git config file.
2024-02-13 03:50:18.910 [info] > git config --get commit.template [40ms]
2024-02-13 03:50:18.911 [info] > git for-each-ref --format=%(refname)%00%(upstream:short)%00%(objectname)%00%(upstream:track)%00%(upstream:remotename)%00%(upstream:remoteref) refs/heads/master refs/remotes/master [5ms]
2024-02-13 03:50:18.968 [info] > git status -z -uall [24ms]
2024-02-13 03:50:24.063 [info] > git config --get commit.template [43ms]
2024-02-13 03:50:24.064 [info] No remotes found in the git config file.
2024-02-13 03:50:24.066 [info] > git for-each-ref --format=%(refname)%00%(upstream:short)%00%(objectname)%00%(upstream:track)%00%(upstream:remotename)%00%(upstream:remoteref) refs/heads/master refs/remotes/master [5ms]
2024-02-13 03:50:24.129 [info] > git status -z -uall [25ms]
2024-02-13 03:51:53.217 [info] No remotes found in the git config file.
2024-02-13 03:51:53.219 [info] > git config --get commit.template [44ms]
2024-02-13 03:51:53.225 [info] > git for-each-ref --format=%(refname)%00%(upstream:short)%00%(objectname)%00%(upstream:track)%00%(upstream:remotename)%00%(upstream:remoteref) refs/heads/master refs/remotes/master [9ms]
2024-02-13 03:51:53.284 [info] > git status -z -uall [24ms]
2024-02-13 03:51:58.382 [info] No remotes found in the git config file.
2024-02-13 03:51:58.384 [info] > git config --get commit.template [45ms]
2024-02-13 03:51:58.386 [info] > git for-each-ref --format=%(refname)%00%(upstream:short)%00%(objectname)%00%(upstream:track)%00%(upstream:remotename)%00%(upstream:remoteref) refs/heads/master refs/remotes/master [4ms]
2024-02-13 03:51:58.448 [info] > git status -z -uall [23ms]
2024-02-13 03:52:01.060 [info] > git show --textconv :src/SimpleStorage.sol [21ms]
2024-02-13 03:52:01.062 [info] > git ls-files --stage -- /home/starwar/solidity/foundry_f24/foundry-simple-storage-f24/src/SimpleStorage.sol [3ms]
2024-02-13 03:52:08.889 [info] No remotes found in the git config file.
2024-02-13 03:52:08.891 [info] > git config --get commit.template [50ms]
2024-02-13 03:52:08.893 [info] > git for-each-ref --format=%(refname)%00%(upstream:short)%00%(objectname)%00%(upstream:track)%00%(upstream:remotename)%00%(upstream:remoteref) refs/heads/master refs/remotes/master [5ms]
2024-02-13 03:52:08.960 [info] > git status -z -uall [25ms]
2024-02-13 03:52:14.117 [info] No remotes found in the git config file.
2024-02-13 03:52:14.119 [info] > git config --get commit.template [40ms]
2024-02-13 03:52:14.120 [info] > git for-each-ref --format=%(refname)%00%(upstream:short)%00%(objectname)%00%(upstream:track)%00%(upstream:remotename)%00%(upstream:remoteref) refs/heads/master refs/remotes/master [3ms]
2024-02-13 03:52:14.180 [info] > git status -z -uall [26ms]
2024-02-13 03:52:15.937 [info] > git show --textconv :script/DeploySimpleStorage.s.sol [48ms]
2024-02-13 03:52:15.943 [info] > git ls-files --stage -- /home/starwar/solidity/foundry_f24/foundry-simple-storage-f24/script/DeploySimpleStorage.s.sol [12ms]
2024-02-13 03:52:56.055 [info] No remotes found in the git config file.
2024-02-13 03:52:56.056 [info] > git config --get commit.template [10ms]
2024-02-13 03:52:56.056 [info] > git for-each-ref --format=%(refname)%00%(upstream:short)%00%(objectname)%00%(upstream:track)%00%(upstream:remotename)%00%(upstream:remoteref) refs/heads/master refs/remotes/master [1ms]
2024-02-13 03:52:56.070 [info] > git status -z -uall [6ms]
2024-02-13 03:53:06.631 [info] > git show --textconv :src/SimpleStorage.sol [10ms]
2024-02-13 03:53:06.633 [info] > git ls-files --stage -- /home/starwar/solidity/foundry_f24/foundry-simple-storage-f24/src/SimpleStorage.sol [3ms]
2024-02-13 03:53:08.118 [info] > git show --textconv :script/DeploySimpleStorage.s.sol [13ms]
2024-02-13 03:53:08.122 [info] > git ls-files --stage -- /home/starwar/solidity/foundry_f24/foundry-simple-storage-f24/script/DeploySimpleStorage.s.sol [6ms]
2024-02-13 04:13:52.126 [info] > git config --get commit.template [1ms]
2024-02-13 04:13:52.136 [info] No remotes found in the git config file.
2024-02-13 04:13:52.136 [info] > git for-each-ref --format=%(refname)%00%(upstream:short)%00%(objectname)%00%(upstream:track)%00%(upstream:remotename)%00%(upstream:remoteref) refs/heads/master refs/remotes/master [1ms]
2024-02-13 04:13:52.152 [info] > git status -z -uall [6ms]
2024-02-13 04:13:58.961 [info] > git config --get commit.template [2ms]
2024-02-13 04:13:58.971 [info] No remotes found in the git config file.
2024-02-13 04:13:58.972 [info] > git for-each-ref --format=%(refname)%00%(upstream:short)%00%(objectname)%00%(upstream:track)%00%(upstream:remotename)%00%(upstream:remoteref) refs/heads/master refs/remotes/master [1ms]
2024-02-13 04:13:58.987 [info] > git status -z -uall [6ms]
2024-02-13 04:19:48.963 [info] > git show --textconv :test/.env [12ms]
2024-02-13 04:19:48.965 [info] > git ls-files --stage -- /home/starwar/solidity/foundry_f24/foundry-simple-storage-f24/test/.env [2ms]
2024-02-13 04:19:49.210 [info] > git check-ignore -v -z --stdin [2ms]
2024-02-13 04:19:49.781 [info] > git config --get commit.template [2ms]
2024-02-13 04:19:49.792 [info] No remotes found in the git config file.
2024-02-13 04:19:49.793 [info] > git for-each-ref --format=%(refname)%00%(upstream:short)%00%(objectname)%00%(upstream:track)%00%(upstream:remotename)%00%(upstream:remoteref) refs/heads/master refs/remotes/master [0ms]
2024-02-13 04:19:49.811 [info] > git status -z -uall [5ms]
2024-02-13 04:20:36.531 [info] No remotes found in the git config file.
2024-02-13 04:20:36.532 [info] > git config --get commit.template [11ms]
2024-02-13 04:20:36.532 [info] > git for-each-ref --format=%(refname)%00%(upstream:short)%00%(objectname)%00%(upstream:track)%00%(upstream:remotename)%00%(upstream:remoteref) refs/heads/master refs/remotes/master [1ms]
2024-02-13 04:20:36.546 [info] > git status -z -uall [5ms]
2024-02-13 04:20:41.954 [info] > git config --get commit.template [1ms]
2024-02-13 04:20:41.966 [info] No remotes found in the git config file.
2024-02-13 04:20:41.966 [info] > git for-each-ref --format=%(refname)%00%(upstream:short)%00%(objectname)%00%(upstream:track)%00%(upstream:remotename)%00%(upstream:remoteref) refs/heads/master refs/remotes/master [1ms]
2024-02-13 04:20:41.982 [info] > git status -z -uall [6ms]
2024-02-13 04:20:47.771 [info] > git config --get commit.template [1ms]
2024-02-13 04:20:47.781 [info] No remotes found in the git config file.
2024-02-13 04:20:47.782 [info] > git for-each-ref --format=%(refname)%00%(upstream:short)%00%(objectname)%00%(upstream:track)%00%(upstream:remotename)%00%(upstream:remoteref) refs/heads/master refs/remotes/master [1ms]
2024-02-13 04:20:47.796 [info] > git status -z -uall [5ms]
2024-02-13 04:20:52.810 [info] > git config --get commit.template [1ms]
2024-02-13 04:20:52.819 [info] No remotes found in the git config file.
2024-02-13 04:20:52.819 [info] > git for-each-ref --format=%(refname)%00%(upstream:short)%00%(objectname)%00%(upstream:track)%00%(upstream:remotename)%00%(upstream:remoteref) refs/heads/master refs/remotes/master [1ms]
2024-02-13 04:20:52.833 [info] > git status -z -uall [5ms]
2024-02-13 04:20:57.859 [info] No remotes found in the git config file.
2024-02-13 04:20:57.859 [info] > git config --get commit.template [11ms]
2024-02-13 04:20:57.860 [info] > git for-each-ref --format=%(refname)%00%(upstream:short)%00%(objectname)%00%(upstream:track)%00%(upstream:remotename)%00%(upstream:remoteref) refs/heads/master refs/remotes/master [1ms]
2024-02-13 04:20:57.874 [info] > git status -z -uall [5ms]
2024-02-13 04:21:25.482 [info] > git config --get commit.template [1ms]
2024-02-13 04:21:25.491 [info] No remotes found in the git config file.
2024-02-13 04:21:25.492 [info] > git for-each-ref --format=%(refname)%00%(upstream:short)%00%(objectname)%00%(upstream:track)%00%(upstream:remotename)%00%(upstream:remoteref) refs/heads/master refs/remotes/master [1ms]
2024-02-13 04:21:25.510 [info] > git status -z -uall [6ms]
2024-02-13 04:21:32.415 [info] > git config --get commit.template [1ms]
2024-02-13 04:21:32.424 [info] No remotes found in the git config file.
2024-02-13 04:21:32.425 [info] > git for-each-ref --format=%(refname)%00%(upstream:short)%00%(objectname)%00%(upstream:track)%00%(upstream:remotename)%00%(upstream:remoteref) refs/heads/master refs/remotes/master [1ms]
2024-02-13 04:21:32.439 [info] > git status -z -uall [5ms]
2024-02-13 04:21:37.453 [info] > git config --get commit.template [1ms]
2024-02-13 04:21:37.462 [info] No remotes found in the git config file.
2024-02-13 04:21:37.463 [info] > git for-each-ref --format=%(refname)%00%(upstream:short)%00%(objectname)%00%(upstream:track)%00%(upstream:remotename)%00%(upstream:remoteref) refs/heads/master refs/remotes/master [1ms]
2024-02-13 04:21:37.478 [info] > git status -z -uall [6ms]
2024-02-13 04:21:47.596 [info] > git config --get commit.template [1ms]
2024-02-13 04:21:47.605 [info] No remotes found in the git config file.
2024-02-13 04:21:47.606 [info] > git for-each-ref --format=%(refname)%00%(upstream:short)%00%(objectname)%00%(upstream:track)%00%(upstream:remotename)%00%(upstream:remoteref) refs/heads/master refs/remotes/master [1ms]
2024-02-13 04:21:47.621 [info] > git status -z -uall [5ms]
2024-02-13 04:21:52.646 [info] No remotes found in the git config file.
2024-02-13 04:21:52.647 [info] > git config --get commit.template [13ms]
2024-02-13 04:21:52.647 [info] > git for-each-ref --format=%(refname)%00%(upstream:short)%00%(objectname)%00%(upstream:track)%00%(upstream:remotename)%00%(upstream:remoteref) refs/heads/master refs/remotes/master [1ms]
2024-02-13 04:21:52.661 [info] > git status -z -uall [5ms]
2024-02-13 04:21:57.676 [info] > git config --get commit.template [2ms]
2024-02-13 04:21:57.686 [info] No remotes found in the git config file.
2024-02-13 04:21:57.687 [info] > git for-each-ref --format=%(refname)%00%(upstream:short)%00%(objectname)%00%(upstream:track)%00%(upstream:remotename)%00%(upstream:remoteref) refs/heads/master refs/remotes/master [1ms]
2024-02-13 04:21:57.703 [info] > git status -z -uall [5ms]
2024-02-13 04:22:02.721 [info] > git config --get commit.template [1ms]
2024-02-13 04:22:02.731 [info] No remotes found in the git config file.
2024-02-13 04:22:02.731 [info] > git for-each-ref --format=%(refname)%00%(upstream:short)%00%(objectname)%00%(upstream:track)%00%(upstream:remotename)%00%(upstream:remoteref) refs/heads/master refs/remotes/master [1ms]
2024-02-13 04:22:02.747 [info] > git status -z -uall [5ms]
2024-02-13 04:22:07.771 [info] No remotes found in the git config file.
2024-02-13 04:22:07.772 [info] > git config --get commit.template [10ms]
2024-02-13 04:22:07.772 [info] > git for-each-ref --format=%(refname)%00%(upstream:short)%00%(objectname)%00%(upstream:track)%00%(upstream:remotename)%00%(upstream:remoteref) refs/heads/master refs/remotes/master [1ms]
2024-02-13 04:22:07.786 [info] > git status -z -uall [5ms]
2024-02-13 04:22:23.274 [info] > git config --get commit.template [1ms]
2024-02-13 04:22:23.284 [info] No remotes found in the git config file.
2024-02-13 04:22:23.284 [info] > git for-each-ref --format=%(refname)%00%(upstream:short)%00%(objectname)%00%(upstream:track)%00%(upstream:remotename)%00%(upstream:remoteref) refs/heads/master refs/remotes/master [0ms]
2024-02-13 04:22:23.299 [info] > git status -z -uall [5ms]
2024-02-13 04:22:28.320 [info] > git config --get commit.template [1ms]
2024-02-13 04:22:28.329 [info] No remotes found in the git config file.
2024-02-13 04:22:28.330 [info] > git for-each-ref --format=%(refname)%00%(upstream:short)%00%(objectname)%00%(upstream:track)%00%(upstream:remotename)%00%(upstream:remoteref) refs/heads/master refs/remotes/master [1ms]
2024-02-13 04:22:28.344 [info] > git status -z -uall [5ms]
2024-02-13 04:22:33.369 [info] No remotes found in the git config file.
2024-02-13 04:22:33.370 [info] > git config --get commit.template [11ms]
2024-02-13 04:22:33.370 [info] > git for-each-ref --format=%(refname)%00%(upstream:short)%00%(objectname)%00%(upstream:track)%00%(upstream:remotename)%00%(upstream:remoteref) refs/heads/master refs/remotes/master [1ms]
2024-02-13 04:22:33.384 [info] > git status -z -uall [5ms]
2024-02-13 04:24:57.931 [info] > git show --textconv :script/DeploySimpleStorage.s.sol [10ms]
2024-02-13 04:24:57.932 [info] > git ls-files --stage -- /home/starwar/solidity/foundry_f24/foundry-simple-storage-f24/script/DeploySimpleStorage.s.sol [2ms]
2024-02-13 04:24:58.787 [info] > git config --get commit.template [1ms]
2024-02-13 04:24:58.799 [info] No remotes found in the git config file.
2024-02-13 04:24:58.799 [info] > git for-each-ref --format=%(refname)%00%(upstream:short)%00%(objectname)%00%(upstream:track)%00%(upstream:remotename)%00%(upstream:remoteref) refs/heads/master refs/remotes/master [1ms]
2024-02-13 04:24:58.816 [info] > git status -z -uall [6ms]
2024-02-13 04:25:19.472 [info] > git rev-parse --show-toplevel [9ms]
2024-02-13 04:37:29.178 [info] > git show --textconv :src/SimpleStorage.sol [12ms]
2024-02-13 04:37:29.179 [info] > git ls-files --stage -- /home/starwar/solidity/foundry_f24/foundry-simple-storage-f24/src/SimpleStorage.sol [4ms]
