[Info  - 10:23:45 PM] Solidity by Nomic Foundation Starting ...
[Info  - 10:23:45 PM] env: production
[Info  - 10:23:45 PM] Client starting
[Info  - 10:23:48 PM] Language server starting
[Info  - 10:23:48 PM]   Release: hardhat-solidity@0.7.3
[Info  - 10:23:48 PM]   Environment: production
[Info  - 10:23:48 PM]   Telemetry Enabled: true
[Info  - 10:23:48 PM]   Telemetry Tracking Id: 30985d39a9...
[Info  - 10:23:49 PM]   Workspace Folders:
[Info  - 10:23:49 PM]     starwar (file:///home/starwar)
[Info  - 10:23:49 PM] Fetching latest solidity versions
[Info  - 10:23:49 PM] Language server ready
[Info  - 10:23:49 PM] [indexing] Found projects:
[Info  - 10:23:49 PM] [indexing] -  Type: Hardhat
[Info  - 10:23:49 PM] [indexing]    Base path: /home/starwar/.vscode-server/extensions/nomicfoundation.hardhat-solidity-0.7.3/server/out
[Info  - 10:23:49 PM] [indexing]    Config file: /home/starwar/.vscode-server/extensions/nomicfoundation.hardhat-solidity-0.7.3/server/out/hardhat.config.js
[Info  - 10:23:49 PM] [indexing] -  Type: Foundry
[Info  - 10:23:49 PM] [indexing]    Base path: /home/starwar
[Info  - 10:23:49 PM] [indexing]    Config file: /home/starwar/foundry.toml
[Info  - 10:23:50 PM] [indexing] -  Type: Foundry
[Info  - 10:23:50 PM] [indexing]    Base path: /home/starwar/solidity/foundry_f24/foundry-simple-storage-f24
[Info  - 10:23:50 PM] [indexing]    Config file: /home/starwar/solidity/foundry_f24/foundry-simple-storage-f24/foundry.toml
[Info  - 10:23:50 PM] [indexing] Initializing /home/starwar/.vscode-server/extensions/nomicfoundation.hardhat-solidity-0.7.3/server/out/hardhat.config.js
[Info  - 10:23:50 PM] [out] Error loading HRE: Error: Cannot find module 'hardhat'
Require stack:
- /home/starwar/.vscode-server/extensions/nomicfoundation.hardhat-solidity-0.7.3/server/out/worker/WorkerProcess.js
[Info  - 10:23:50 PM] [out] Child process exited: 1
[Info  - 10:23:50 PM] [indexing] Done /home/starwar/.vscode-server/extensions/nomicfoundation.hardhat-solidity-0.7.3/server/out/hardhat.config.js
[Info  - 10:23:50 PM] [indexing] Initializing /home/starwar/foundry.toml
[Info  - 10:23:50 PM] [indexing] Done /home/starwar/foundry.toml
[Info  - 10:23:50 PM] [indexing] Initializing /home/starwar/solidity/foundry_f24/foundry-simple-storage-f24/foundry.toml
[Info  - 10:23:50 PM] [indexing] Done /home/starwar/solidity/foundry_f24/foundry-simple-storage-f24/foundry.toml
[Info  - 10:23:50 PM] [indexing] Scanning workspace folders for sol files
[Info  - 10:23:50 PM] [indexing] Scan complete, 81 sol files found
[Info  - 10:23:50 PM] [indexing] Analyzing 2 solidity files
