2024-02-13 04:54:57.476 [info] Log level: Info
2024-02-13 04:54:57.476 [info] Validating found git in: "git"
2024-02-13 04:54:57.476 [info] Using git "2.34.1" from "git"
2024-02-13 04:54:57.476 [info] > git rev-parse --show-toplevel [167ms]
2024-02-13 04:54:57.476 [info] > git rev-parse --git-dir --git-common-dir [47ms]
2024-02-13 04:54:57.476 [info] Open repository: /home/starwar
2024-02-13 04:54:57.637 [info] > git rev-parse --show-toplevel [131ms]
2024-02-13 04:54:57.639 [info] > git config --get commit.template [148ms]
2024-02-13 04:54:57.673 [info] No remotes found in the git config file.
2024-02-13 04:54:57.674 [info] > git rev-parse --show-toplevel [19ms]
2024-02-13 04:54:57.689 [info] > git for-each-ref --format=%(refname)%00%(upstream:short)%00%(objectname)%00%(upstream:track)%00%(upstream:remotename)%00%(upstream:remoteref) refs/heads/master refs/remotes/master [16ms]
2024-02-13 04:54:57.689 [warning] No such branch: master.
2024-02-13 04:54:57.706 [info] > git rev-parse --show-toplevel [18ms]
2024-02-13 04:54:57.741 [info] > git status -z -uall [41ms]
2024-02-13 04:54:57.741 [info] > git rev-parse --show-toplevel [24ms]
2024-02-13 04:54:57.850 [info] > git config --get commit.template [17ms]
2024-02-13 04:54:57.850 [info] > git rev-parse --show-toplevel [35ms]
2024-02-13 04:54:58.164 [info] No remotes found in the git config file.
2024-02-13 04:54:58.167 [info] > git check-ignore -v -z --stdin [23ms]
2024-02-13 04:54:58.170 [info] > git rev-parse --show-toplevel [94ms]
2024-02-13 04:54:58.182 [info] > git for-each-ref --format=%(refname)%00%(upstream:short)%00%(objectname)%00%(upstream:track)%00%(upstream:remotename)%00%(upstream:remoteref) refs/heads/master refs/remotes/master [19ms]
2024-02-13 04:54:58.182 [warning] No such branch: master.
2024-02-13 04:54:58.204 [info] > git rev-parse --show-toplevel [23ms]
2024-02-13 04:54:58.405 [info] > git status -z -uall [205ms]
2024-02-13 04:54:58.406 [info] > git rev-parse --show-toplevel [191ms]
2024-02-13 04:54:58.490 [info] > git rev-parse --show-toplevel [55ms]
2024-02-13 04:54:58.519 [info] > git rev-parse --show-toplevel [18ms]
2024-02-13 04:54:58.747 [info] > git rev-parse --show-toplevel [26ms]
2024-02-13 04:54:58.819 [info] > git show --textconv :src/Counter.sol [60ms]
2024-02-13 04:54:58.870 [info] > git ls-files --stage -- /home/starwar/src/Counter.sol [99ms]
2024-02-13 04:55:03.492 [info] > git config --get commit.template [1ms]
2024-02-13 04:55:03.501 [info] No remotes found in the git config file.
2024-02-13 04:55:03.502 [info] > git for-each-ref --format=%(refname)%00%(upstream:short)%00%(objectname)%00%(upstream:track)%00%(upstream:remotename)%00%(upstream:remoteref) refs/heads/master refs/remotes/master [1ms]
2024-02-13 04:55:03.502 [warning] No such branch: master.
2024-02-13 04:55:03.517 [info] > git status -z -uall [7ms]
2024-02-13 04:55:08.558 [info] > git config --get commit.template [10ms]
2024-02-13 04:55:08.558 [info] No remotes found in the git config file.
2024-02-13 04:55:08.559 [info] > git for-each-ref --format=%(refname)%00%(upstream:short)%00%(objectname)%00%(upstream:track)%00%(upstream:remotename)%00%(upstream:remoteref) refs/heads/master refs/remotes/master [2ms]
2024-02-13 04:55:08.559 [warning] No such branch: master.
2024-02-13 04:55:08.575 [info] > git status -z -uall [8ms]
2024-02-13 04:55:13.612 [info] > git config --get commit.template [10ms]
2024-02-13 04:55:13.612 [info] No remotes found in the git config file.
2024-02-13 04:55:13.613 [info] > git for-each-ref --format=%(refname)%00%(upstream:short)%00%(objectname)%00%(upstream:track)%00%(upstream:remotename)%00%(upstream:remoteref) refs/heads/master refs/remotes/master [2ms]
2024-02-13 04:55:13.613 [warning] No such branch: master.
2024-02-13 04:55:13.629 [info] > git status -z -uall [7ms]
2024-02-13 04:55:18.666 [info] > git config --get commit.template [9ms]
2024-02-13 04:55:18.666 [info] No remotes found in the git config file.
2024-02-13 04:55:18.666 [info] > git for-each-ref --format=%(refname)%00%(upstream:short)%00%(objectname)%00%(upstream:track)%00%(upstream:remotename)%00%(upstream:remoteref) refs/heads/master refs/remotes/master [1ms]
2024-02-13 04:55:18.667 [warning] No such branch: master.
2024-02-13 04:55:18.681 [info] > git status -z -uall [6ms]
2024-02-13 04:55:23.574 [info] > git check-ignore -v -z --stdin [1ms]
2024-02-13 04:55:23.709 [info] > git config --get commit.template [2ms]
2024-02-13 04:55:23.718 [info] No remotes found in the git config file.
2024-02-13 04:55:23.719 [info] > git for-each-ref --format=%(refname)%00%(upstream:short)%00%(objectname)%00%(upstream:track)%00%(upstream:remotename)%00%(upstream:remoteref) refs/heads/master refs/remotes/master [1ms]
2024-02-13 04:55:23.719 [warning] No such branch: master.
2024-02-13 04:55:23.733 [info] > git status -z -uall [6ms]
2024-02-13 04:55:26.598 [info] > git check-ignore -v -z --stdin [1ms]
2024-02-13 04:55:28.761 [info] No remotes found in the git config file.
2024-02-13 04:55:28.770 [info] > git config --get commit.template [10ms]
2024-02-13 04:55:28.770 [info] > git for-each-ref --format=%(refname)%00%(upstream:short)%00%(objectname)%00%(upstream:track)%00%(upstream:remotename)%00%(upstream:remoteref) refs/heads/master refs/remotes/master [1ms]
2024-02-13 04:55:28.770 [warning] No such branch: master.
2024-02-13 04:55:28.785 [info] > git status -z -uall [6ms]
2024-02-13 04:55:33.824 [info] No remotes found in the git config file.
2024-02-13 04:55:33.825 [info] > git config --get commit.template [11ms]
2024-02-13 04:55:33.825 [info] > git for-each-ref --format=%(refname)%00%(upstream:short)%00%(objectname)%00%(upstream:track)%00%(upstream:remotename)%00%(upstream:remoteref) refs/heads/master refs/remotes/master [2ms]
2024-02-13 04:55:33.825 [warning] No such branch: master.
2024-02-13 04:55:33.843 [info] > git status -z -uall [8ms]
2024-02-13 04:55:38.870 [info] > git config --get commit.template [1ms]
2024-02-13 04:55:38.880 [info] No remotes found in the git config file.
2024-02-13 04:55:38.881 [info] > git for-each-ref --format=%(refname)%00%(upstream:short)%00%(objectname)%00%(upstream:track)%00%(upstream:remotename)%00%(upstream:remoteref) refs/heads/master refs/remotes/master [1ms]
2024-02-13 04:55:38.881 [warning] No such branch: master.
2024-02-13 04:55:38.899 [info] > git status -z -uall [9ms]
2024-02-13 04:55:43.924 [info] > git config --get commit.template [1ms]
2024-02-13 04:55:43.934 [info] No remotes found in the git config file.
2024-02-13 04:55:43.934 [info] > git for-each-ref --format=%(refname)%00%(upstream:short)%00%(objectname)%00%(upstream:track)%00%(upstream:remotename)%00%(upstream:remoteref) refs/heads/master refs/remotes/master [1ms]
2024-02-13 04:55:43.934 [warning] No such branch: master.
2024-02-13 04:55:43.949 [info] > git status -z -uall [6ms]
2024-02-13 04:55:48.984 [info] > git config --get commit.template [9ms]
2024-02-13 04:55:48.985 [info] No remotes found in the git config file.
2024-02-13 04:55:48.985 [info] > git for-each-ref --format=%(refname)%00%(upstream:short)%00%(objectname)%00%(upstream:track)%00%(upstream:remotename)%00%(upstream:remoteref) refs/heads/master refs/remotes/master [1ms]
2024-02-13 04:55:48.985 [warning] No such branch: master.
2024-02-13 04:55:49.001 [info] > git status -z -uall [6ms]
2024-02-13 04:55:54.037 [info] No remotes found in the git config file.
2024-02-13 04:55:54.038 [info] > git config --get commit.template [11ms]
2024-02-13 04:55:54.038 [info] > git for-each-ref --format=%(refname)%00%(upstream:short)%00%(objectname)%00%(upstream:track)%00%(upstream:remotename)%00%(upstream:remoteref) refs/heads/master refs/remotes/master [1ms]
2024-02-13 04:55:54.038 [warning] No such branch: master.
2024-02-13 04:55:54.053 [info] > git status -z -uall [6ms]
2024-02-13 04:55:59.089 [info] > git config --get commit.template [9ms]
2024-02-13 04:55:59.089 [info] No remotes found in the git config file.
2024-02-13 04:55:59.089 [info] > git for-each-ref --format=%(refname)%00%(upstream:short)%00%(objectname)%00%(upstream:track)%00%(upstream:remotename)%00%(upstream:remoteref) refs/heads/master refs/remotes/master [1ms]
2024-02-13 04:55:59.089 [warning] No such branch: master.
2024-02-13 04:55:59.105 [info] > git status -z -uall [7ms]
2024-02-13 04:56:04.132 [info] > git config --get commit.template [1ms]
2024-02-13 04:56:04.142 [info] No remotes found in the git config file.
2024-02-13 04:56:04.142 [info] > git for-each-ref --format=%(refname)%00%(upstream:short)%00%(objectname)%00%(upstream:track)%00%(upstream:remotename)%00%(upstream:remoteref) refs/heads/master refs/remotes/master [0ms]
2024-02-13 04:56:04.143 [warning] No such branch: master.
2024-02-13 04:56:04.158 [info] > git status -z -uall [7ms]
2024-02-13 04:56:05.145 [info] > git check-ignore -v -z --stdin [1ms]
2024-02-13 04:56:09.185 [info] No remotes found in the git config file.
2024-02-13 04:56:09.196 [info] > git config --get commit.template [12ms]
2024-02-13 04:56:09.196 [info] > git for-each-ref --format=%(refname)%00%(upstream:short)%00%(objectname)%00%(upstream:track)%00%(upstream:remotename)%00%(upstream:remoteref) refs/heads/master refs/remotes/master [1ms]
2024-02-13 04:56:09.196 [warning] No such branch: master.
2024-02-13 04:56:09.213 [info] > git status -z -uall [8ms]
2024-02-13 04:56:14.240 [info] > git config --get commit.template [1ms]
2024-02-13 04:56:14.250 [info] No remotes found in the git config file.
2024-02-13 04:56:14.251 [info] > git for-each-ref --format=%(refname)%00%(upstream:short)%00%(objectname)%00%(upstream:track)%00%(upstream:remotename)%00%(upstream:remoteref) refs/heads/master refs/remotes/master [1ms]
2024-02-13 04:56:14.251 [warning] No such branch: master.
2024-02-13 04:56:14.267 [info] > git status -z -uall [6ms]
2024-02-13 04:56:19.294 [info] > git config --get commit.template [1ms]
2024-02-13 04:56:19.304 [info] No remotes found in the git config file.
2024-02-13 04:56:19.305 [info] > git for-each-ref --format=%(refname)%00%(upstream:short)%00%(objectname)%00%(upstream:track)%00%(upstream:remotename)%00%(upstream:remoteref) refs/heads/master refs/remotes/master [1ms]
2024-02-13 04:56:19.305 [warning] No such branch: master.
2024-02-13 04:56:19.320 [info] > git status -z -uall [7ms]
2024-02-13 04:56:24.349 [info] > git config --get commit.template [1ms]
2024-02-13 04:56:24.359 [info] No remotes found in the git config file.
2024-02-13 04:56:24.359 [info] > git for-each-ref --format=%(refname)%00%(upstream:short)%00%(objectname)%00%(upstream:track)%00%(upstream:remotename)%00%(upstream:remoteref) refs/heads/master refs/remotes/master [1ms]
2024-02-13 04:56:24.360 [warning] No such branch: master.
2024-02-13 04:56:24.379 [info] > git status -z -uall [11ms]
2024-02-13 04:56:29.415 [info] No remotes found in the git config file.
2024-02-13 04:56:29.415 [info] > git config --get commit.template [10ms]
2024-02-13 04:56:29.415 [info] > git for-each-ref --format=%(refname)%00%(upstream:short)%00%(objectname)%00%(upstream:track)%00%(upstream:remotename)%00%(upstream:remoteref) refs/heads/master refs/remotes/master [1ms]
2024-02-13 04:56:29.415 [warning] No such branch: master.
2024-02-13 04:56:29.430 [info] > git status -z -uall [6ms]
2024-02-13 04:56:34.746 [info] > git config --get commit.template [2ms]
2024-02-13 04:56:34.758 [info] No remotes found in the git config file.
2024-02-13 04:56:34.759 [info] > git for-each-ref --format=%(refname)%00%(upstream:short)%00%(objectname)%00%(upstream:track)%00%(upstream:remotename)%00%(upstream:remoteref) refs/heads/master refs/remotes/master [1ms]
2024-02-13 04:56:34.759 [warning] No such branch: master.
2024-02-13 04:56:34.777 [info] > git status -z -uall [8ms]
2024-02-13 04:56:39.822 [info] > git config --get commit.template [9ms]
2024-02-13 04:56:39.822 [info] No remotes found in the git config file.
2024-02-13 04:56:39.823 [info] > git for-each-ref --format=%(refname)%00%(upstream:short)%00%(objectname)%00%(upstream:track)%00%(upstream:remotename)%00%(upstream:remoteref) refs/heads/master refs/remotes/master [1ms]
2024-02-13 04:56:39.823 [warning] No such branch: master.
2024-02-13 04:56:39.838 [info] > git status -z -uall [6ms]
2024-02-13 04:56:44.873 [info] > git config --get commit.template [10ms]
2024-02-13 04:56:44.873 [info] No remotes found in the git config file.
2024-02-13 04:56:44.873 [info] > git for-each-ref --format=%(refname)%00%(upstream:short)%00%(objectname)%00%(upstream:track)%00%(upstream:remotename)%00%(upstream:remoteref) refs/heads/master refs/remotes/master [1ms]
2024-02-13 04:56:44.873 [warning] No such branch: master.
2024-02-13 04:56:44.888 [info] > git status -z -uall [6ms]
2024-02-13 04:56:49.922 [info] > git config --get commit.template [9ms]
2024-02-13 04:56:49.923 [info] No remotes found in the git config file.
2024-02-13 04:56:49.923 [info] > git for-each-ref --format=%(refname)%00%(upstream:short)%00%(objectname)%00%(upstream:track)%00%(upstream:remotename)%00%(upstream:remoteref) refs/heads/master refs/remotes/master [1ms]
2024-02-13 04:56:49.923 [warning] No such branch: master.
2024-02-13 04:56:49.939 [info] > git status -z -uall [6ms]
2024-02-13 04:56:54.968 [info] > git config --get commit.template [2ms]
2024-02-13 04:56:54.979 [info] No remotes found in the git config file.
2024-02-13 04:56:54.980 [info] > git for-each-ref --format=%(refname)%00%(upstream:short)%00%(objectname)%00%(upstream:track)%00%(upstream:remotename)%00%(upstream:remoteref) refs/heads/master refs/remotes/master [1ms]
2024-02-13 04:56:54.980 [warning] No such branch: master.
2024-02-13 04:56:54.997 [info] > git status -z -uall [6ms]
2024-02-13 04:57:00.025 [info] > git config --get commit.template [1ms]
2024-02-13 04:57:00.034 [info] No remotes found in the git config file.
2024-02-13 04:57:00.035 [info] > git for-each-ref --format=%(refname)%00%(upstream:short)%00%(objectname)%00%(upstream:track)%00%(upstream:remotename)%00%(upstream:remoteref) refs/heads/master refs/remotes/master [1ms]
2024-02-13 04:57:00.035 [warning] No such branch: master.
2024-02-13 04:57:00.050 [info] > git status -z -uall [6ms]
2024-02-13 04:57:05.076 [info] > git config --get commit.template [1ms]
2024-02-13 04:57:05.086 [info] No remotes found in the git config file.
2024-02-13 04:57:05.087 [info] > git for-each-ref --format=%(refname)%00%(upstream:short)%00%(objectname)%00%(upstream:track)%00%(upstream:remotename)%00%(upstream:remoteref) refs/heads/master refs/remotes/master [0ms]
2024-02-13 04:57:05.087 [warning] No such branch: master.
2024-02-13 04:57:05.102 [info] > git status -z -uall [6ms]
2024-02-13 04:57:10.129 [info] No remotes found in the git config file.
2024-02-13 04:57:10.139 [info] > git config --get commit.template [11ms]
2024-02-13 04:57:10.139 [info] > git for-each-ref --format=%(refname)%00%(upstream:short)%00%(objectname)%00%(upstream:track)%00%(upstream:remotename)%00%(upstream:remoteref) refs/heads/master refs/remotes/master [1ms]
2024-02-13 04:57:10.139 [warning] No such branch: master.
2024-02-13 04:57:10.156 [info] > git status -z -uall [6ms]
2024-02-13 04:57:15.192 [info] No remotes found in the git config file.
2024-02-13 04:57:15.193 [info] > git config --get commit.template [11ms]
2024-02-13 04:57:15.193 [info] > git for-each-ref --format=%(refname)%00%(upstream:short)%00%(objectname)%00%(upstream:track)%00%(upstream:remotename)%00%(upstream:remoteref) refs/heads/master refs/remotes/master [1ms]
2024-02-13 04:57:15.194 [warning] No such branch: master.
2024-02-13 04:57:15.210 [info] > git status -z -uall [7ms]
2024-02-13 04:57:20.234 [info] > git config --get commit.template [1ms]
2024-02-13 04:57:20.243 [info] No remotes found in the git config file.
2024-02-13 04:57:20.244 [info] > git for-each-ref --format=%(refname)%00%(upstream:short)%00%(objectname)%00%(upstream:track)%00%(upstream:remotename)%00%(upstream:remoteref) refs/heads/master refs/remotes/master [1ms]
2024-02-13 04:57:20.244 [warning] No such branch: master.
2024-02-13 04:57:20.262 [info] > git status -z -uall [9ms]
2024-02-13 04:57:20.507 [info] > git check-ignore -v -z --stdin [137ms]
2024-02-13 04:57:25.299 [info] No remotes found in the git config file.
2024-02-13 04:57:25.299 [info] > git config --get commit.template [11ms]
2024-02-13 04:57:25.300 [info] > git for-each-ref --format=%(refname)%00%(upstream:short)%00%(objectname)%00%(upstream:track)%00%(upstream:remotename)%00%(upstream:remoteref) refs/heads/master refs/remotes/master [1ms]
2024-02-13 04:57:25.300 [warning] No such branch: master.
2024-02-13 04:57:25.316 [info] > git status -z -uall [7ms]
2024-02-13 04:57:30.347 [info] > git config --get commit.template [2ms]
2024-02-13 04:57:30.357 [info] No remotes found in the git config file.
2024-02-13 04:57:30.358 [info] > git for-each-ref --format=%(refname)%00%(upstream:short)%00%(objectname)%00%(upstream:track)%00%(upstream:remotename)%00%(upstream:remoteref) refs/heads/master refs/remotes/master [1ms]
2024-02-13 04:57:30.358 [warning] No such branch: master.
2024-02-13 04:57:30.374 [info] > git status -z -uall [7ms]
2024-02-13 04:57:35.403 [info] > git config --get commit.template [1ms]
2024-02-13 04:57:35.413 [info] No remotes found in the git config file.
2024-02-13 04:57:35.413 [info] > git for-each-ref --format=%(refname)%00%(upstream:short)%00%(objectname)%00%(upstream:track)%00%(upstream:remotename)%00%(upstream:remoteref) refs/heads/master refs/remotes/master [1ms]
2024-02-13 04:57:35.413 [warning] No such branch: master.
2024-02-13 04:57:35.428 [info] > git status -z -uall [6ms]
2024-02-13 04:57:40.465 [info] No remotes found in the git config file.
2024-02-13 04:57:40.465 [info] > git config --get commit.template [10ms]
2024-02-13 04:57:40.466 [info] > git for-each-ref --format=%(refname)%00%(upstream:short)%00%(objectname)%00%(upstream:track)%00%(upstream:remotename)%00%(upstream:remoteref) refs/heads/master refs/remotes/master [1ms]
2024-02-13 04:57:40.466 [warning] No such branch: master.
2024-02-13 04:57:40.484 [info] > git status -z -uall [7ms]
2024-02-13 04:57:45.521 [info] No remotes found in the git config file.
2024-02-13 04:57:45.521 [info] > git config --get commit.template [10ms]
2024-02-13 04:57:45.522 [info] > git for-each-ref --format=%(refname)%00%(upstream:short)%00%(objectname)%00%(upstream:track)%00%(upstream:remotename)%00%(upstream:remoteref) refs/heads/master refs/remotes/master [1ms]
2024-02-13 04:57:45.522 [warning] No such branch: master.
2024-02-13 04:57:45.537 [info] > git status -z -uall [6ms]
2024-02-13 04:57:50.563 [info] > git config --get commit.template [1ms]
2024-02-13 04:57:50.572 [info] No remotes found in the git config file.
2024-02-13 04:57:50.573 [info] > git for-each-ref --format=%(refname)%00%(upstream:short)%00%(objectname)%00%(upstream:track)%00%(upstream:remotename)%00%(upstream:remoteref) refs/heads/master refs/remotes/master [1ms]
2024-02-13 04:57:50.573 [warning] No such branch: master.
2024-02-13 04:57:50.588 [info] > git status -z -uall [6ms]
2024-02-13 04:57:55.623 [info] No remotes found in the git config file.
2024-02-13 04:57:55.623 [info] > git config --get commit.template [10ms]
2024-02-13 04:57:55.624 [info] > git for-each-ref --format=%(refname)%00%(upstream:short)%00%(objectname)%00%(upstream:track)%00%(upstream:remotename)%00%(upstream:remoteref) refs/heads/master refs/remotes/master [1ms]
2024-02-13 04:57:55.624 [warning] No such branch: master.
2024-02-13 04:57:55.639 [info] > git status -z -uall [6ms]
2024-02-13 04:58:00.665 [info] > git config --get commit.template [0ms]
2024-02-13 04:58:00.675 [info] No remotes found in the git config file.
2024-02-13 04:58:00.676 [info] > git for-each-ref --format=%(refname)%00%(upstream:short)%00%(objectname)%00%(upstream:track)%00%(upstream:remotename)%00%(upstream:remoteref) refs/heads/master refs/remotes/master [1ms]
2024-02-13 04:58:00.676 [warning] No such branch: master.
2024-02-13 04:58:00.694 [info] > git status -z -uall [6ms]
2024-02-13 04:58:05.722 [info] > git config --get commit.template [2ms]
2024-02-13 04:58:05.732 [info] No remotes found in the git config file.
2024-02-13 04:58:05.733 [info] > git for-each-ref --format=%(refname)%00%(upstream:short)%00%(objectname)%00%(upstream:track)%00%(upstream:remotename)%00%(upstream:remoteref) refs/heads/master refs/remotes/master [1ms]
2024-02-13 04:58:05.734 [warning] No such branch: master.
2024-02-13 04:58:05.766 [info] > git status -z -uall [22ms]
2024-02-13 04:58:10.811 [info] No remotes found in the git config file.
2024-02-13 04:58:10.812 [info] > git config --get commit.template [11ms]
2024-02-13 04:58:10.812 [info] > git for-each-ref --format=%(refname)%00%(upstream:short)%00%(objectname)%00%(upstream:track)%00%(upstream:remotename)%00%(upstream:remoteref) refs/heads/master refs/remotes/master [1ms]
2024-02-13 04:58:10.812 [warning] No such branch: master.
2024-02-13 04:58:10.828 [info] > git status -z -uall [7ms]
2024-02-13 04:58:15.853 [info] > git config --get commit.template [1ms]
2024-02-13 04:58:15.853 [info] No remotes found in the git config file.
2024-02-13 04:58:15.863 [info] > git for-each-ref --format=%(refname)%00%(upstream:short)%00%(objectname)%00%(upstream:track)%00%(upstream:remotename)%00%(upstream:remoteref) refs/heads/master refs/remotes/master [1ms]
2024-02-13 04:58:15.863 [warning] No such branch: master.
2024-02-13 04:58:15.878 [info] > git status -z -uall [6ms]
2024-02-13 04:58:20.913 [info] No remotes found in the git config file.
2024-02-13 04:58:20.914 [info] > git config --get commit.template [11ms]
2024-02-13 04:58:20.914 [info] > git for-each-ref --format=%(refname)%00%(upstream:short)%00%(objectname)%00%(upstream:track)%00%(upstream:remotename)%00%(upstream:remoteref) refs/heads/master refs/remotes/master [1ms]
2024-02-13 04:58:20.914 [warning] No such branch: master.
2024-02-13 04:58:20.929 [info] > git status -z -uall [6ms]
2024-02-13 04:58:25.955 [info] > git config --get commit.template [1ms]
2024-02-13 04:58:25.965 [info] No remotes found in the git config file.
2024-02-13 04:58:25.965 [info] > git for-each-ref --format=%(refname)%00%(upstream:short)%00%(objectname)%00%(upstream:track)%00%(upstream:remotename)%00%(upstream:remoteref) refs/heads/master refs/remotes/master [1ms]
2024-02-13 04:58:25.966 [warning] No such branch: master.
2024-02-13 04:58:25.981 [info] > git status -z -uall [6ms]
2024-02-13 04:58:31.007 [info] > git config --get commit.template [0ms]
2024-02-13 04:58:31.007 [info] No remotes found in the git config file.
2024-02-13 04:58:31.017 [info] > git for-each-ref --format=%(refname)%00%(upstream:short)%00%(objectname)%00%(upstream:track)%00%(upstream:remotename)%00%(upstream:remoteref) refs/heads/master refs/remotes/master [0ms]
2024-02-13 04:58:31.018 [warning] No such branch: master.
2024-02-13 04:58:31.033 [info] > git status -z -uall [6ms]
2024-02-13 04:58:35.335 [info] > git check-ignore -v -z --stdin [1ms]
2024-02-13 04:58:36.070 [info] No remotes found in the git config file.
2024-02-13 04:58:36.070 [info] > git config --get commit.template [10ms]
2024-02-13 04:58:36.071 [info] > git for-each-ref --format=%(refname)%00%(upstream:short)%00%(objectname)%00%(upstream:track)%00%(upstream:remotename)%00%(upstream:remoteref) refs/heads/master refs/remotes/master [2ms]
2024-02-13 04:58:36.071 [warning] No such branch: master.
2024-02-13 04:58:36.087 [info] > git status -z -uall [6ms]
2024-02-13 04:58:36.915 [info] > git show --textconv :solidity/foundry_f24/foundry-simple-storage-f24/script/DeploySimpleStorage.s.sol [11ms]
2024-02-13 04:58:36.917 [info] > git ls-files --stage -- /home/starwar/solidity/foundry_f24/foundry-simple-storage-f24/script/DeploySimpleStorage.s.sol [2ms]
2024-02-13 04:58:41.402 [info] No remotes found in the git config file.
2024-02-13 04:58:41.413 [info] > git config --get commit.template [12ms]
2024-02-13 04:58:41.413 [info] > git for-each-ref --format=%(refname)%00%(upstream:short)%00%(objectname)%00%(upstream:track)%00%(upstream:remotename)%00%(upstream:remoteref) refs/heads/master refs/remotes/master [1ms]
2024-02-13 04:58:41.413 [warning] No such branch: master.
2024-02-13 04:58:41.429 [info] > git status -z -uall [6ms]
2024-02-13 04:58:46.470 [info] > git config --get commit.template [13ms]
2024-02-13 04:58:46.470 [info] No remotes found in the git config file.
2024-02-13 04:58:46.471 [info] > git for-each-ref --format=%(refname)%00%(upstream:short)%00%(objectname)%00%(upstream:track)%00%(upstream:remotename)%00%(upstream:remoteref) refs/heads/master refs/remotes/master [1ms]
2024-02-13 04:58:46.471 [warning] No such branch: master.
2024-02-13 04:58:46.492 [info] > git status -z -uall [9ms]
2024-02-13 04:58:51.534 [info] > git config --get commit.template [11ms]
2024-02-13 04:58:51.534 [info] No remotes found in the git config file.
2024-02-13 04:58:51.534 [info] > git for-each-ref --format=%(refname)%00%(upstream:short)%00%(objectname)%00%(upstream:track)%00%(upstream:remotename)%00%(upstream:remoteref) refs/heads/master refs/remotes/master [1ms]
2024-02-13 04:58:51.534 [warning] No such branch: master.
2024-02-13 04:58:51.551 [info] > git status -z -uall [6ms]
2024-02-13 04:58:52.467 [info] > git show --textconv :foundry.toml [14ms]
2024-02-13 04:58:52.468 [info] > git ls-files --stage -- /home/starwar/foundry.toml [2ms]
2024-02-13 04:58:56.578 [info] > git config --get commit.template [1ms]
2024-02-13 04:58:56.589 [info] No remotes found in the git config file.
2024-02-13 04:58:56.590 [info] > git for-each-ref --format=%(refname)%00%(upstream:short)%00%(objectname)%00%(upstream:track)%00%(upstream:remotename)%00%(upstream:remoteref) refs/heads/master refs/remotes/master [1ms]
2024-02-13 04:58:56.590 [warning] No such branch: master.
2024-02-13 04:58:56.608 [info] > git status -z -uall [8ms]
2024-02-13 04:58:57.752 [info] > git check-ignore -v -z --stdin [1ms]
2024-02-13 04:59:01.645 [info] > git config --get commit.template [10ms]
2024-02-13 04:59:01.645 [info] No remotes found in the git config file.
2024-02-13 04:59:01.645 [info] > git for-each-ref --format=%(refname)%00%(upstream:short)%00%(objectname)%00%(upstream:track)%00%(upstream:remotename)%00%(upstream:remoteref) refs/heads/master refs/remotes/master [1ms]
2024-02-13 04:59:01.645 [warning] No such branch: master.
2024-02-13 04:59:01.662 [info] > git status -z -uall [6ms]
2024-02-13 04:59:06.701 [info] No remotes found in the git config file.
2024-02-13 04:59:06.702 [info] > git config --get commit.template [10ms]
2024-02-13 04:59:06.702 [info] > git for-each-ref --format=%(refname)%00%(upstream:short)%00%(objectname)%00%(upstream:track)%00%(upstream:remotename)%00%(upstream:remoteref) refs/heads/master refs/remotes/master [1ms]
2024-02-13 04:59:06.702 [warning] No such branch: master.
2024-02-13 04:59:06.718 [info] > git status -z -uall [7ms]
2024-02-13 04:59:10.626 [info] > git check-ignore -v -z --stdin [0ms]
2024-02-13 04:59:11.753 [info] > git config --get commit.template [10ms]
2024-02-13 04:59:11.754 [info] No remotes found in the git config file.
2024-02-13 04:59:11.754 [info] > git for-each-ref --format=%(refname)%00%(upstream:short)%00%(objectname)%00%(upstream:track)%00%(upstream:remotename)%00%(upstream:remoteref) refs/heads/master refs/remotes/master [1ms]
2024-02-13 04:59:11.754 [warning] No such branch: master.
2024-02-13 04:59:11.769 [info] > git status -z -uall [6ms]
2024-02-13 04:59:16.804 [info] No remotes found in the git config file.
2024-02-13 04:59:16.805 [info] > git config --get commit.template [10ms]
2024-02-13 04:59:16.805 [info] > git for-each-ref --format=%(refname)%00%(upstream:short)%00%(objectname)%00%(upstream:track)%00%(upstream:remotename)%00%(upstream:remoteref) refs/heads/master refs/remotes/master [1ms]
2024-02-13 04:59:16.805 [warning] No such branch: master.
2024-02-13 04:59:16.820 [info] > git status -z -uall [6ms]
2024-02-13 04:59:20.624 [info] > git show --textconv :.bash_history [10ms]
2024-02-13 04:59:20.625 [info] > git ls-files --stage -- /home/starwar/.bash_history [2ms]
2024-02-13 04:59:21.857 [info] > git config --get commit.template [10ms]
2024-02-13 04:59:21.857 [info] No remotes found in the git config file.
2024-02-13 04:59:21.857 [info] > git for-each-ref --format=%(refname)%00%(upstream:short)%00%(objectname)%00%(upstream:track)%00%(upstream:remotename)%00%(upstream:remoteref) refs/heads/master refs/remotes/master [1ms]
2024-02-13 04:59:21.857 [warning] No such branch: master.
2024-02-13 04:59:21.873 [info] > git status -z -uall [6ms]
2024-02-13 04:59:26.908 [info] No remotes found in the git config file.
2024-02-13 04:59:26.908 [info] > git config --get commit.template [11ms]
2024-02-13 04:59:26.909 [info] > git for-each-ref --format=%(refname)%00%(upstream:short)%00%(objectname)%00%(upstream:track)%00%(upstream:remotename)%00%(upstream:remoteref) refs/heads/master refs/remotes/master [2ms]
2024-02-13 04:59:26.909 [warning] No such branch: master.
2024-02-13 04:59:26.925 [info] > git status -z -uall [6ms]
2024-02-13 04:59:31.964 [info] > git config --get commit.template [10ms]
2024-02-13 04:59:31.964 [info] No remotes found in the git config file.
2024-02-13 04:59:31.964 [info] > git for-each-ref --format=%(refname)%00%(upstream:short)%00%(objectname)%00%(upstream:track)%00%(upstream:remotename)%00%(upstream:remoteref) refs/heads/master refs/remotes/master [1ms]
2024-02-13 04:59:31.964 [warning] No such branch: master.
2024-02-13 04:59:31.981 [info] > git status -z -uall [7ms]
2024-02-13 04:59:35.324 [info] > git check-ignore -v -z --stdin [0ms]
2024-02-13 04:59:37.009 [info] > git config --get commit.template [1ms]
2024-02-13 04:59:37.018 [info] No remotes found in the git config file.
2024-02-13 04:59:37.019 [info] > git for-each-ref --format=%(refname)%00%(upstream:short)%00%(objectname)%00%(upstream:track)%00%(upstream:remotename)%00%(upstream:remoteref) refs/heads/master refs/remotes/master [1ms]
2024-02-13 04:59:37.019 [warning] No such branch: master.
2024-02-13 04:59:37.036 [info] > git status -z -uall [6ms]
2024-02-13 04:59:42.062 [info] > git config --get commit.template [1ms]
2024-02-13 04:59:42.073 [info] No remotes found in the git config file.
2024-02-13 04:59:42.074 [info] > git for-each-ref --format=%(refname)%00%(upstream:short)%00%(objectname)%00%(upstream:track)%00%(upstream:remotename)%00%(upstream:remoteref) refs/heads/master refs/remotes/master [1ms]
2024-02-13 04:59:42.074 [warning] No such branch: master.
2024-02-13 04:59:42.090 [info] > git status -z -uall [6ms]
2024-02-13 04:59:44.761 [info] > git show --textconv :test/Counter.t.sol [11ms]
2024-02-13 04:59:44.762 [info] > git ls-files --stage -- /home/starwar/test/Counter.t.sol [2ms]
2024-02-13 04:59:47.116 [info] > git config --get commit.template [1ms]
2024-02-13 04:59:47.126 [info] No remotes found in the git config file.
2024-02-13 04:59:47.127 [info] > git for-each-ref --format=%(refname)%00%(upstream:short)%00%(objectname)%00%(upstream:track)%00%(upstream:remotename)%00%(upstream:remoteref) refs/heads/master refs/remotes/master [1ms]
2024-02-13 04:59:47.127 [warning] No such branch: master.
2024-02-13 04:59:47.144 [info] > git status -z -uall [8ms]
2024-02-13 04:59:52.182 [info] No remotes found in the git config file.
2024-02-13 04:59:52.182 [info] > git config --get commit.template [11ms]
2024-02-13 04:59:52.183 [info] > git for-each-ref --format=%(refname)%00%(upstream:short)%00%(objectname)%00%(upstream:track)%00%(upstream:remotename)%00%(upstream:remoteref) refs/heads/master refs/remotes/master [1ms]
2024-02-13 04:59:52.183 [warning] No such branch: master.
2024-02-13 04:59:52.198 [info] > git status -z -uall [6ms]
2024-02-13 04:59:57.236 [info] No remotes found in the git config file.
2024-02-13 04:59:57.237 [info] > git config --get commit.template [11ms]
2024-02-13 04:59:57.237 [info] > git for-each-ref --format=%(refname)%00%(upstream:short)%00%(objectname)%00%(upstream:track)%00%(upstream:remotename)%00%(upstream:remoteref) refs/heads/master refs/remotes/master [1ms]
2024-02-13 04:59:57.237 [warning] No such branch: master.
2024-02-13 04:59:57.253 [info] > git status -z -uall [7ms]
2024-02-13 04:59:58.698 [info] > git show --textconv :solidity/foundry_f24/foundry-simple-storage-f24/script/DeploySimpleStorage.s.sol [10ms]
2024-02-13 04:59:58.699 [info] > git ls-files --stage -- /home/starwar/solidity/foundry_f24/foundry-simple-storage-f24/script/DeploySimpleStorage.s.sol [2ms]
2024-02-13 05:00:02.296 [info] > git config --get commit.template [15ms]
2024-02-13 05:00:02.296 [info] No remotes found in the git config file.
2024-02-13 05:00:02.296 [info] > git for-each-ref --format=%(refname)%00%(upstream:short)%00%(objectname)%00%(upstream:track)%00%(upstream:remotename)%00%(upstream:remoteref) refs/heads/master refs/remotes/master [1ms]
2024-02-13 05:00:02.297 [warning] No such branch: master.
2024-02-13 05:00:02.316 [info] > git status -z -uall [7ms]
2024-02-17 18:47:56.176 [info] No remotes found in the git config file.
2024-02-17 18:47:56.198 [info] > git config --get commit.template [45ms]
2024-02-17 18:47:56.202 [info] > git for-each-ref --format=%(refname)%00%(upstream:short)%00%(objectname)%00%(upstream:track)%00%(upstream:remotename)%00%(upstream:remoteref) refs/heads/master refs/remotes/master [30ms]
2024-02-17 18:47:56.202 [warning] No such branch: master.
2024-02-17 18:47:56.599 [info] > git status -z -uall [384ms]
2024-02-17 18:48:01.668 [info] No remotes found in the git config file.
2024-02-17 18:48:01.669 [info] > git config --get commit.template [13ms]
2024-02-17 18:48:01.669 [info] > git for-each-ref --format=%(refname)%00%(upstream:short)%00%(objectname)%00%(upstream:track)%00%(upstream:remotename)%00%(upstream:remoteref) refs/heads/master refs/remotes/master [1ms]
2024-02-17 18:48:01.669 [warning] No such branch: master.
2024-02-17 18:48:01.688 [info] > git status -z -uall [8ms]
2024-02-17 22:14:45.189 [info] > git config --get commit.template [17ms]
2024-02-17 22:14:45.191 [info] No remotes found in the git config file.
2024-02-17 22:14:45.191 [info] > git for-each-ref --format=%(refname)%00%(upstream:short)%00%(objectname)%00%(upstream:track)%00%(upstream:remotename)%00%(upstream:remoteref) refs/heads/master refs/remotes/master [5ms]
2024-02-17 22:14:45.192 [warning] No such branch: master.
2024-02-17 22:14:45.302 [info] > git status -z -uall [92ms]
2024-02-17 22:14:50.353 [info] No remotes found in the git config file.
2024-02-17 22:14:50.354 [info] > git config --get commit.template [14ms]
2024-02-17 22:14:50.354 [info] > git for-each-ref --format=%(refname)%00%(upstream:short)%00%(objectname)%00%(upstream:track)%00%(upstream:remotename)%00%(upstream:remoteref) refs/heads/master refs/remotes/master [1ms]
2024-02-17 22:14:50.354 [warning] No such branch: master.
2024-02-17 22:14:50.381 [info] > git status -z -uall [18ms]
2024-02-17 22:14:55.414 [info] No remotes found in the git config file.
2024-02-17 22:14:55.424 [info] > git config --get commit.template [11ms]
2024-02-17 22:14:55.425 [info] > git for-each-ref --format=%(refname)%00%(upstream:short)%00%(objectname)%00%(upstream:track)%00%(upstream:remotename)%00%(upstream:remoteref) refs/heads/master refs/remotes/master [1ms]
2024-02-17 22:14:55.425 [warning] No such branch: master.
2024-02-17 22:14:55.489 [info] > git status -z -uall [55ms]
2024-02-17 22:15:00.528 [info] > git config --get commit.template [11ms]
2024-02-17 22:15:00.528 [info] No remotes found in the git config file.
2024-02-17 22:15:00.530 [info] > git for-each-ref --format=%(refname)%00%(upstream:short)%00%(objectname)%00%(upstream:track)%00%(upstream:remotename)%00%(upstream:remoteref) refs/heads/master refs/remotes/master [3ms]
2024-02-17 22:15:00.530 [warning] No such branch: master.
2024-02-17 22:15:00.555 [info] > git status -z -uall [14ms]
2024-02-17 22:15:05.584 [info] > git config --get commit.template [1ms]
2024-02-17 22:15:05.595 [info] No remotes found in the git config file.
2024-02-17 22:15:05.595 [info] > git for-each-ref --format=%(refname)%00%(upstream:short)%00%(objectname)%00%(upstream:track)%00%(upstream:remotename)%00%(upstream:remoteref) refs/heads/master refs/remotes/master [1ms]
2024-02-17 22:15:05.595 [warning] No such branch: master.
2024-02-17 22:15:05.615 [info] > git status -z -uall [9ms]
2024-02-17 22:15:10.643 [info] > git config --get commit.template [1ms]
2024-02-17 22:15:10.654 [info] No remotes found in the git config file.
2024-02-17 22:15:10.655 [info] > git for-each-ref --format=%(refname)%00%(upstream:short)%00%(objectname)%00%(upstream:track)%00%(upstream:remotename)%00%(upstream:remoteref) refs/heads/master refs/remotes/master [1ms]
2024-02-17 22:15:10.655 [warning] No such branch: master.
2024-02-17 22:15:10.697 [info] > git status -z -uall [30ms]
2024-02-17 22:15:15.727 [info] > git config --get commit.template [1ms]
2024-02-17 22:15:15.738 [info] No remotes found in the git config file.
2024-02-17 22:15:15.739 [info] > git for-each-ref --format=%(refname)%00%(upstream:short)%00%(objectname)%00%(upstream:track)%00%(upstream:remotename)%00%(upstream:remoteref) refs/heads/master refs/remotes/master [0ms]
2024-02-17 22:15:15.740 [warning] No such branch: master.
2024-02-17 22:15:15.778 [info] > git status -z -uall [27ms]
2024-02-17 22:15:20.808 [info] No remotes found in the git config file.
2024-02-17 22:15:20.819 [info] > git config --get commit.template [11ms]
2024-02-17 22:15:20.819 [info] > git for-each-ref --format=%(refname)%00%(upstream:short)%00%(objectname)%00%(upstream:track)%00%(upstream:remotename)%00%(upstream:remoteref) refs/heads/master refs/remotes/master [1ms]
2024-02-17 22:15:20.819 [warning] No such branch: master.
2024-02-17 22:15:20.841 [info] > git status -z -uall [12ms]
2024-02-17 22:15:27.162 [info] > git config --get commit.template [2ms]
2024-02-17 22:15:27.173 [info] No remotes found in the git config file.
2024-02-17 22:15:27.174 [info] > git for-each-ref --format=%(refname)%00%(upstream:short)%00%(objectname)%00%(upstream:track)%00%(upstream:remotename)%00%(upstream:remoteref) refs/heads/master refs/remotes/master [1ms]
2024-02-17 22:15:27.174 [warning] No such branch: master.
2024-02-17 22:15:27.193 [info] > git status -z -uall [9ms]
2024-02-17 22:15:32.230 [info] No remotes found in the git config file.
2024-02-17 22:15:32.230 [info] > git config --get commit.template [12ms]
2024-02-17 22:15:32.231 [info] > git for-each-ref --format=%(refname)%00%(upstream:short)%00%(objectname)%00%(upstream:track)%00%(upstream:remotename)%00%(upstream:remoteref) refs/heads/master refs/remotes/master [1ms]
2024-02-17 22:15:32.231 [warning] No such branch: master.
2024-02-17 22:15:32.281 [info] > git status -z -uall [39ms]
2024-02-17 22:15:37.310 [info] No remotes found in the git config file.
2024-02-17 22:15:37.321 [info] > git config --get commit.template [11ms]
2024-02-17 22:15:37.321 [info] > git for-each-ref --format=%(refname)%00%(upstream:short)%00%(objectname)%00%(upstream:track)%00%(upstream:remotename)%00%(upstream:remoteref) refs/heads/master refs/remotes/master [1ms]
2024-02-17 22:15:37.321 [warning] No such branch: master.
2024-02-17 22:15:37.338 [info] > git status -z -uall [6ms]
2024-02-17 22:15:42.375 [info] No remotes found in the git config file.
2024-02-17 22:15:42.376 [info] > git config --get commit.template [12ms]
2024-02-17 22:15:42.376 [info] > git for-each-ref --format=%(refname)%00%(upstream:short)%00%(objectname)%00%(upstream:track)%00%(upstream:remotename)%00%(upstream:remoteref) refs/heads/master refs/remotes/master [1ms]
2024-02-17 22:15:42.376 [warning] No such branch: master.
2024-02-17 22:15:42.421 [info] > git status -z -uall [21ms]
2024-02-17 22:15:47.460 [info] > git config --get commit.template [11ms]
2024-02-17 22:15:47.460 [info] No remotes found in the git config file.
2024-02-17 22:15:47.460 [info] > git for-each-ref --format=%(refname)%00%(upstream:short)%00%(objectname)%00%(upstream:track)%00%(upstream:remotename)%00%(upstream:remoteref) refs/heads/master refs/remotes/master [1ms]
2024-02-17 22:15:47.460 [warning] No such branch: master.
2024-02-17 22:15:47.481 [info] > git status -z -uall [10ms]
2024-02-17 22:15:52.522 [info] > git config --get commit.template [12ms]
2024-02-17 22:15:52.522 [info] No remotes found in the git config file.
2024-02-17 22:15:52.522 [info] > git for-each-ref --format=%(refname)%00%(upstream:short)%00%(objectname)%00%(upstream:track)%00%(upstream:remotename)%00%(upstream:remoteref) refs/heads/master refs/remotes/master [1ms]
2024-02-17 22:15:52.522 [warning] No such branch: master.
2024-02-17 22:15:52.539 [info] > git status -z -uall [6ms]
2024-02-17 22:15:57.567 [info] No remotes found in the git config file.
2024-02-17 22:15:57.568 [info] > git config --get commit.template [2ms]
2024-02-17 22:15:57.579 [info] > git for-each-ref --format=%(refname)%00%(upstream:short)%00%(objectname)%00%(upstream:track)%00%(upstream:remotename)%00%(upstream:remoteref) refs/heads/master refs/remotes/master [1ms]
2024-02-17 22:15:57.579 [warning] No such branch: master.
2024-02-17 22:15:57.600 [info] > git status -z -uall [8ms]
2024-02-17 22:16:02.634 [info] No remotes found in the git config file.
2024-02-17 22:16:02.648 [info] > git config --get commit.template [15ms]
2024-02-17 22:16:02.649 [info] > git for-each-ref --format=%(refname)%00%(upstream:short)%00%(objectname)%00%(upstream:track)%00%(upstream:remotename)%00%(upstream:remoteref) refs/heads/master refs/remotes/master [2ms]
2024-02-17 22:16:02.649 [warning] No such branch: master.
2024-02-17 22:16:02.682 [info] > git status -z -uall [6ms]
2024-02-17 22:16:07.721 [info] No remotes found in the git config file.
2024-02-17 22:16:07.722 [info] > git config --get commit.template [11ms]
2024-02-17 22:16:07.722 [info] > git for-each-ref --format=%(refname)%00%(upstream:short)%00%(objectname)%00%(upstream:track)%00%(upstream:remotename)%00%(upstream:remoteref) refs/heads/master refs/remotes/master [1ms]
2024-02-17 22:16:07.722 [warning] No such branch: master.
2024-02-17 22:16:07.781 [info] > git status -z -uall [16ms]
2024-02-17 22:16:12.825 [info] No remotes found in the git config file.
2024-02-17 22:16:12.825 [info] > git config --get commit.template [12ms]
2024-02-17 22:16:12.825 [info] > git for-each-ref --format=%(refname)%00%(upstream:short)%00%(objectname)%00%(upstream:track)%00%(upstream:remotename)%00%(upstream:remoteref) refs/heads/master refs/remotes/master [1ms]
2024-02-17 22:16:12.826 [warning] No such branch: master.
2024-02-17 22:16:12.849 [info] > git status -z -uall [13ms]
2024-02-17 22:16:17.877 [info] > git config --get commit.template [2ms]
2024-02-17 22:16:17.887 [info] No remotes found in the git config file.
2024-02-17 22:16:17.888 [info] > git for-each-ref --format=%(refname)%00%(upstream:short)%00%(objectname)%00%(upstream:track)%00%(upstream:remotename)%00%(upstream:remoteref) refs/heads/master refs/remotes/master [1ms]
2024-02-17 22:16:17.888 [warning] No such branch: master.
2024-02-17 22:16:17.909 [info] > git status -z -uall [10ms]
2024-02-17 22:16:22.942 [info] No remotes found in the git config file.
2024-02-17 22:16:22.955 [info] > git config --get commit.template [14ms]
2024-02-17 22:16:22.962 [info] > git for-each-ref --format=%(refname)%00%(upstream:short)%00%(objectname)%00%(upstream:track)%00%(upstream:remotename)%00%(upstream:remoteref) refs/heads/master refs/remotes/master [7ms]
2024-02-17 22:16:22.962 [warning] No such branch: master.
2024-02-17 22:16:22.979 [info] > git status -z -uall [7ms]
2024-02-17 22:16:28.008 [info] > git config --get commit.template [1ms]
2024-02-17 22:16:28.019 [info] No remotes found in the git config file.
2024-02-17 22:16:28.020 [info] > git for-each-ref --format=%(refname)%00%(upstream:short)%00%(objectname)%00%(upstream:track)%00%(upstream:remotename)%00%(upstream:remoteref) refs/heads/master refs/remotes/master [1ms]
2024-02-17 22:16:28.020 [warning] No such branch: master.
2024-02-17 22:16:28.059 [info] > git status -z -uall [28ms]
2024-02-17 22:16:33.101 [info] > git config --get commit.template [13ms]
2024-02-17 22:16:33.102 [info] No remotes found in the git config file.
2024-02-17 22:16:33.102 [info] > git for-each-ref --format=%(refname)%00%(upstream:short)%00%(objectname)%00%(upstream:track)%00%(upstream:remotename)%00%(upstream:remoteref) refs/heads/master refs/remotes/master [1ms]
2024-02-17 22:16:33.102 [warning] No such branch: master.
2024-02-17 22:16:33.119 [info] > git status -z -uall [7ms]
2024-02-17 22:16:38.146 [info] No remotes found in the git config file.
2024-02-17 22:16:38.147 [info] > git config --get commit.template [1ms]
2024-02-17 22:16:38.158 [info] > git for-each-ref --format=%(refname)%00%(upstream:short)%00%(objectname)%00%(upstream:track)%00%(upstream:remotename)%00%(upstream:remoteref) refs/heads/master refs/remotes/master [1ms]
2024-02-17 22:16:38.158 [warning] No such branch: master.
2024-02-17 22:16:38.185 [info] > git status -z -uall [12ms]
2024-02-17 22:16:43.224 [info] No remotes found in the git config file.
2024-02-17 22:16:43.224 [info] > git config --get commit.template [12ms]
2024-02-17 22:16:43.224 [info] > git for-each-ref --format=%(refname)%00%(upstream:short)%00%(objectname)%00%(upstream:track)%00%(upstream:remotename)%00%(upstream:remoteref) refs/heads/master refs/remotes/master [1ms]
2024-02-17 22:16:43.226 [warning] No such branch: master.
2024-02-17 22:16:43.262 [info] > git status -z -uall [25ms]
2024-02-17 22:16:48.302 [info] > git config --get commit.template [12ms]
2024-02-17 22:16:48.302 [info] No remotes found in the git config file.
2024-02-17 22:16:48.302 [info] > git for-each-ref --format=%(refname)%00%(upstream:short)%00%(objectname)%00%(upstream:track)%00%(upstream:remotename)%00%(upstream:remoteref) refs/heads/master refs/remotes/master [1ms]
2024-02-17 22:16:48.302 [warning] No such branch: master.
2024-02-17 22:16:48.323 [info] > git status -z -uall [7ms]
2024-02-17 22:16:53.363 [info] No remotes found in the git config file.
2024-02-17 22:16:53.364 [info] > git config --get commit.template [12ms]
2024-02-17 22:16:53.364 [info] > git for-each-ref --format=%(refname)%00%(upstream:short)%00%(objectname)%00%(upstream:track)%00%(upstream:remotename)%00%(upstream:remoteref) refs/heads/master refs/remotes/master [1ms]
2024-02-17 22:16:53.364 [warning] No such branch: master.
2024-02-17 22:16:53.392 [info] > git status -z -uall [17ms]
2024-02-17 22:16:58.420 [info] No remotes found in the git config file.
2024-02-17 22:16:58.431 [info] > git config --get commit.template [12ms]
2024-02-17 22:16:58.431 [info] > git for-each-ref --format=%(refname)%00%(upstream:short)%00%(objectname)%00%(upstream:track)%00%(upstream:remotename)%00%(upstream:remoteref) refs/heads/master refs/remotes/master [1ms]
2024-02-17 22:16:58.432 [warning] No such branch: master.
2024-02-17 22:16:58.449 [info] > git status -z -uall [7ms]
2024-02-17 22:17:03.488 [info] No remotes found in the git config file.
2024-02-17 22:17:03.489 [info] > git config --get commit.template [11ms]
2024-02-17 22:17:03.489 [info] > git for-each-ref --format=%(refname)%00%(upstream:short)%00%(objectname)%00%(upstream:track)%00%(upstream:remotename)%00%(upstream:remoteref) refs/heads/master refs/remotes/master [1ms]
2024-02-17 22:17:03.489 [warning] No such branch: master.
2024-02-17 22:17:03.505 [info] > git status -z -uall [6ms]
2024-02-17 22:17:08.535 [info] No remotes found in the git config file.
2024-02-17 22:17:08.546 [info] > git config --get commit.template [12ms]
2024-02-17 22:17:08.546 [info] > git for-each-ref --format=%(refname)%00%(upstream:short)%00%(objectname)%00%(upstream:track)%00%(upstream:remotename)%00%(upstream:remoteref) refs/heads/master refs/remotes/master [1ms]
2024-02-17 22:17:08.546 [warning] No such branch: master.
2024-02-17 22:17:08.571 [info] > git status -z -uall [14ms]
2024-02-17 22:17:13.609 [info] No remotes found in the git config file.
2024-02-17 22:17:13.610 [info] > git config --get commit.template [13ms]
2024-02-17 22:17:13.610 [info] > git for-each-ref --format=%(refname)%00%(upstream:short)%00%(objectname)%00%(upstream:track)%00%(upstream:remotename)%00%(upstream:remoteref) refs/heads/master refs/remotes/master [1ms]
2024-02-17 22:17:13.610 [warning] No such branch: master.
2024-02-17 22:17:13.671 [info] > git status -z -uall [42ms]
2024-02-17 22:17:18.711 [info] No remotes found in the git config file.
2024-02-17 22:17:18.711 [info] > git config --get commit.template [12ms]
2024-02-17 22:17:18.711 [info] > git for-each-ref --format=%(refname)%00%(upstream:short)%00%(objectname)%00%(upstream:track)%00%(upstream:remotename)%00%(upstream:remoteref) refs/heads/master refs/remotes/master [1ms]
2024-02-17 22:17:18.711 [warning] No such branch: master.
2024-02-17 22:17:18.730 [info] > git status -z -uall [8ms]
2024-02-17 22:17:24.090 [info] No remotes found in the git config file.
2024-02-17 22:17:24.091 [info] > git config --get commit.template [12ms]
2024-02-17 22:17:24.091 [info] > git for-each-ref --format=%(refname)%00%(upstream:short)%00%(objectname)%00%(upstream:track)%00%(upstream:remotename)%00%(upstream:remoteref) refs/heads/master refs/remotes/master [1ms]
2024-02-17 22:17:24.091 [warning] No such branch: master.
2024-02-17 22:17:24.151 [info] > git status -z -uall [46ms]
2024-02-17 22:17:29.197 [info] > git config --get commit.template [11ms]
2024-02-17 22:17:29.198 [info] No remotes found in the git config file.
2024-02-17 22:17:29.198 [info] > git for-each-ref --format=%(refname)%00%(upstream:short)%00%(objectname)%00%(upstream:track)%00%(upstream:remotename)%00%(upstream:remoteref) refs/heads/master refs/remotes/master [1ms]
2024-02-17 22:17:29.198 [warning] No such branch: master.
2024-02-17 22:17:29.221 [info] > git status -z -uall [11ms]
2024-02-17 22:17:34.274 [info] No remotes found in the git config file.
2024-02-17 22:17:34.274 [info] > git config --get commit.template [12ms]
2024-02-17 22:17:34.274 [info] > git for-each-ref --format=%(refname)%00%(upstream:short)%00%(objectname)%00%(upstream:track)%00%(upstream:remotename)%00%(upstream:remoteref) refs/heads/master refs/remotes/master [1ms]
2024-02-17 22:17:34.275 [warning] No such branch: master.
2024-02-17 22:17:34.295 [info] > git status -z -uall [8ms]
2024-02-17 22:17:39.324 [info] > git config --get commit.template [1ms]
2024-02-17 22:17:39.335 [info] No remotes found in the git config file.
2024-02-17 22:17:39.336 [info] > git for-each-ref --format=%(refname)%00%(upstream:short)%00%(objectname)%00%(upstream:track)%00%(upstream:remotename)%00%(upstream:remoteref) refs/heads/master refs/remotes/master [0ms]
2024-02-17 22:17:39.336 [warning] No such branch: master.
2024-02-17 22:17:39.371 [info] > git status -z -uall [24ms]
2024-02-17 22:17:44.399 [info] > git config --get commit.template [1ms]
2024-02-17 22:17:44.420 [info] No remotes found in the git config file.
2024-02-17 22:17:44.423 [info] > git for-each-ref --format=%(refname)%00%(upstream:short)%00%(objectname)%00%(upstream:track)%00%(upstream:remotename)%00%(upstream:remoteref) refs/heads/master refs/remotes/master [3ms]
2024-02-17 22:17:44.423 [warning] No such branch: master.
2024-02-17 22:17:44.471 [info] > git status -z -uall [28ms]
2024-02-17 22:17:49.501 [info] > git config --get commit.template [1ms]
2024-02-17 22:17:49.512 [info] No remotes found in the git config file.
2024-02-17 22:17:49.513 [info] > git for-each-ref --format=%(refname)%00%(upstream:short)%00%(objectname)%00%(upstream:track)%00%(upstream:remotename)%00%(upstream:remoteref) refs/heads/master refs/remotes/master [1ms]
2024-02-17 22:17:49.513 [warning] No such branch: master.
2024-02-17 22:17:49.558 [info] > git status -z -uall [31ms]
2024-02-17 22:17:54.598 [info] No remotes found in the git config file.
2024-02-17 22:17:54.598 [info] > git config --get commit.template [13ms]
2024-02-17 22:17:54.599 [info] > git for-each-ref --format=%(refname)%00%(upstream:short)%00%(objectname)%00%(upstream:track)%00%(upstream:remotename)%00%(upstream:remoteref) refs/heads/master refs/remotes/master [1ms]
2024-02-17 22:17:54.599 [warning] No such branch: master.
2024-02-17 22:17:54.619 [info] > git status -z -uall [9ms]
2024-02-17 22:17:59.659 [info] No remotes found in the git config file.
2024-02-17 22:17:59.659 [info] > git config --get commit.template [13ms]
2024-02-17 22:17:59.659 [info] > git for-each-ref --format=%(refname)%00%(upstream:short)%00%(objectname)%00%(upstream:track)%00%(upstream:remotename)%00%(upstream:remoteref) refs/heads/master refs/remotes/master [1ms]
2024-02-17 22:17:59.660 [warning] No such branch: master.
2024-02-17 22:17:59.676 [info] > git status -z -uall [6ms]
2024-02-17 22:18:04.716 [info] > git config --get commit.template [11ms]
2024-02-17 22:18:04.717 [info] No remotes found in the git config file.
2024-02-17 22:18:04.717 [info] > git for-each-ref --format=%(refname)%00%(upstream:short)%00%(objectname)%00%(upstream:track)%00%(upstream:remotename)%00%(upstream:remoteref) refs/heads/master refs/remotes/master [1ms]
2024-02-17 22:18:04.717 [warning] No such branch: master.
2024-02-17 22:18:04.745 [info] > git status -z -uall [17ms]
2024-02-17 22:18:09.785 [info] > git config --get commit.template [12ms]
2024-02-17 22:18:09.785 [info] No remotes found in the git config file.
2024-02-17 22:18:09.785 [info] > git for-each-ref --format=%(refname)%00%(upstream:short)%00%(objectname)%00%(upstream:track)%00%(upstream:remotename)%00%(upstream:remoteref) refs/heads/master refs/remotes/master [1ms]
2024-02-17 22:18:09.785 [warning] No such branch: master.
2024-02-17 22:18:09.804 [info] > git status -z -uall [8ms]
2024-02-17 22:18:14.833 [info] > git config --get commit.template [0ms]
2024-02-17 22:18:14.844 [info] No remotes found in the git config file.
2024-02-17 22:18:14.844 [info] > git for-each-ref --format=%(refname)%00%(upstream:short)%00%(objectname)%00%(upstream:track)%00%(upstream:remotename)%00%(upstream:remoteref) refs/heads/master refs/remotes/master [1ms]
2024-02-17 22:18:14.845 [warning] No such branch: master.
2024-02-17 22:18:14.862 [info] > git status -z -uall [7ms]
2024-02-17 22:18:19.902 [info] No remotes found in the git config file.
2024-02-17 22:18:19.903 [info] > git config --get commit.template [12ms]
2024-02-17 22:18:19.903 [info] > git for-each-ref --format=%(refname)%00%(upstream:short)%00%(objectname)%00%(upstream:track)%00%(upstream:remotename)%00%(upstream:remoteref) refs/heads/master refs/remotes/master [1ms]
2024-02-17 22:18:19.903 [warning] No such branch: master.
2024-02-17 22:18:19.930 [info] > git status -z -uall [15ms]
2024-02-17 22:18:24.970 [info] > git config --get commit.template [12ms]
2024-02-17 22:18:24.970 [info] No remotes found in the git config file.
2024-02-17 22:18:24.971 [info] > git for-each-ref --format=%(refname)%00%(upstream:short)%00%(objectname)%00%(upstream:track)%00%(upstream:remotename)%00%(upstream:remoteref) refs/heads/master refs/remotes/master [1ms]
2024-02-17 22:18:24.971 [warning] No such branch: master.
2024-02-17 22:18:24.988 [info] > git status -z -uall [7ms]
2024-02-17 22:18:30.016 [info] No remotes found in the git config file.
2024-02-17 22:18:30.017 [info] > git config --get commit.template [1ms]
2024-02-17 22:18:30.028 [info] > git for-each-ref --format=%(refname)%00%(upstream:short)%00%(objectname)%00%(upstream:track)%00%(upstream:remotename)%00%(upstream:remoteref) refs/heads/master refs/remotes/master [1ms]
2024-02-17 22:18:30.028 [warning] No such branch: master.
2024-02-17 22:18:30.045 [info] > git status -z -uall [6ms]
2024-02-17 22:18:35.087 [info] > git config --get commit.template [12ms]
2024-02-17 22:18:35.087 [info] No remotes found in the git config file.
2024-02-17 22:18:35.088 [info] > git for-each-ref --format=%(refname)%00%(upstream:short)%00%(objectname)%00%(upstream:track)%00%(upstream:remotename)%00%(upstream:remoteref) refs/heads/master refs/remotes/master [1ms]
2024-02-17 22:18:35.088 [warning] No such branch: master.
2024-02-17 22:18:35.105 [info] > git status -z -uall [6ms]
2024-02-17 22:18:40.145 [info] No remotes found in the git config file.
2024-02-17 22:18:40.146 [info] > git config --get commit.template [12ms]
2024-02-17 22:18:40.146 [info] > git for-each-ref --format=%(refname)%00%(upstream:short)%00%(objectname)%00%(upstream:track)%00%(upstream:remotename)%00%(upstream:remoteref) refs/heads/master refs/remotes/master [1ms]
2024-02-17 22:18:40.146 [warning] No such branch: master.
2024-02-17 22:18:40.163 [info] > git status -z -uall [6ms]
2024-02-17 22:18:45.204 [info] No remotes found in the git config file.
2024-02-17 22:18:45.204 [info] > git config --get commit.template [12ms]
2024-02-17 22:18:45.204 [info] > git for-each-ref --format=%(refname)%00%(upstream:short)%00%(objectname)%00%(upstream:track)%00%(upstream:remotename)%00%(upstream:remoteref) refs/heads/master refs/remotes/master [1ms]
2024-02-17 22:18:45.204 [warning] No such branch: master.
2024-02-17 22:18:45.221 [info] > git status -z -uall [6ms]
2024-02-17 22:18:50.261 [info] No remotes found in the git config file.
2024-02-17 22:18:50.262 [info] > git config --get commit.template [12ms]
2024-02-17 22:18:50.262 [info] > git for-each-ref --format=%(refname)%00%(upstream:short)%00%(objectname)%00%(upstream:track)%00%(upstream:remotename)%00%(upstream:remoteref) refs/heads/master refs/remotes/master [1ms]
2024-02-17 22:18:50.262 [warning] No such branch: master.
2024-02-17 22:18:50.279 [info] > git status -z -uall [6ms]
2024-02-17 22:18:55.319 [info] No remotes found in the git config file.
2024-02-17 22:18:55.319 [info] > git config --get commit.template [12ms]
2024-02-17 22:18:55.319 [info] > git for-each-ref --format=%(refname)%00%(upstream:short)%00%(objectname)%00%(upstream:track)%00%(upstream:remotename)%00%(upstream:remoteref) refs/heads/master refs/remotes/master [1ms]
2024-02-17 22:18:55.319 [warning] No such branch: master.
2024-02-17 22:18:55.344 [info] > git status -z -uall [14ms]
2024-02-17 22:19:00.373 [info] No remotes found in the git config file.
2024-02-17 22:19:00.374 [info] > git config --get commit.template [1ms]
2024-02-17 22:19:00.386 [info] > git for-each-ref --format=%(refname)%00%(upstream:short)%00%(objectname)%00%(upstream:track)%00%(upstream:remotename)%00%(upstream:remoteref) refs/heads/master refs/remotes/master [0ms]
2024-02-17 22:19:00.386 [warning] No such branch: master.
2024-02-17 22:19:00.403 [info] > git status -z -uall [6ms]
2024-02-17 22:19:05.444 [info] No remotes found in the git config file.
2024-02-17 22:19:05.444 [info] > git config --get commit.template [12ms]
2024-02-17 22:19:05.445 [info] > git for-each-ref --format=%(refname)%00%(upstream:short)%00%(objectname)%00%(upstream:track)%00%(upstream:remotename)%00%(upstream:remoteref) refs/heads/master refs/remotes/master [1ms]
2024-02-17 22:19:05.445 [warning] No such branch: master.
2024-02-17 22:19:05.462 [info] > git status -z -uall [7ms]
2024-02-17 22:19:10.502 [info] > git config --get commit.template [11ms]
2024-02-17 22:19:10.502 [info] No remotes found in the git config file.
2024-02-17 22:19:10.502 [info] > git for-each-ref --format=%(refname)%00%(upstream:short)%00%(objectname)%00%(upstream:track)%00%(upstream:remotename)%00%(upstream:remoteref) refs/heads/master refs/remotes/master [1ms]
2024-02-17 22:19:10.502 [warning] No such branch: master.
2024-02-17 22:19:10.520 [info] > git status -z -uall [6ms]
2024-02-17 22:19:15.564 [info] No remotes found in the git config file.
2024-02-17 22:19:15.564 [info] > git config --get commit.template [14ms]
2024-02-17 22:19:15.564 [info] > git for-each-ref --format=%(refname)%00%(upstream:short)%00%(objectname)%00%(upstream:track)%00%(upstream:remotename)%00%(upstream:remoteref) refs/heads/master refs/remotes/master [1ms]
2024-02-17 22:19:15.565 [warning] No such branch: master.
2024-02-17 22:19:15.594 [info] > git status -z -uall [18ms]
2024-02-17 22:19:20.623 [info] > git config --get commit.template [1ms]
2024-02-17 22:19:20.634 [info] No remotes found in the git config file.
2024-02-17 22:19:20.635 [info] > git for-each-ref --format=%(refname)%00%(upstream:short)%00%(objectname)%00%(upstream:track)%00%(upstream:remotename)%00%(upstream:remoteref) refs/heads/master refs/remotes/master [1ms]
2024-02-17 22:19:20.635 [warning] No such branch: master.
2024-02-17 22:19:20.697 [info] > git status -z -uall [49ms]
2024-02-17 22:19:25.739 [info] > git config --get commit.template [11ms]
2024-02-17 22:19:25.739 [info] No remotes found in the git config file.
2024-02-17 22:19:25.739 [info] > git for-each-ref --format=%(refname)%00%(upstream:short)%00%(objectname)%00%(upstream:track)%00%(upstream:remotename)%00%(upstream:remoteref) refs/heads/master refs/remotes/master [1ms]
2024-02-17 22:19:25.739 [warning] No such branch: master.
2024-02-17 22:19:25.761 [info] > git status -z -uall [11ms]
2024-02-17 22:19:30.801 [info] > git config --get commit.template [12ms]
2024-02-17 22:19:30.801 [info] No remotes found in the git config file.
2024-02-17 22:19:30.801 [info] > git for-each-ref --format=%(refname)%00%(upstream:short)%00%(objectname)%00%(upstream:track)%00%(upstream:remotename)%00%(upstream:remoteref) refs/heads/master refs/remotes/master [1ms]
2024-02-17 22:19:30.801 [warning] No such branch: master.
2024-02-17 22:19:30.825 [info] > git status -z -uall [13ms]
2024-02-17 22:19:35.866 [info] No remotes found in the git config file.
2024-02-17 22:19:35.866 [info] > git config --get commit.template [12ms]
2024-02-17 22:19:35.866 [info] > git for-each-ref --format=%(refname)%00%(upstream:short)%00%(objectname)%00%(upstream:track)%00%(upstream:remotename)%00%(upstream:remoteref) refs/heads/master refs/remotes/master [1ms]
2024-02-17 22:19:35.866 [warning] No such branch: master.
2024-02-17 22:19:35.883 [info] > git status -z -uall [6ms]
2024-02-17 22:19:40.911 [info] > git config --get commit.template [3ms]
2024-02-17 22:19:40.922 [info] No remotes found in the git config file.
2024-02-17 22:19:40.923 [info] > git for-each-ref --format=%(refname)%00%(upstream:short)%00%(objectname)%00%(upstream:track)%00%(upstream:remotename)%00%(upstream:remoteref) refs/heads/master refs/remotes/master [1ms]
2024-02-17 22:19:40.923 [warning] No such branch: master.
2024-02-17 22:19:40.940 [info] > git status -z -uall [6ms]
2024-02-17 22:19:45.969 [info] No remotes found in the git config file.
2024-02-17 22:19:45.981 [info] > git config --get commit.template [12ms]
2024-02-17 22:19:45.981 [info] > git for-each-ref --format=%(refname)%00%(upstream:short)%00%(objectname)%00%(upstream:track)%00%(upstream:remotename)%00%(upstream:remoteref) refs/heads/master refs/remotes/master [1ms]
2024-02-17 22:19:45.981 [warning] No such branch: master.
2024-02-17 22:19:45.999 [info] > git status -z -uall [7ms]
2024-02-17 22:19:51.039 [info] > git config --get commit.template [12ms]
2024-02-17 22:19:51.039 [info] No remotes found in the git config file.
2024-02-17 22:19:51.040 [info] > git for-each-ref --format=%(refname)%00%(upstream:short)%00%(objectname)%00%(upstream:track)%00%(upstream:remotename)%00%(upstream:remoteref) refs/heads/master refs/remotes/master [1ms]
2024-02-17 22:19:51.040 [warning] No such branch: master.
2024-02-17 22:19:51.062 [info] > git status -z -uall [11ms]
2024-02-17 22:19:56.103 [info] No remotes found in the git config file.
2024-02-17 22:19:56.104 [info] > git config --get commit.template [13ms]
2024-02-17 22:19:56.104 [info] > git for-each-ref --format=%(refname)%00%(upstream:short)%00%(objectname)%00%(upstream:track)%00%(upstream:remotename)%00%(upstream:remoteref) refs/heads/master refs/remotes/master [1ms]
2024-02-17 22:19:56.104 [warning] No such branch: master.
2024-02-17 22:19:56.138 [info] > git status -z -uall [22ms]
2024-02-17 22:20:01.179 [info] > git config --get commit.template [13ms]
2024-02-17 22:20:01.179 [info] No remotes found in the git config file.
2024-02-17 22:20:01.179 [info] > git for-each-ref --format=%(refname)%00%(upstream:short)%00%(objectname)%00%(upstream:track)%00%(upstream:remotename)%00%(upstream:remoteref) refs/heads/master refs/remotes/master [1ms]
2024-02-17 22:20:01.180 [warning] No such branch: master.
2024-02-17 22:20:01.198 [info] > git status -z -uall [7ms]
2024-02-17 22:20:06.237 [info] No remotes found in the git config file.
2024-02-17 22:20:06.238 [info] > git config --get commit.template [13ms]
2024-02-17 22:20:06.238 [info] > git for-each-ref --format=%(refname)%00%(upstream:short)%00%(objectname)%00%(upstream:track)%00%(upstream:remotename)%00%(upstream:remoteref) refs/heads/master refs/remotes/master [1ms]
2024-02-17 22:20:06.238 [warning] No such branch: master.
2024-02-17 22:20:06.255 [info] > git status -z -uall [6ms]
2024-02-17 22:20:11.295 [info] > git config --get commit.template [12ms]
2024-02-17 22:20:11.295 [info] No remotes found in the git config file.
2024-02-17 22:20:11.295 [info] > git for-each-ref --format=%(refname)%00%(upstream:short)%00%(objectname)%00%(upstream:track)%00%(upstream:remotename)%00%(upstream:remoteref) refs/heads/master refs/remotes/master [1ms]
2024-02-17 22:20:11.295 [warning] No such branch: master.
2024-02-17 22:20:11.324 [info] > git status -z -uall [18ms]
2024-02-17 22:20:16.365 [info] > git config --get commit.template [13ms]
2024-02-17 22:20:16.365 [info] No remotes found in the git config file.
2024-02-17 22:20:16.365 [info] > git for-each-ref --format=%(refname)%00%(upstream:short)%00%(objectname)%00%(upstream:track)%00%(upstream:remotename)%00%(upstream:remoteref) refs/heads/master refs/remotes/master [1ms]
2024-02-17 22:20:16.366 [warning] No such branch: master.
2024-02-17 22:20:16.397 [info] > git status -z -uall [20ms]
2024-02-17 22:20:21.442 [info] No remotes found in the git config file.
2024-02-17 22:20:21.442 [info] > git config --get commit.template [12ms]
2024-02-17 22:20:21.443 [info] > git for-each-ref --format=%(refname)%00%(upstream:short)%00%(objectname)%00%(upstream:track)%00%(upstream:remotename)%00%(upstream:remoteref) refs/heads/master refs/remotes/master [1ms]
2024-02-17 22:20:21.443 [warning] No such branch: master.
2024-02-17 22:20:21.460 [info] > git status -z -uall [6ms]
2024-02-17 22:20:26.501 [info] No remotes found in the git config file.
2024-02-17 22:20:26.501 [info] > git config --get commit.template [12ms]
2024-02-17 22:20:26.501 [info] > git for-each-ref --format=%(refname)%00%(upstream:short)%00%(objectname)%00%(upstream:track)%00%(upstream:remotename)%00%(upstream:remoteref) refs/heads/master refs/remotes/master [1ms]
2024-02-17 22:20:26.501 [warning] No such branch: master.
2024-02-17 22:20:26.522 [info] > git status -z -uall [10ms]
2024-02-17 22:20:31.551 [info] No remotes found in the git config file.
2024-02-17 22:20:31.551 [info] > git config --get commit.template [1ms]
2024-02-17 22:20:31.564 [info] > git for-each-ref --format=%(refname)%00%(upstream:short)%00%(objectname)%00%(upstream:track)%00%(upstream:remotename)%00%(upstream:remoteref) refs/heads/master refs/remotes/master [1ms]
2024-02-17 22:20:31.564 [warning] No such branch: master.
2024-02-17 22:20:31.594 [info] > git status -z -uall [18ms]
2024-02-17 22:20:36.635 [info] No remotes found in the git config file.
2024-02-17 22:20:36.636 [info] > git config --get commit.template [13ms]
2024-02-17 22:20:36.636 [info] > git for-each-ref --format=%(refname)%00%(upstream:short)%00%(objectname)%00%(upstream:track)%00%(upstream:remotename)%00%(upstream:remoteref) refs/heads/master refs/remotes/master [1ms]
2024-02-17 22:20:36.636 [warning] No such branch: master.
2024-02-17 22:20:36.653 [info] > git status -z -uall [6ms]
2024-02-17 22:20:41.693 [info] > git config --get commit.template [12ms]
2024-02-17 22:20:41.694 [info] No remotes found in the git config file.
2024-02-17 22:20:41.694 [info] > git for-each-ref --format=%(refname)%00%(upstream:short)%00%(objectname)%00%(upstream:track)%00%(upstream:remotename)%00%(upstream:remoteref) refs/heads/master refs/remotes/master [1ms]
2024-02-17 22:20:41.694 [warning] No such branch: master.
2024-02-17 22:20:41.711 [info] > git status -z -uall [6ms]
2024-02-17 22:20:46.753 [info] > git config --get commit.template [11ms]
2024-02-17 22:20:46.753 [info] No remotes found in the git config file.
2024-02-17 22:20:46.753 [info] > git for-each-ref --format=%(refname)%00%(upstream:short)%00%(objectname)%00%(upstream:track)%00%(upstream:remotename)%00%(upstream:remoteref) refs/heads/master refs/remotes/master [1ms]
2024-02-17 22:20:46.753 [warning] No such branch: master.
2024-02-17 22:20:46.779 [info] > git status -z -uall [15ms]
2024-02-17 22:20:51.819 [info] No remotes found in the git config file.
2024-02-17 22:20:51.819 [info] > git config --get commit.template [13ms]
2024-02-17 22:20:51.820 [info] > git for-each-ref --format=%(refname)%00%(upstream:short)%00%(objectname)%00%(upstream:track)%00%(upstream:remotename)%00%(upstream:remoteref) refs/heads/master refs/remotes/master [1ms]
2024-02-17 22:20:51.820 [warning] No such branch: master.
2024-02-17 22:20:51.840 [info] > git status -z -uall [9ms]
2024-02-17 22:20:56.879 [info] No remotes found in the git config file.
2024-02-17 22:20:56.880 [info] > git config --get commit.template [12ms]
2024-02-17 22:20:56.880 [info] > git for-each-ref --format=%(refname)%00%(upstream:short)%00%(objectname)%00%(upstream:track)%00%(upstream:remotename)%00%(upstream:remoteref) refs/heads/master refs/remotes/master [1ms]
2024-02-17 22:20:56.880 [warning] No such branch: master.
2024-02-17 22:20:56.897 [info] > git status -z -uall [6ms]
2024-02-17 22:21:01.941 [info] No remotes found in the git config file.
2024-02-17 22:21:01.942 [info] > git config --get commit.template [16ms]
2024-02-17 22:21:01.942 [info] > git for-each-ref --format=%(refname)%00%(upstream:short)%00%(objectname)%00%(upstream:track)%00%(upstream:remotename)%00%(upstream:remoteref) refs/heads/master refs/remotes/master [1ms]
2024-02-17 22:21:01.942 [warning] No such branch: master.
2024-02-17 22:21:01.973 [info] > git status -z -uall [16ms]
2024-02-17 22:21:07.015 [info] No remotes found in the git config file.
2024-02-17 22:21:07.016 [info] > git config --get commit.template [12ms]
2024-02-17 22:21:07.016 [info] > git for-each-ref --format=%(refname)%00%(upstream:short)%00%(objectname)%00%(upstream:track)%00%(upstream:remotename)%00%(upstream:remoteref) refs/heads/master refs/remotes/master [1ms]
2024-02-17 22:21:07.016 [warning] No such branch: master.
2024-02-17 22:21:07.033 [info] > git status -z -uall [6ms]
2024-02-17 22:21:12.060 [info] No remotes found in the git config file.
2024-02-17 22:21:12.074 [info] > git config --get commit.template [14ms]
2024-02-17 22:21:12.074 [info] > git for-each-ref --format=%(refname)%00%(upstream:short)%00%(objectname)%00%(upstream:track)%00%(upstream:remotename)%00%(upstream:remoteref) refs/heads/master refs/remotes/master [1ms]
2024-02-17 22:21:12.074 [warning] No such branch: master.
2024-02-17 22:21:12.092 [info] > git status -z -uall [6ms]
2024-02-17 22:21:17.134 [info] > git config --get commit.template [11ms]
2024-02-17 22:21:17.135 [info] No remotes found in the git config file.
2024-02-17 22:21:17.135 [info] > git for-each-ref --format=%(refname)%00%(upstream:short)%00%(objectname)%00%(upstream:track)%00%(upstream:remotename)%00%(upstream:remoteref) refs/heads/master refs/remotes/master [1ms]
2024-02-17 22:21:17.135 [warning] No such branch: master.
2024-02-17 22:21:17.154 [info] > git status -z -uall [7ms]
2024-02-17 22:21:22.182 [info] > git config --get commit.template [1ms]
2024-02-17 22:21:22.183 [info] No remotes found in the git config file.
2024-02-17 22:21:22.195 [info] > git for-each-ref --format=%(refname)%00%(upstream:short)%00%(objectname)%00%(upstream:track)%00%(upstream:remotename)%00%(upstream:remoteref) refs/heads/master refs/remotes/master [1ms]
2024-02-17 22:21:22.195 [warning] No such branch: master.
2024-02-17 22:21:22.212 [info] > git status -z -uall [6ms]
2024-02-17 22:21:27.254 [info] No remotes found in the git config file.
2024-02-17 22:21:27.255 [info] > git config --get commit.template [12ms]
2024-02-17 22:21:27.255 [info] > git for-each-ref --format=%(refname)%00%(upstream:short)%00%(objectname)%00%(upstream:track)%00%(upstream:remotename)%00%(upstream:remoteref) refs/heads/master refs/remotes/master [1ms]
2024-02-17 22:21:27.255 [warning] No such branch: master.
2024-02-17 22:21:27.272 [info] > git status -z -uall [6ms]
2024-02-17 22:21:32.312 [info] > git config --get commit.template [12ms]
2024-02-17 22:21:32.313 [info] No remotes found in the git config file.
2024-02-17 22:21:32.313 [info] > git for-each-ref --format=%(refname)%00%(upstream:short)%00%(objectname)%00%(upstream:track)%00%(upstream:remotename)%00%(upstream:remoteref) refs/heads/master refs/remotes/master [1ms]
2024-02-17 22:21:32.313 [warning] No such branch: master.
2024-02-17 22:21:32.330 [info] > git status -z -uall [6ms]
2024-02-17 22:21:37.371 [info] No remotes found in the git config file.
2024-02-17 22:21:37.372 [info] > git config --get commit.template [12ms]
2024-02-17 22:21:37.372 [info] > git for-each-ref --format=%(refname)%00%(upstream:short)%00%(objectname)%00%(upstream:track)%00%(upstream:remotename)%00%(upstream:remoteref) refs/heads/master refs/remotes/master [1ms]
2024-02-17 22:21:37.372 [warning] No such branch: master.
2024-02-17 22:21:37.397 [info] > git status -z -uall [14ms]
2024-02-17 22:21:42.426 [info] No remotes found in the git config file.
2024-02-17 22:21:42.426 [info] > git config --get commit.template [1ms]
2024-02-17 22:21:42.438 [info] > git for-each-ref --format=%(refname)%00%(upstream:short)%00%(objectname)%00%(upstream:track)%00%(upstream:remotename)%00%(upstream:remoteref) refs/heads/master refs/remotes/master [1ms]
2024-02-17 22:21:42.438 [warning] No such branch: master.
2024-02-17 22:21:42.464 [info] > git status -z -uall [15ms]
2024-02-17 22:21:47.506 [info] No remotes found in the git config file.
2024-02-17 22:21:47.506 [info] > git config --get commit.template [13ms]
2024-02-17 22:21:47.507 [info] > git for-each-ref --format=%(refname)%00%(upstream:short)%00%(objectname)%00%(upstream:track)%00%(upstream:remotename)%00%(upstream:remoteref) refs/heads/master refs/remotes/master [0ms]
2024-02-17 22:21:47.507 [warning] No such branch: master.
2024-02-17 22:21:47.524 [info] > git status -z -uall [6ms]
2024-02-17 22:21:52.565 [info] No remotes found in the git config file.
2024-02-17 22:21:52.566 [info] > git config --get commit.template [13ms]
2024-02-17 22:21:52.566 [info] > git for-each-ref --format=%(refname)%00%(upstream:short)%00%(objectname)%00%(upstream:track)%00%(upstream:remotename)%00%(upstream:remoteref) refs/heads/master refs/remotes/master [1ms]
2024-02-17 22:21:52.566 [warning] No such branch: master.
2024-02-17 22:21:52.593 [info] > git status -z -uall [16ms]
2024-02-17 22:21:57.632 [info] No remotes found in the git config file.
2024-02-17 22:21:57.632 [info] > git config --get commit.template [12ms]
2024-02-17 22:21:57.632 [info] > git for-each-ref --format=%(refname)%00%(upstream:short)%00%(objectname)%00%(upstream:track)%00%(upstream:remotename)%00%(upstream:remoteref) refs/heads/master refs/remotes/master [1ms]
2024-02-17 22:21:57.632 [warning] No such branch: master.
2024-02-17 22:21:57.649 [info] > git status -z -uall [6ms]
2024-02-17 22:22:02.690 [info] > git config --get commit.template [12ms]
2024-02-17 22:22:02.690 [info] No remotes found in the git config file.
2024-02-17 22:22:02.690 [info] > git for-each-ref --format=%(refname)%00%(upstream:short)%00%(objectname)%00%(upstream:track)%00%(upstream:remotename)%00%(upstream:remoteref) refs/heads/master refs/remotes/master [1ms]
2024-02-17 22:22:02.691 [warning] No such branch: master.
2024-02-17 22:22:02.709 [info] > git status -z -uall [7ms]
2024-02-17 22:22:08.038 [info] No remotes found in the git config file.
2024-02-17 22:22:08.039 [info] > git config --get commit.template [13ms]
2024-02-17 22:22:08.039 [info] > git for-each-ref --format=%(refname)%00%(upstream:short)%00%(objectname)%00%(upstream:track)%00%(upstream:remotename)%00%(upstream:remoteref) refs/heads/master refs/remotes/master [1ms]
2024-02-17 22:22:08.039 [warning] No such branch: master.
2024-02-17 22:22:08.062 [info] > git status -z -uall [12ms]
2024-02-17 22:22:13.103 [info] > git config --get commit.template [12ms]
2024-02-17 22:22:13.103 [info] No remotes found in the git config file.
2024-02-17 22:22:13.103 [info] > git for-each-ref --format=%(refname)%00%(upstream:short)%00%(objectname)%00%(upstream:track)%00%(upstream:remotename)%00%(upstream:remoteref) refs/heads/master refs/remotes/master [0ms]
2024-02-17 22:22:13.104 [warning] No such branch: master.
2024-02-17 22:22:13.125 [info] > git status -z -uall [10ms]
2024-02-17 22:22:18.165 [info] No remotes found in the git config file.
2024-02-17 22:22:18.166 [info] > git config --get commit.template [12ms]
2024-02-17 22:22:18.166 [info] > git for-each-ref --format=%(refname)%00%(upstream:short)%00%(objectname)%00%(upstream:track)%00%(upstream:remotename)%00%(upstream:remoteref) refs/heads/master refs/remotes/master [1ms]
2024-02-17 22:22:18.166 [warning] No such branch: master.
2024-02-17 22:22:18.183 [info] > git status -z -uall [6ms]
2024-02-17 22:22:23.212 [info] > git config --get commit.template [1ms]
2024-02-17 22:22:23.212 [info] No remotes found in the git config file.
2024-02-17 22:22:23.224 [info] > git for-each-ref --format=%(refname)%00%(upstream:short)%00%(objectname)%00%(upstream:track)%00%(upstream:remotename)%00%(upstream:remoteref) refs/heads/master refs/remotes/master [1ms]
2024-02-17 22:22:23.225 [warning] No such branch: master.
2024-02-17 22:22:23.243 [info] > git status -z -uall [7ms]
2024-02-17 22:22:28.284 [info] > git config --get commit.template [12ms]
2024-02-17 22:22:28.284 [info] No remotes found in the git config file.
2024-02-17 22:22:28.284 [info] > git for-each-ref --format=%(refname)%00%(upstream:short)%00%(objectname)%00%(upstream:track)%00%(upstream:remotename)%00%(upstream:remoteref) refs/heads/master refs/remotes/master [1ms]
2024-02-17 22:22:28.284 [warning] No such branch: master.
2024-02-17 22:22:28.311 [info] > git status -z -uall [15ms]
2024-02-17 22:22:33.354 [info] > git config --get commit.template [12ms]
2024-02-17 22:22:33.354 [info] No remotes found in the git config file.
2024-02-17 22:22:33.354 [info] > git for-each-ref --format=%(refname)%00%(upstream:short)%00%(objectname)%00%(upstream:track)%00%(upstream:remotename)%00%(upstream:remoteref) refs/heads/master refs/remotes/master [0ms]
2024-02-17 22:22:33.355 [warning] No such branch: master.
2024-02-17 22:22:33.373 [info] > git status -z -uall [6ms]
2024-02-17 22:22:38.415 [info] No remotes found in the git config file.
2024-02-17 22:22:38.415 [info] > git config --get commit.template [12ms]
2024-02-17 22:22:38.415 [info] > git for-each-ref --format=%(refname)%00%(upstream:short)%00%(objectname)%00%(upstream:track)%00%(upstream:remotename)%00%(upstream:remoteref) refs/heads/master refs/remotes/master [1ms]
2024-02-17 22:22:38.415 [warning] No such branch: master.
2024-02-17 22:22:38.433 [info] > git status -z -uall [6ms]
2024-02-17 22:22:43.473 [info] No remotes found in the git config file.
2024-02-17 22:22:43.474 [info] > git config --get commit.template [13ms]
2024-02-17 22:22:43.474 [info] > git for-each-ref --format=%(refname)%00%(upstream:short)%00%(objectname)%00%(upstream:track)%00%(upstream:remotename)%00%(upstream:remoteref) refs/heads/master refs/remotes/master [1ms]
2024-02-17 22:22:43.474 [warning] No such branch: master.
2024-02-17 22:22:43.499 [info] > git status -z -uall [14ms]
2024-02-17 22:22:48.538 [info] No remotes found in the git config file.
2024-02-17 22:22:48.539 [info] > git config --get commit.template [12ms]
2024-02-17 22:22:48.539 [info] > git for-each-ref --format=%(refname)%00%(upstream:short)%00%(objectname)%00%(upstream:track)%00%(upstream:remotename)%00%(upstream:remoteref) refs/heads/master refs/remotes/master [1ms]
2024-02-17 22:22:48.539 [warning] No such branch: master.
2024-02-17 22:22:48.557 [info] > git status -z -uall [7ms]
2024-02-17 22:22:53.597 [info] > git config --get commit.template [12ms]
2024-02-17 22:22:53.597 [info] No remotes found in the git config file.
2024-02-17 22:22:53.597 [info] > git for-each-ref --format=%(refname)%00%(upstream:short)%00%(objectname)%00%(upstream:track)%00%(upstream:remotename)%00%(upstream:remoteref) refs/heads/master refs/remotes/master [0ms]
2024-02-17 22:22:53.598 [warning] No such branch: master.
2024-02-17 22:22:53.620 [info] > git status -z -uall [11ms]
2024-02-17 22:22:58.659 [info] > git config --get commit.template [12ms]
2024-02-17 22:22:58.659 [info] No remotes found in the git config file.
2024-02-17 22:22:58.660 [info] > git for-each-ref --format=%(refname)%00%(upstream:short)%00%(objectname)%00%(upstream:track)%00%(upstream:remotename)%00%(upstream:remoteref) refs/heads/master refs/remotes/master [1ms]
2024-02-17 22:22:58.660 [warning] No such branch: master.
2024-02-17 22:22:58.677 [info] > git status -z -uall [7ms]
2024-02-17 22:23:03.715 [info] > git config --get commit.template [12ms]
2024-02-17 22:23:03.715 [info] No remotes found in the git config file.
2024-02-17 22:23:03.716 [info] > git for-each-ref --format=%(refname)%00%(upstream:short)%00%(objectname)%00%(upstream:track)%00%(upstream:remotename)%00%(upstream:remoteref) refs/heads/master refs/remotes/master [1ms]
2024-02-17 22:23:03.716 [warning] No such branch: master.
2024-02-17 22:23:03.733 [info] > git status -z -uall [6ms]
2024-02-17 22:23:08.762 [info] No remotes found in the git config file.
2024-02-17 22:23:08.762 [info] > git config --get commit.template [1ms]
2024-02-17 22:23:08.774 [info] > git for-each-ref --format=%(refname)%00%(upstream:short)%00%(objectname)%00%(upstream:track)%00%(upstream:remotename)%00%(upstream:remoteref) refs/heads/master refs/remotes/master [1ms]
2024-02-17 22:23:08.774 [warning] No such branch: master.
2024-02-17 22:23:08.792 [info] > git status -z -uall [7ms]
