2024-02-17 22:30:43.048 [info] Log level: Info
2024-02-17 22:30:43.048 [info] Validating found git in: "git"
2024-02-17 22:30:43.048 [info] Using git "2.34.1" from "git"
2024-02-17 22:30:43.048 [info] > git rev-parse --show-toplevel [147ms]
2024-02-17 22:30:43.048 [info] > git rev-parse --git-dir --git-common-dir [51ms]
2024-02-17 22:30:43.048 [info] Open repository: /home/starwar
2024-02-17 22:30:43.356 [info] > git rev-parse --show-toplevel [122ms]
2024-02-17 22:30:43.357 [info] > git config --get commit.template [135ms]
2024-02-17 22:30:43.417 [info] No remotes found in the git config file.
2024-02-17 22:30:43.422 [info] > git rev-parse --git-dir --git-common-dir [27ms]
2024-02-17 22:30:43.438 [info] Open repository: /home/starwar/solidity/foundry_f24/foundry-simple-storage-f24
2024-02-17 22:30:43.471 [info] > git for-each-ref --format=%(refname)%00%(upstream:short)%00%(objectname)%00%(upstream:track)%00%(upstream:remotename)%00%(upstream:remoteref) refs/heads/master refs/remotes/master [56ms]
2024-02-17 22:30:43.471 [warning] No such branch: master.
2024-02-17 22:30:43.487 [info] > git rev-parse --show-toplevel [22ms]
2024-02-17 22:30:43.488 [info] > git config --get commit.template [36ms]
2024-02-17 22:30:43.540 [info] No remotes found in the git config file.
2024-02-17 22:30:43.546 [info] > git status -z -uall [64ms]
2024-02-17 22:30:43.547 [info] > git rev-parse --show-toplevel [47ms]
2024-02-17 22:30:43.774 [info] > git for-each-ref --format=%(refname)%00%(upstream:short)%00%(objectname)%00%(upstream:track)%00%(upstream:remotename)%00%(upstream:remoteref) refs/heads/master refs/remotes/master [234ms]
2024-02-17 22:30:44.046 [info] > git status -z -uall [261ms]
2024-02-17 22:30:44.058 [info] > git config --get commit.template [455ms]
2024-02-17 22:30:44.058 [info] > git rev-parse --show-toplevel [464ms]
2024-02-17 22:30:44.148 [info] > git check-ignore -v -z --stdin [59ms]
2024-02-17 22:30:44.149 [info] > git check-ignore -v -z --stdin [45ms]
2024-02-17 22:30:44.172 [info] No remotes found in the git config file.
2024-02-17 22:30:44.179 [info] > git rev-parse --show-toplevel [33ms]
2024-02-17 22:30:44.179 [info] > git config --get commit.template [45ms]
2024-02-17 22:30:44.257 [info] > git for-each-ref --format=%(refname)%00%(upstream:short)%00%(objectname)%00%(upstream:track)%00%(upstream:remotename)%00%(upstream:remoteref) refs/heads/master refs/remotes/master [85ms]
2024-02-17 22:30:44.257 [warning] No such branch: master.
2024-02-17 22:30:44.281 [info] No remotes found in the git config file.
2024-02-17 22:30:44.288 [info] > git rev-parse --show-toplevel [86ms]
2024-02-17 22:30:44.437 [info] > git status -z -uall [170ms]
2024-02-17 22:30:44.437 [info] > git for-each-ref --format=%(refname)%00%(upstream:short)%00%(objectname)%00%(upstream:track)%00%(upstream:remotename)%00%(upstream:remoteref) refs/heads/master refs/remotes/master [156ms]
2024-02-17 22:30:44.489 [info] > git status -z -uall [42ms]
2024-02-17 22:30:44.491 [info] > git rev-parse --show-toplevel [192ms]
2024-02-17 22:30:44.510 [info] > git rev-parse --show-toplevel [6ms]
2024-02-17 22:30:44.523 [info] > git rev-parse --show-toplevel [2ms]
2024-02-17 22:30:44.537 [info] > git rev-parse --show-toplevel [2ms]
2024-02-17 22:30:44.551 [info] > git rev-parse --show-toplevel [1ms]
2024-02-17 22:30:44.795 [info] > git show --textconv :script/DeploySimpleStorage.s.sol [228ms]
2024-02-17 22:30:44.796 [info] > git ls-files --stage -- /home/starwar/solidity/foundry_f24/foundry-simple-storage-f24/script/DeploySimpleStorage.s.sol [216ms]
2024-02-17 22:30:45.037 [info] > git rev-parse --show-toplevel [2ms]
2024-02-17 22:30:45.286 [info] > git rev-parse --git-dir --git-common-dir [238ms]
2024-02-17 22:30:45.290 [info] Open repository: /home/starwar/solidity/foundry_f24/foundry-simple-storage-f24/lib/forge-std
2024-02-17 22:30:45.325 [info] > git config --get commit.template [19ms]
2024-02-17 22:30:45.339 [info] > git for-each-ref --format %(refname) %(objectname) %(*objectname) refs/tags [1ms]
2024-02-17 22:30:45.360 [info] > git status -z -uall [10ms]
2024-02-17 22:30:45.380 [info] > git config --get commit.template [6ms]
2024-02-17 22:30:45.438 [info] > git for-each-ref --format %(refname) %(objectname) %(*objectname) refs/tags [47ms]
2024-02-17 22:30:45.454 [info] > git status -z -uall [5ms]
2024-02-17 22:30:45.846 [info] > git check-ignore -v -z --stdin [11ms]
2024-02-17 22:30:45.847 [info] > git check-ignore -v -z --stdin [3ms]
2024-02-17 22:30:45.982 [info] > git rev-parse --show-toplevel [12ms]
2024-02-17 22:30:45.995 [info] > git rev-parse --git-dir --git-common-dir [1ms]
2024-02-17 22:30:46.000 [info] Open repository: /home/starwar/solidity/foundry_f24/foundry-simple-storage-f24/lib/forge-std/lib/ds-test
2024-02-17 22:30:46.017 [info] > git config --get commit.template [2ms]
2024-02-17 22:30:46.033 [info] > git for-each-ref --format %(refname) %(objectname) %(*objectname) refs/tags [3ms]
2024-02-17 22:30:46.047 [info] > git status -z -uall [2ms]
2024-02-17 22:30:46.114 [info] > git config --get commit.template [51ms]
2024-02-17 22:30:46.125 [info] > git for-each-ref --format %(refname) %(objectname) %(*objectname) refs/tags [1ms]
2024-02-17 22:30:46.138 [info] > git status -z -uall [2ms]
2024-02-17 22:30:46.610 [info] > git check-ignore -v -z --stdin [68ms]
2024-02-17 22:30:46.611 [info] > git check-ignore -v -z --stdin [58ms]
2024-02-17 22:30:49.389 [info] > git config --get commit.template [2ms]
2024-02-17 22:30:49.400 [info] No remotes found in the git config file.
2024-02-17 22:30:49.400 [info] > git for-each-ref --format=%(refname)%00%(upstream:short)%00%(objectname)%00%(upstream:track)%00%(upstream:remotename)%00%(upstream:remoteref) refs/heads/master refs/remotes/master [1ms]
2024-02-17 22:30:49.401 [warning] No such branch: master.
2024-02-17 22:30:49.421 [info] > git status -z -uall [11ms]
2024-02-17 22:30:54.463 [info] > git config --get commit.template [1ms]
2024-02-17 22:30:54.476 [info] No remotes found in the git config file.
2024-02-17 22:30:54.477 [info] > git for-each-ref --format=%(refname)%00%(upstream:short)%00%(objectname)%00%(upstream:track)%00%(upstream:remotename)%00%(upstream:remoteref) refs/heads/master refs/remotes/master [2ms]
2024-02-17 22:30:54.477 [warning] No such branch: master.
2024-02-17 22:30:54.495 [info] > git status -z -uall [8ms]
2024-02-17 22:30:59.529 [info] > git config --get commit.template [1ms]
2024-02-17 22:30:59.543 [info] No remotes found in the git config file.
2024-02-17 22:30:59.544 [info] > git for-each-ref --format=%(refname)%00%(upstream:short)%00%(objectname)%00%(upstream:track)%00%(upstream:remotename)%00%(upstream:remoteref) refs/heads/master refs/remotes/master [1ms]
2024-02-17 22:30:59.544 [warning] No such branch: master.
2024-02-17 22:30:59.565 [info] > git status -z -uall [9ms]
2024-02-17 22:31:04.591 [info] No remotes found in the git config file.
2024-02-17 22:31:04.600 [info] > git config --get commit.template [10ms]
2024-02-17 22:31:04.601 [info] > git for-each-ref --format=%(refname)%00%(upstream:short)%00%(objectname)%00%(upstream:track)%00%(upstream:remotename)%00%(upstream:remoteref) refs/heads/master refs/remotes/master [1ms]
2024-02-17 22:31:04.601 [warning] No such branch: master.
2024-02-17 22:31:04.617 [info] > git status -z -uall [7ms]
2024-02-17 22:31:09.652 [info] > git config --get commit.template [9ms]
2024-02-17 22:31:09.653 [info] No remotes found in the git config file.
2024-02-17 22:31:09.653 [info] > git for-each-ref --format=%(refname)%00%(upstream:short)%00%(objectname)%00%(upstream:track)%00%(upstream:remotename)%00%(upstream:remoteref) refs/heads/master refs/remotes/master [1ms]
2024-02-17 22:31:09.653 [warning] No such branch: master.
2024-02-17 22:31:09.668 [info] > git status -z -uall [6ms]
2024-02-17 22:31:14.694 [info] > git config --get commit.template [1ms]
2024-02-17 22:31:14.703 [info] No remotes found in the git config file.
2024-02-17 22:31:14.704 [info] > git for-each-ref --format=%(refname)%00%(upstream:short)%00%(objectname)%00%(upstream:track)%00%(upstream:remotename)%00%(upstream:remoteref) refs/heads/master refs/remotes/master [1ms]
2024-02-17 22:31:14.704 [warning] No such branch: master.
2024-02-17 22:31:14.719 [info] > git status -z -uall [6ms]
2024-02-17 22:31:19.756 [info] No remotes found in the git config file.
2024-02-17 22:31:19.756 [info] > git config --get commit.template [10ms]
2024-02-17 22:31:19.757 [info] > git for-each-ref --format=%(refname)%00%(upstream:short)%00%(objectname)%00%(upstream:track)%00%(upstream:remotename)%00%(upstream:remoteref) refs/heads/master refs/remotes/master [1ms]
2024-02-17 22:31:19.757 [warning] No such branch: master.
2024-02-17 22:31:19.771 [info] > git status -z -uall [6ms]
2024-02-17 22:31:24.798 [info] > git config --get commit.template [1ms]
2024-02-17 22:31:24.807 [info] No remotes found in the git config file.
2024-02-17 22:31:24.807 [info] > git for-each-ref --format=%(refname)%00%(upstream:short)%00%(objectname)%00%(upstream:track)%00%(upstream:remotename)%00%(upstream:remoteref) refs/heads/master refs/remotes/master [0ms]
2024-02-17 22:31:24.808 [warning] No such branch: master.
2024-02-17 22:31:24.823 [info] > git status -z -uall [7ms]
2024-02-17 22:31:29.849 [info] > git config --get commit.template [1ms]
2024-02-17 22:31:29.859 [info] No remotes found in the git config file.
2024-02-17 22:31:29.860 [info] > git for-each-ref --format=%(refname)%00%(upstream:short)%00%(objectname)%00%(upstream:track)%00%(upstream:remotename)%00%(upstream:remoteref) refs/heads/master refs/remotes/master [0ms]
2024-02-17 22:31:29.860 [warning] No such branch: master.
2024-02-17 22:31:29.875 [info] > git status -z -uall [7ms]
2024-02-17 22:31:34.913 [info] > git config --get commit.template [9ms]
2024-02-17 22:31:34.913 [info] No remotes found in the git config file.
2024-02-17 22:31:34.914 [info] > git for-each-ref --format=%(refname)%00%(upstream:short)%00%(objectname)%00%(upstream:track)%00%(upstream:remotename)%00%(upstream:remoteref) refs/heads/master refs/remotes/master [2ms]
2024-02-17 22:31:34.914 [warning] No such branch: master.
2024-02-17 22:31:34.930 [info] > git status -z -uall [7ms]
2024-02-17 22:31:39.974 [info] No remotes found in the git config file.
2024-02-17 22:31:39.975 [info] > git config --get commit.template [15ms]
2024-02-17 22:31:39.975 [info] > git for-each-ref --format=%(refname)%00%(upstream:short)%00%(objectname)%00%(upstream:track)%00%(upstream:remotename)%00%(upstream:remoteref) refs/heads/master refs/remotes/master [1ms]
2024-02-17 22:31:39.975 [warning] No such branch: master.
2024-02-17 22:31:39.993 [info] > git status -z -uall [7ms]
2024-02-17 22:31:45.033 [info] No remotes found in the git config file.
2024-02-17 22:31:45.033 [info] > git config --get commit.template [11ms]
2024-02-17 22:31:45.034 [info] > git for-each-ref --format=%(refname)%00%(upstream:short)%00%(objectname)%00%(upstream:track)%00%(upstream:remotename)%00%(upstream:remoteref) refs/heads/master refs/remotes/master [1ms]
2024-02-17 22:31:45.034 [warning] No such branch: master.
2024-02-17 22:31:45.051 [info] > git status -z -uall [7ms]
2024-02-17 22:31:50.090 [info] No remotes found in the git config file.
2024-02-17 22:31:50.091 [info] > git config --get commit.template [10ms]
2024-02-17 22:31:50.091 [info] > git for-each-ref --format=%(refname)%00%(upstream:short)%00%(objectname)%00%(upstream:track)%00%(upstream:remotename)%00%(upstream:remoteref) refs/heads/master refs/remotes/master [1ms]
2024-02-17 22:31:50.091 [warning] No such branch: master.
2024-02-17 22:31:50.107 [info] > git status -z -uall [7ms]
2024-02-17 22:31:55.135 [info] > git config --get commit.template [1ms]
2024-02-17 22:31:55.135 [info] No remotes found in the git config file.
2024-02-17 22:31:55.146 [info] > git for-each-ref --format=%(refname)%00%(upstream:short)%00%(objectname)%00%(upstream:track)%00%(upstream:remotename)%00%(upstream:remoteref) refs/heads/master refs/remotes/master [0ms]
2024-02-17 22:31:55.146 [warning] No such branch: master.
2024-02-17 22:31:55.163 [info] > git status -z -uall [8ms]
2024-02-17 22:32:00.202 [info] No remotes found in the git config file.
2024-02-17 22:32:00.203 [info] > git config --get commit.template [10ms]
2024-02-17 22:32:00.203 [info] > git for-each-ref --format=%(refname)%00%(upstream:short)%00%(objectname)%00%(upstream:track)%00%(upstream:remotename)%00%(upstream:remoteref) refs/heads/master refs/remotes/master [1ms]
2024-02-17 22:32:00.203 [warning] No such branch: master.
2024-02-17 22:32:00.219 [info] > git status -z -uall [7ms]
2024-02-17 22:32:05.249 [info] > git config --get commit.template [1ms]
2024-02-17 22:32:05.258 [info] No remotes found in the git config file.
2024-02-17 22:32:05.259 [info] > git for-each-ref --format=%(refname)%00%(upstream:short)%00%(objectname)%00%(upstream:track)%00%(upstream:remotename)%00%(upstream:remoteref) refs/heads/master refs/remotes/master [1ms]
2024-02-17 22:32:05.259 [warning] No such branch: master.
2024-02-17 22:32:05.274 [info] > git status -z -uall [6ms]
2024-02-17 22:35:40.897 [info] > git config --get commit.template [3ms]
2024-02-17 22:35:40.910 [info] No remotes found in the git config file.
2024-02-17 22:35:40.912 [info] > git for-each-ref --format=%(refname)%00%(upstream:short)%00%(objectname)%00%(upstream:track)%00%(upstream:remotename)%00%(upstream:remoteref) refs/heads/master refs/remotes/master [3ms]
2024-02-17 22:35:40.913 [warning] No such branch: master.
2024-02-17 22:35:40.935 [info] > git status -z -uall [12ms]
2024-02-17 22:39:37.100 [info] > git config --get commit.template [4ms]
2024-02-17 22:39:37.115 [info] No remotes found in the git config file.
2024-02-17 22:39:37.116 [info] > git for-each-ref --format=%(refname)%00%(upstream:short)%00%(objectname)%00%(upstream:track)%00%(upstream:remotename)%00%(upstream:remoteref) refs/heads/master refs/remotes/master [1ms]
2024-02-17 22:39:37.116 [warning] No such branch: master.
2024-02-17 22:39:37.136 [info] > git status -z -uall [10ms]
2024-02-17 22:39:42.189 [info] > git config --get commit.template [11ms]
2024-02-17 22:39:42.189 [info] No remotes found in the git config file.
2024-02-17 22:39:42.190 [info] > git for-each-ref --format=%(refname)%00%(upstream:short)%00%(objectname)%00%(upstream:track)%00%(upstream:remotename)%00%(upstream:remoteref) refs/heads/master refs/remotes/master [2ms]
2024-02-17 22:39:42.190 [warning] No such branch: master.
2024-02-17 22:39:42.209 [info] > git status -z -uall [10ms]
2024-02-17 22:39:42.481 [info] > git config --get commit.template [2ms]
2024-02-17 22:39:42.492 [info] No remotes found in the git config file.
2024-02-17 22:39:42.493 [info] > git for-each-ref --format=%(refname)%00%(upstream:short)%00%(objectname)%00%(upstream:track)%00%(upstream:remotename)%00%(upstream:remoteref) refs/heads/master refs/remotes/master [2ms]
2024-02-17 22:39:42.514 [info] > git status -z -uall [9ms]
2024-02-17 22:39:47.243 [info] > git config --get commit.template [2ms]
2024-02-17 22:39:47.253 [info] No remotes found in the git config file.
2024-02-17 22:39:47.254 [info] > git for-each-ref --format=%(refname)%00%(upstream:short)%00%(objectname)%00%(upstream:track)%00%(upstream:remotename)%00%(upstream:remoteref) refs/heads/master refs/remotes/master [1ms]
2024-02-17 22:39:47.254 [warning] No such branch: master.
2024-02-17 22:39:47.274 [info] > git status -z -uall [8ms]
2024-02-17 22:39:47.534 [info] > git config --get commit.template [1ms]
2024-02-17 22:39:47.545 [info] No remotes found in the git config file.
2024-02-17 22:39:47.546 [info] > git for-each-ref --format=%(refname)%00%(upstream:short)%00%(objectname)%00%(upstream:track)%00%(upstream:remotename)%00%(upstream:remoteref) refs/heads/master refs/remotes/master [1ms]
2024-02-17 22:39:47.561 [info] > git status -z -uall [7ms]
2024-02-17 22:39:52.317 [info] No remotes found in the git config file.
2024-02-17 22:39:52.317 [info] > git config --get commit.template [10ms]
2024-02-17 22:39:52.318 [info] > git for-each-ref --format=%(refname)%00%(upstream:short)%00%(objectname)%00%(upstream:track)%00%(upstream:remotename)%00%(upstream:remoteref) refs/heads/master refs/remotes/master [1ms]
2024-02-17 22:39:52.318 [warning] No such branch: master.
2024-02-17 22:39:52.335 [info] > git status -z -uall [8ms]
2024-02-17 22:40:27.322 [info] > git config --get commit.template [1ms]
2024-02-17 22:40:27.335 [info] No remotes found in the git config file.
2024-02-17 22:40:27.336 [info] > git for-each-ref --format=%(refname)%00%(upstream:short)%00%(objectname)%00%(upstream:track)%00%(upstream:remotename)%00%(upstream:remoteref) refs/heads/master refs/remotes/master [1ms]
2024-02-17 22:40:27.336 [warning] No such branch: master.
2024-02-17 22:40:27.365 [info] > git status -z -uall [11ms]
2024-02-17 22:40:32.419 [info] No remotes found in the git config file.
2024-02-17 22:40:32.419 [info] > git config --get commit.template [13ms]
2024-02-17 22:40:32.420 [info] > git for-each-ref --format=%(refname)%00%(upstream:short)%00%(objectname)%00%(upstream:track)%00%(upstream:remotename)%00%(upstream:remoteref) refs/heads/master refs/remotes/master [1ms]
2024-02-17 22:40:32.420 [warning] No such branch: master.
2024-02-17 22:40:32.436 [info] > git status -z -uall [7ms]
2024-02-17 22:40:37.468 [info] > git config --get commit.template [1ms]
2024-02-17 22:40:37.478 [info] No remotes found in the git config file.
2024-02-17 22:40:37.479 [info] > git for-each-ref --format=%(refname)%00%(upstream:short)%00%(objectname)%00%(upstream:track)%00%(upstream:remotename)%00%(upstream:remoteref) refs/heads/master refs/remotes/master [1ms]
2024-02-17 22:40:37.479 [warning] No such branch: master.
2024-02-17 22:40:37.495 [info] > git status -z -uall [7ms]
2024-02-17 22:40:42.538 [info] No remotes found in the git config file.
2024-02-17 22:40:42.538 [info] > git config --get commit.template [14ms]
2024-02-17 22:40:42.538 [info] > git for-each-ref --format=%(refname)%00%(upstream:short)%00%(objectname)%00%(upstream:track)%00%(upstream:remotename)%00%(upstream:remoteref) refs/heads/master refs/remotes/master [1ms]
2024-02-17 22:40:42.539 [warning] No such branch: master.
2024-02-17 22:40:42.556 [info] > git status -z -uall [7ms]
2024-02-17 22:41:01.670 [info] No remotes found in the git config file.
2024-02-17 22:41:01.672 [info] > git config --get commit.template [18ms]
2024-02-17 22:41:01.672 [info] > git for-each-ref --format=%(refname)%00%(upstream:short)%00%(objectname)%00%(upstream:track)%00%(upstream:remotename)%00%(upstream:remoteref) refs/heads/master refs/remotes/master [2ms]
2024-02-17 22:41:01.673 [warning] No such branch: master.
2024-02-17 22:41:01.713 [info] > git status -z -uall [23ms]
2024-02-17 22:41:06.745 [info] > git config --get commit.template [1ms]
2024-02-17 22:41:06.754 [info] No remotes found in the git config file.
2024-02-17 22:41:06.755 [info] > git for-each-ref --format=%(refname)%00%(upstream:short)%00%(objectname)%00%(upstream:track)%00%(upstream:remotename)%00%(upstream:remoteref) refs/heads/master refs/remotes/master [1ms]
2024-02-17 22:41:06.755 [warning] No such branch: master.
2024-02-17 22:41:06.770 [info] > git status -z -uall [6ms]
2024-02-17 22:41:15.239 [info] > git config --get commit.template [1ms]
2024-02-17 22:41:15.257 [info] No remotes found in the git config file.
2024-02-17 22:41:15.258 [info] > git for-each-ref --format=%(refname)%00%(upstream:short)%00%(objectname)%00%(upstream:track)%00%(upstream:remotename)%00%(upstream:remoteref) refs/heads/master refs/remotes/master [1ms]
2024-02-17 22:41:15.258 [warning] No such branch: master.
2024-02-17 22:41:15.278 [info] > git status -z -uall [8ms]
2024-02-17 22:41:20.310 [info] > git config --get commit.template [1ms]
2024-02-17 22:41:20.323 [info] No remotes found in the git config file.
2024-02-17 22:41:20.323 [info] > git for-each-ref --format=%(refname)%00%(upstream:short)%00%(objectname)%00%(upstream:track)%00%(upstream:remotename)%00%(upstream:remoteref) refs/heads/master refs/remotes/master [0ms]
2024-02-17 22:41:20.323 [warning] No such branch: master.
2024-02-17 22:41:20.365 [info] > git status -z -uall [17ms]
2024-02-17 22:41:25.406 [info] No remotes found in the git config file.
2024-02-17 22:41:25.407 [info] > git config --get commit.template [10ms]
2024-02-17 22:41:25.407 [info] > git for-each-ref --format=%(refname)%00%(upstream:short)%00%(objectname)%00%(upstream:track)%00%(upstream:remotename)%00%(upstream:remoteref) refs/heads/master refs/remotes/master [1ms]
2024-02-17 22:41:25.407 [warning] No such branch: master.
2024-02-17 22:41:25.423 [info] > git status -z -uall [6ms]
2024-02-17 22:41:36.837 [info] > git config --get commit.template [3ms]
2024-02-17 22:41:36.852 [info] No remotes found in the git config file.
2024-02-17 22:41:36.853 [info] > git for-each-ref --format=%(refname)%00%(upstream:short)%00%(objectname)%00%(upstream:track)%00%(upstream:remotename)%00%(upstream:remoteref) refs/heads/master refs/remotes/master [1ms]
2024-02-17 22:41:36.853 [warning] No such branch: master.
2024-02-17 22:41:36.874 [info] > git status -z -uall [8ms]
2024-02-17 22:41:41.906 [info] > git config --get commit.template [1ms]
2024-02-17 22:41:41.918 [info] No remotes found in the git config file.
2024-02-17 22:41:41.919 [info] > git for-each-ref --format=%(refname)%00%(upstream:short)%00%(objectname)%00%(upstream:track)%00%(upstream:remotename)%00%(upstream:remoteref) refs/heads/master refs/remotes/master [2ms]
2024-02-17 22:41:41.919 [warning] No such branch: master.
2024-02-17 22:41:41.956 [info] > git status -z -uall [8ms]
2024-02-17 22:41:46.987 [info] > git config --get commit.template [1ms]
2024-02-17 22:41:46.997 [info] No remotes found in the git config file.
2024-02-17 22:41:46.997 [info] > git for-each-ref --format=%(refname)%00%(upstream:short)%00%(objectname)%00%(upstream:track)%00%(upstream:remotename)%00%(upstream:remoteref) refs/heads/master refs/remotes/master [0ms]
2024-02-17 22:41:46.998 [warning] No such branch: master.
2024-02-17 22:41:47.017 [info] > git status -z -uall [9ms]
2024-02-17 22:52:41.671 [info] > git config --get commit.template [2ms]
2024-02-17 22:52:41.684 [info] No remotes found in the git config file.
2024-02-17 22:52:41.684 [info] > git for-each-ref --format=%(refname)%00%(upstream:short)%00%(objectname)%00%(upstream:track)%00%(upstream:remotename)%00%(upstream:remoteref) refs/heads/master refs/remotes/master [1ms]
2024-02-17 22:52:41.685 [warning] No such branch: master.
2024-02-17 22:52:41.710 [info] > git status -z -uall [9ms]
2024-02-18 01:30:40.538 [info] No remotes found in the git config file.
2024-02-18 01:30:40.549 [info] > git config --get commit.template [11ms]
2024-02-18 01:30:40.550 [info] > git for-each-ref --format=%(refname)%00%(upstream:short)%00%(objectname)%00%(upstream:track)%00%(upstream:remotename)%00%(upstream:remoteref) refs/heads/master refs/remotes/master [2ms]
2024-02-18 01:30:40.551 [warning] No such branch: master.
2024-02-18 01:30:40.609 [info] > git status -z -uall [46ms]
2024-02-18 01:30:45.659 [info] No remotes found in the git config file.
2024-02-18 01:30:45.660 [info] > git config --get commit.template [8ms]
2024-02-18 01:30:45.660 [info] > git for-each-ref --format=%(refname)%00%(upstream:short)%00%(objectname)%00%(upstream:track)%00%(upstream:remotename)%00%(upstream:remoteref) refs/heads/master refs/remotes/master [1ms]
2024-02-18 01:30:45.660 [warning] No such branch: master.
2024-02-18 01:30:45.674 [info] > git status -z -uall [7ms]
2024-02-18 01:30:50.711 [info] No remotes found in the git config file.
2024-02-18 01:30:50.712 [info] > git config --get commit.template [9ms]
2024-02-18 01:30:50.712 [info] > git for-each-ref --format=%(refname)%00%(upstream:short)%00%(objectname)%00%(upstream:track)%00%(upstream:remotename)%00%(upstream:remoteref) refs/heads/master refs/remotes/master [1ms]
2024-02-18 01:30:50.712 [warning] No such branch: master.
2024-02-18 01:30:50.727 [info] > git status -z -uall [7ms]
2024-02-18 01:30:55.764 [info] No remotes found in the git config file.
2024-02-18 01:30:55.765 [info] > git config --get commit.template [9ms]
2024-02-18 01:30:55.765 [info] > git for-each-ref --format=%(refname)%00%(upstream:short)%00%(objectname)%00%(upstream:track)%00%(upstream:remotename)%00%(upstream:remoteref) refs/heads/master refs/remotes/master [1ms]
2024-02-18 01:30:55.765 [warning] No such branch: master.
2024-02-18 01:30:55.781 [info] > git status -z -uall [7ms]
2024-02-18 01:31:00.817 [info] No remotes found in the git config file.
2024-02-18 01:31:00.818 [info] > git config --get commit.template [10ms]
2024-02-18 01:31:00.818 [info] > git for-each-ref --format=%(refname)%00%(upstream:short)%00%(objectname)%00%(upstream:track)%00%(upstream:remotename)%00%(upstream:remoteref) refs/heads/master refs/remotes/master [1ms]
2024-02-18 01:31:00.818 [warning] No such branch: master.
2024-02-18 01:31:00.833 [info] > git status -z -uall [6ms]
2024-02-18 01:31:05.860 [info] > git config --get commit.template [1ms]
2024-02-18 01:31:05.869 [info] No remotes found in the git config file.
2024-02-18 01:31:05.869 [info] > git for-each-ref --format=%(refname)%00%(upstream:short)%00%(objectname)%00%(upstream:track)%00%(upstream:remotename)%00%(upstream:remoteref) refs/heads/master refs/remotes/master [1ms]
2024-02-18 01:31:05.870 [warning] No such branch: master.
2024-02-18 01:31:05.884 [info] > git status -z -uall [6ms]
2024-02-18 01:31:10.921 [info] > git config --get commit.template [10ms]
2024-02-18 01:31:10.921 [info] No remotes found in the git config file.
2024-02-18 01:31:10.921 [info] > git for-each-ref --format=%(refname)%00%(upstream:short)%00%(objectname)%00%(upstream:track)%00%(upstream:remotename)%00%(upstream:remoteref) refs/heads/master refs/remotes/master [1ms]
2024-02-18 01:31:10.921 [warning] No such branch: master.
2024-02-18 01:31:10.938 [info] > git status -z -uall [6ms]
2024-02-18 01:31:15.971 [info] No remotes found in the git config file.
2024-02-18 01:31:15.972 [info] > git config --get commit.template [10ms]
2024-02-18 01:31:15.972 [info] > git for-each-ref --format=%(refname)%00%(upstream:short)%00%(objectname)%00%(upstream:track)%00%(upstream:remotename)%00%(upstream:remoteref) refs/heads/master refs/remotes/master [1ms]
2024-02-18 01:31:15.972 [warning] No such branch: master.
2024-02-18 01:31:15.986 [info] > git status -z -uall [6ms]
2024-02-18 01:31:21.020 [info] No remotes found in the git config file.
2024-02-18 01:31:21.021 [info] > git config --get commit.template [10ms]
2024-02-18 01:31:21.021 [info] > git for-each-ref --format=%(refname)%00%(upstream:short)%00%(objectname)%00%(upstream:track)%00%(upstream:remotename)%00%(upstream:remoteref) refs/heads/master refs/remotes/master [1ms]
2024-02-18 01:31:21.021 [warning] No such branch: master.
2024-02-18 01:31:21.039 [info] > git status -z -uall [7ms]
2024-02-18 01:31:26.086 [info] > git config --get commit.template [19ms]
2024-02-18 01:31:26.120 [info] No remotes found in the git config file.
2024-02-18 01:31:26.121 [info] > git for-each-ref --format=%(refname)%00%(upstream:short)%00%(objectname)%00%(upstream:track)%00%(upstream:remotename)%00%(upstream:remoteref) refs/heads/master refs/remotes/master [1ms]
2024-02-18 01:31:26.121 [warning] No such branch: master.
2024-02-18 01:31:26.156 [info] > git status -z -uall [9ms]
2024-02-18 01:31:31.196 [info] No remotes found in the git config file.
2024-02-18 01:31:31.196 [info] > git config --get commit.template [9ms]
2024-02-18 01:31:31.196 [info] > git for-each-ref --format=%(refname)%00%(upstream:short)%00%(objectname)%00%(upstream:track)%00%(upstream:remotename)%00%(upstream:remoteref) refs/heads/master refs/remotes/master [1ms]
2024-02-18 01:31:31.197 [warning] No such branch: master.
2024-02-18 01:31:31.212 [info] > git status -z -uall [7ms]
2024-02-18 01:31:36.250 [info] > git config --get commit.template [10ms]
2024-02-18 01:31:36.251 [info] No remotes found in the git config file.
2024-02-18 01:31:36.251 [info] > git for-each-ref --format=%(refname)%00%(upstream:short)%00%(objectname)%00%(upstream:track)%00%(upstream:remotename)%00%(upstream:remoteref) refs/heads/master refs/remotes/master [1ms]
2024-02-18 01:31:36.251 [warning] No such branch: master.
2024-02-18 01:31:36.266 [info] > git status -z -uall [7ms]
2024-02-18 01:31:41.295 [info] > git config --get commit.template [1ms]
2024-02-18 01:31:41.296 [info] No remotes found in the git config file.
2024-02-18 01:31:41.305 [info] > git for-each-ref --format=%(refname)%00%(upstream:short)%00%(objectname)%00%(upstream:track)%00%(upstream:remotename)%00%(upstream:remoteref) refs/heads/master refs/remotes/master [1ms]
2024-02-18 01:31:41.305 [warning] No such branch: master.
2024-02-18 01:31:41.321 [info] > git status -z -uall [7ms]
2024-02-18 01:31:46.358 [info] > git config --get commit.template [9ms]
2024-02-18 01:31:46.358 [info] No remotes found in the git config file.
2024-02-18 01:31:46.358 [info] > git for-each-ref --format=%(refname)%00%(upstream:short)%00%(objectname)%00%(upstream:track)%00%(upstream:remotename)%00%(upstream:remoteref) refs/heads/master refs/remotes/master [1ms]
2024-02-18 01:31:46.358 [warning] No such branch: master.
2024-02-18 01:31:46.373 [info] > git status -z -uall [7ms]
2024-02-18 01:31:51.400 [info] > git config --get commit.template [0ms]
2024-02-18 01:31:51.408 [info] No remotes found in the git config file.
2024-02-18 01:31:51.409 [info] > git for-each-ref --format=%(refname)%00%(upstream:short)%00%(objectname)%00%(upstream:track)%00%(upstream:remotename)%00%(upstream:remoteref) refs/heads/master refs/remotes/master [1ms]
2024-02-18 01:31:51.409 [warning] No such branch: master.
2024-02-18 01:31:51.424 [info] > git status -z -uall [6ms]
2024-02-18 01:31:56.451 [info] > git config --get commit.template [1ms]
2024-02-18 01:31:56.460 [info] No remotes found in the git config file.
2024-02-18 01:31:56.461 [info] > git for-each-ref --format=%(refname)%00%(upstream:short)%00%(objectname)%00%(upstream:track)%00%(upstream:remotename)%00%(upstream:remoteref) refs/heads/master refs/remotes/master [1ms]
2024-02-18 01:31:56.461 [warning] No such branch: master.
2024-02-18 01:31:56.477 [info] > git status -z -uall [7ms]
2024-02-18 01:32:01.517 [info] No remotes found in the git config file.
2024-02-18 01:32:01.518 [info] > git config --get commit.template [15ms]
2024-02-18 01:32:01.518 [info] > git for-each-ref --format=%(refname)%00%(upstream:short)%00%(objectname)%00%(upstream:track)%00%(upstream:remotename)%00%(upstream:remoteref) refs/heads/master refs/remotes/master [1ms]
2024-02-18 01:32:01.519 [warning] No such branch: master.
2024-02-18 01:32:01.555 [info] > git status -z -uall [21ms]
2024-02-18 01:32:06.610 [info] > git config --get commit.template [10ms]
2024-02-18 01:32:06.610 [info] No remotes found in the git config file.
2024-02-18 01:32:06.610 [info] > git for-each-ref --format=%(refname)%00%(upstream:short)%00%(objectname)%00%(upstream:track)%00%(upstream:remotename)%00%(upstream:remoteref) refs/heads/master refs/remotes/master [1ms]
2024-02-18 01:32:06.610 [warning] No such branch: master.
2024-02-18 01:32:06.625 [info] > git status -z -uall [6ms]
2024-02-18 01:32:11.651 [info] > git config --get commit.template [0ms]
2024-02-18 01:32:11.660 [info] No remotes found in the git config file.
2024-02-18 01:32:11.661 [info] > git for-each-ref --format=%(refname)%00%(upstream:short)%00%(objectname)%00%(upstream:track)%00%(upstream:remotename)%00%(upstream:remoteref) refs/heads/master refs/remotes/master [1ms]
2024-02-18 01:32:11.661 [warning] No such branch: master.
2024-02-18 01:32:11.677 [info] > git status -z -uall [8ms]
2024-02-18 01:32:16.708 [info] > git config --get commit.template [0ms]
2024-02-18 01:32:16.716 [info] No remotes found in the git config file.
2024-02-18 01:32:16.717 [info] > git for-each-ref --format=%(refname)%00%(upstream:short)%00%(objectname)%00%(upstream:track)%00%(upstream:remotename)%00%(upstream:remoteref) refs/heads/master refs/remotes/master [1ms]
2024-02-18 01:32:16.717 [warning] No such branch: master.
2024-02-18 01:32:16.732 [info] > git status -z -uall [7ms]
2024-02-18 01:32:23.529 [info] > git config --get commit.template [1ms]
2024-02-18 01:32:23.539 [info] No remotes found in the git config file.
2024-02-18 01:32:23.540 [info] > git for-each-ref --format=%(refname)%00%(upstream:short)%00%(objectname)%00%(upstream:track)%00%(upstream:remotename)%00%(upstream:remoteref) refs/heads/master refs/remotes/master [1ms]
2024-02-18 01:32:23.540 [warning] No such branch: master.
2024-02-18 01:32:23.556 [info] > git status -z -uall [7ms]
2024-02-18 01:32:28.592 [info] No remotes found in the git config file.
2024-02-18 01:32:28.593 [info] > git config --get commit.template [11ms]
2024-02-18 01:32:28.593 [info] > git for-each-ref --format=%(refname)%00%(upstream:short)%00%(objectname)%00%(upstream:track)%00%(upstream:remotename)%00%(upstream:remoteref) refs/heads/master refs/remotes/master [1ms]
2024-02-18 01:32:28.593 [warning] No such branch: master.
2024-02-18 01:32:28.610 [info] > git status -z -uall [7ms]
2024-02-18 01:32:33.645 [info] > git config --get commit.template [10ms]
2024-02-18 01:32:33.646 [info] No remotes found in the git config file.
2024-02-18 01:32:33.646 [info] > git for-each-ref --format=%(refname)%00%(upstream:short)%00%(objectname)%00%(upstream:track)%00%(upstream:remotename)%00%(upstream:remoteref) refs/heads/master refs/remotes/master [1ms]
2024-02-18 01:32:33.646 [warning] No such branch: master.
2024-02-18 01:32:33.661 [info] > git status -z -uall [7ms]
2024-02-18 01:32:38.696 [info] No remotes found in the git config file.
2024-02-18 01:32:38.697 [info] > git config --get commit.template [9ms]
2024-02-18 01:32:38.697 [info] > git for-each-ref --format=%(refname)%00%(upstream:short)%00%(objectname)%00%(upstream:track)%00%(upstream:remotename)%00%(upstream:remoteref) refs/heads/master refs/remotes/master [1ms]
2024-02-18 01:32:38.697 [warning] No such branch: master.
2024-02-18 01:32:38.712 [info] > git status -z -uall [6ms]
2024-02-18 01:32:43.151 [info] > git check-ignore -v -z --stdin [2ms]
2024-02-18 01:32:43.746 [info] > git config --get commit.template [10ms]
2024-02-18 01:32:43.746 [info] No remotes found in the git config file.
2024-02-18 01:32:43.747 [info] > git for-each-ref --format=%(refname)%00%(upstream:short)%00%(objectname)%00%(upstream:track)%00%(upstream:remotename)%00%(upstream:remoteref) refs/heads/master refs/remotes/master [1ms]
2024-02-18 01:32:43.747 [warning] No such branch: master.
2024-02-18 01:32:43.762 [info] > git status -z -uall [7ms]
2024-02-18 01:32:48.799 [info] > git config --get commit.template [9ms]
2024-02-18 01:32:48.800 [info] No remotes found in the git config file.
2024-02-18 01:32:48.800 [info] > git for-each-ref --format=%(refname)%00%(upstream:short)%00%(objectname)%00%(upstream:track)%00%(upstream:remotename)%00%(upstream:remoteref) refs/heads/master refs/remotes/master [1ms]
2024-02-18 01:32:48.800 [warning] No such branch: master.
2024-02-18 01:32:48.816 [info] > git status -z -uall [7ms]
2024-02-18 01:32:53.851 [info] > git config --get commit.template [10ms]
2024-02-18 01:32:53.851 [info] No remotes found in the git config file.
2024-02-18 01:32:53.851 [info] > git for-each-ref --format=%(refname)%00%(upstream:short)%00%(objectname)%00%(upstream:track)%00%(upstream:remotename)%00%(upstream:remoteref) refs/heads/master refs/remotes/master [0ms]
2024-02-18 01:32:53.852 [warning] No such branch: master.
2024-02-18 01:32:53.871 [info] > git status -z -uall [11ms]
2024-02-18 01:32:58.906 [info] > git config --get commit.template [10ms]
2024-02-18 01:32:58.906 [info] No remotes found in the git config file.
2024-02-18 01:32:58.906 [info] > git for-each-ref --format=%(refname)%00%(upstream:short)%00%(objectname)%00%(upstream:track)%00%(upstream:remotename)%00%(upstream:remoteref) refs/heads/master refs/remotes/master [1ms]
2024-02-18 01:32:58.906 [warning] No such branch: master.
2024-02-18 01:32:58.921 [info] > git status -z -uall [6ms]
2024-02-18 01:33:26.125 [info] No remotes found in the git config file.
2024-02-18 01:33:26.125 [info] > git config --get commit.template [14ms]
2024-02-18 01:33:26.126 [info] > git for-each-ref --format=%(refname)%00%(upstream:short)%00%(objectname)%00%(upstream:track)%00%(upstream:remotename)%00%(upstream:remoteref) refs/heads/master refs/remotes/master [2ms]
2024-02-18 01:33:26.126 [warning] No such branch: master.
2024-02-18 01:33:26.144 [info] > git status -z -uall [9ms]
