[Info  - 4:54:25 AM] Solidity by Nomic Foundation Starting ...
[Info  - 4:54:25 AM] env: production
[Info  - 4:54:26 AM] Client starting
[Info  - 4:54:27 AM] Language server starting
[Info  - 4:54:27 AM]   Release: hardhat-solidity@0.7.3
[Info  - 4:54:27 AM]   Environment: production
[Info  - 4:54:27 AM]   Telemetry Enabled: true
[Info  - 4:54:27 AM]   Telemetry Tracking Id: 30985d39a9...
[Info  - 4:54:27 AM]   Workspace Folders:
[Info  - 4:54:27 AM]     starwar (file:///home/starwar)
[Info  - 4:54:27 AM] Fetching latest solidity versions
[Info  - 4:54:27 AM] Language server ready
[Info  - 4:54:27 AM] [indexing] Found projects:
[Info  - 4:54:27 AM] [indexing] -  Type: Hardhat
[Info  - 4:54:27 AM] [indexing]    Base path: /home/starwar/.vscode-server/extensions/nomicfoundation.hardhat-solidity-0.7.3/server/out
[Info  - 4:54:27 AM] [indexing]    Config file: /home/starwar/.vscode-server/extensions/nomicfoundation.hardhat-solidity-0.7.3/server/out/hardhat.config.js
[Info  - 4:54:27 AM] [indexing] -  Type: Foundry
[Info  - 4:54:27 AM] [indexing]    Base path: /home/starwar
[Info  - 4:54:27 AM] [indexing]    Config file: /home/starwar/foundry.toml
[Info  - 4:54:27 AM] [indexing] -  Type: Foundry
[Info  - 4:54:27 AM] [indexing]    Base path: /home/starwar/solidity/foundry_f24/foundry-simple-storage-f24
[Info  - 4:54:27 AM] [indexing]    Config file: /home/starwar/solidity/foundry_f24/foundry-simple-storage-f24/foundry.toml
[Info  - 4:54:27 AM] [indexing] Initializing /home/starwar/.vscode-server/extensions/nomicfoundation.hardhat-solidity-0.7.3/server/out/hardhat.config.js
[Info  - 4:54:27 AM] [out] Error loading HRE: Error: Cannot find module 'hardhat'
Require stack:
- /home/starwar/.vscode-server/extensions/nomicfoundation.hardhat-solidity-0.7.3/server/out/worker/WorkerProcess.js
[Info  - 4:54:27 AM] [out] Child process exited: 1
[Info  - 4:54:27 AM] [indexing] Done /home/starwar/.vscode-server/extensions/nomicfoundation.hardhat-solidity-0.7.3/server/out/hardhat.config.js
[Info  - 4:54:27 AM] [indexing] Initializing /home/starwar/foundry.toml
[Info  - 4:54:27 AM] [indexing] Done /home/starwar/foundry.toml
[Info  - 4:54:27 AM] [indexing] Initializing /home/starwar/solidity/foundry_f24/foundry-simple-storage-f24/foundry.toml
[Info  - 4:54:27 AM] [indexing] Done /home/starwar/solidity/foundry_f24/foundry-simple-storage-f24/foundry.toml
[Info  - 4:54:27 AM] [indexing] Scanning workspace folders for sol files
[Info  - 4:54:28 AM] [indexing] Scan complete, 81 sol files found
[Info  - 4:54:28 AM] [indexing] Analyzing 2 solidity files
