2024-02-13 02:53:25.283 [info] Log level: Info
2024-02-13 02:53:25.283 [info] Validating found git in: "git"
2024-02-13 02:53:25.283 [info] Using git "2.34.1" from "git"
2024-02-13 02:53:25.283 [info] > git rev-parse --show-toplevel [240ms]
2024-02-13 02:53:25.283 [info] > git rev-parse --show-toplevel [98ms]
2024-02-13 02:53:25.931 [info] > git rev-parse --show-toplevel [599ms]
2024-02-13 02:53:26.062 [info] > git rev-parse --git-dir --git-common-dir [111ms]
2024-02-13 02:53:26.091 [info] Open repository: /home/starwar/solidity/foundry_f24/foundry-simple-storage-f24
2024-02-13 02:53:26.140 [info] > git config --get commit.template [23ms]
2024-02-13 02:53:26.170 [info] No remotes found in the git config file.
2024-02-13 02:53:26.195 [info] > git for-each-ref --format=%(refname)%00%(upstream:short)%00%(objectname)%00%(upstream:track)%00%(upstream:remotename)%00%(upstream:remoteref) refs/heads/master refs/remotes/master [27ms]
2024-02-13 02:53:27.035 [info] > git status -z -uall [821ms]
2024-02-13 02:53:27.216 [info] > git check-ignore -v -z --stdin [134ms]
2024-02-13 02:53:27.218 [info] > git show --textconv :src/SimpleStorage.sol [78ms]
2024-02-13 02:53:27.219 [info] > git ls-files --stage -- /home/starwar/solidity/foundry_f24/foundry-simple-storage-f24/src/SimpleStorage.sol [54ms]
2024-02-13 02:53:27.222 [info] > git config --get commit.template [115ms]
2024-02-13 02:53:27.248 [info] No remotes found in the git config file.
2024-02-13 02:53:27.285 [info] > git for-each-ref --format=%(refname)%00%(upstream:short)%00%(objectname)%00%(upstream:track)%00%(upstream:remotename)%00%(upstream:remoteref) refs/heads/master refs/remotes/master [38ms]
2024-02-13 02:53:27.381 [info] > git status -z -uall [75ms]
2024-02-13 02:53:28.415 [info] > git rev-parse --show-toplevel [22ms]
2024-02-13 02:53:28.466 [info] > git rev-parse --git-dir --git-common-dir [23ms]
2024-02-13 02:53:28.474 [info] Open repository: /home/starwar/solidity/foundry_f24/foundry-simple-storage-f24/lib/forge-std
2024-02-13 02:53:28.520 [info] > git config --get commit.template [22ms]
2024-02-13 02:53:28.548 [info] > git for-each-ref --format %(refname) %(objectname) %(*objectname) refs/tags [5ms]
2024-02-13 02:53:28.722 [info] > git status -z -uall [151ms]
2024-02-13 02:53:28.758 [info] > git config --get commit.template [5ms]
2024-02-13 02:53:28.783 [info] > git for-each-ref --format %(refname) %(objectname) %(*objectname) refs/tags [5ms]
2024-02-13 02:53:28.877 [info] > git status -z -uall [76ms]
2024-02-13 02:53:29.139 [info] > git check-ignore -v -z --stdin [2ms]
2024-02-13 02:53:29.676 [info] > git rev-parse --show-toplevel [11ms]
2024-02-13 02:53:29.694 [info] > git rev-parse --git-dir --git-common-dir [3ms]
2024-02-13 02:53:29.702 [info] Open repository: /home/starwar/solidity/foundry_f24/foundry-simple-storage-f24/lib/forge-std/lib/ds-test
2024-02-13 02:53:29.728 [info] > git config --get commit.template [6ms]
2024-02-13 02:53:29.745 [info] > git for-each-ref --format %(refname) %(objectname) %(*objectname) refs/tags [2ms]
2024-02-13 02:53:29.762 [info] > git status -z -uall [3ms]
2024-02-13 02:53:29.799 [info] > git config --get commit.template [15ms]
2024-02-13 02:53:29.800 [info] > git for-each-ref --format %(refname) %(objectname) %(*objectname) refs/tags [2ms]
2024-02-13 02:53:29.819 [info] > git status -z -uall [3ms]
2024-02-13 02:53:30.270 [info] > git check-ignore -v -z --stdin [7ms]
