2024-02-17 22:23:48.831 [info] Log level: Info
2024-02-17 22:23:48.831 [info] Validating found git in: "git"
2024-02-17 22:23:48.831 [info] Using git "2.34.1" from "git"
2024-02-17 22:23:48.831 [info] > git rev-parse --show-toplevel [151ms]
2024-02-17 22:23:48.832 [info] > git rev-parse --git-dir --git-common-dir [13ms]
2024-02-17 22:23:48.832 [info] Open repository: /home/starwar
2024-02-17 22:23:48.832 [info] > git rev-parse --show-toplevel [12ms]
2024-02-17 22:23:48.832 [info] > git config --get commit.template [25ms]
2024-02-17 22:23:48.958 [info] No remotes found in the git config file.
2024-02-17 22:23:48.966 [info] > git rev-parse --git-dir --git-common-dir [118ms]
2024-02-17 22:23:48.972 [info] Open repository: /home/starwar/solidity/foundry_f24/foundry-simple-storage-f24
2024-02-17 22:23:49.004 [info] > git for-each-ref --format=%(refname)%00%(upstream:short)%00%(objectname)%00%(upstream:track)%00%(upstream:remotename)%00%(upstream:remoteref) refs/heads/master refs/remotes/master [47ms]
2024-02-17 22:23:49.005 [warning] No such branch: master.
2024-02-17 22:23:49.031 [info] > git rev-parse --show-toplevel [28ms]
2024-02-17 22:23:49.032 [info] > git config --get commit.template [42ms]
2024-02-17 22:23:49.058 [info] No remotes found in the git config file.
2024-02-17 22:23:49.061 [info] > git status -z -uall [38ms]
2024-02-17 22:23:49.062 [info] > git rev-parse --show-toplevel [15ms]
2024-02-17 22:23:49.152 [info] > git for-each-ref --format=%(refname)%00%(upstream:short)%00%(objectname)%00%(upstream:track)%00%(upstream:remotename)%00%(upstream:remoteref) refs/heads/master refs/remotes/master [93ms]
2024-02-17 22:23:49.173 [info] > git config --get commit.template [26ms]
2024-02-17 22:23:49.173 [info] > git rev-parse --show-toplevel [40ms]
2024-02-17 22:23:49.486 [info] > git status -z -uall [323ms]
2024-02-17 22:23:49.511 [info] No remotes found in the git config file.
2024-02-17 22:23:49.521 [info] > git rev-parse --show-toplevel [44ms]
2024-02-17 22:23:49.538 [info] > git config --get commit.template [18ms]
2024-02-17 22:23:49.539 [info] > git for-each-ref --format=%(refname)%00%(upstream:short)%00%(objectname)%00%(upstream:track)%00%(upstream:remotename)%00%(upstream:remoteref) refs/heads/master refs/remotes/master [29ms]
2024-02-17 22:23:49.539 [warning] No such branch: master.
2024-02-17 22:23:49.629 [info] > git status -z -uall [81ms]
2024-02-17 22:23:49.629 [info] > git check-ignore -v -z --stdin [70ms]
2024-02-17 22:23:49.631 [info] > git check-ignore -v -z --stdin [60ms]
2024-02-17 22:23:49.657 [info] > git rev-parse --show-toplevel [120ms]
2024-02-17 22:23:49.869 [info] No remotes found in the git config file.
2024-02-17 22:23:50.066 [info] > git rev-parse --show-toplevel [186ms]
2024-02-17 22:23:50.070 [info] > git for-each-ref --format=%(refname)%00%(upstream:short)%00%(objectname)%00%(upstream:track)%00%(upstream:remotename)%00%(upstream:remoteref) refs/heads/master refs/remotes/master [201ms]
2024-02-17 22:23:50.096 [info] > git status -z -uall [17ms]
2024-02-17 22:23:50.149 [info] > git rev-parse --show-toplevel [54ms]
2024-02-17 22:23:50.302 [info] > git rev-parse --show-toplevel [141ms]
2024-02-17 22:23:50.327 [info] > git rev-parse --show-toplevel [14ms]
2024-02-17 22:23:50.338 [info] > git rev-parse --show-toplevel [1ms]
2024-02-17 22:23:50.381 [info] > git show --textconv :script/DeploySimpleStorage.s.sol [30ms]
2024-02-17 22:23:50.383 [info] > git rev-parse --show-toplevel [7ms]
2024-02-17 22:23:50.383 [info] > git ls-files --stage -- /home/starwar/solidity/foundry_f24/foundry-simple-storage-f24/script/DeploySimpleStorage.s.sol [21ms]
2024-02-17 22:23:50.407 [info] > git rev-parse --git-dir --git-common-dir [10ms]
2024-02-17 22:23:50.411 [info] Open repository: /home/starwar/solidity/foundry_f24/foundry-simple-storage-f24/lib/forge-std
2024-02-17 22:23:50.446 [info] > git config --get commit.template [9ms]
2024-02-17 22:23:50.464 [info] > git for-each-ref --format %(refname) %(objectname) %(*objectname) refs/tags [7ms]
2024-02-17 22:23:50.483 [info] > git status -z -uall [10ms]
2024-02-17 22:23:50.502 [info] > git config --get commit.template [2ms]
2024-02-17 22:23:50.517 [info] > git for-each-ref --format %(refname) %(objectname) %(*objectname) refs/tags [1ms]
2024-02-17 22:23:50.572 [info] > git status -z -uall [46ms]
2024-02-17 22:23:50.995 [info] > git check-ignore -v -z --stdin [14ms]
2024-02-17 22:23:50.996 [info] > git check-ignore -v -z --stdin [7ms]
2024-02-17 22:23:51.085 [info] > git rev-parse --show-toplevel [1ms]
2024-02-17 22:23:51.098 [info] > git rev-parse --git-dir --git-common-dir [1ms]
2024-02-17 22:23:51.102 [info] Open repository: /home/starwar/solidity/foundry_f24/foundry-simple-storage-f24/lib/forge-std/lib/ds-test
2024-02-17 22:23:51.118 [info] > git config --get commit.template [1ms]
2024-02-17 22:23:51.135 [info] > git for-each-ref --format %(refname) %(objectname) %(*objectname) refs/tags [1ms]
2024-02-17 22:23:51.156 [info] > git status -z -uall [8ms]
2024-02-17 22:23:51.180 [info] > git config --get commit.template [4ms]
2024-02-17 22:23:51.197 [info] > git for-each-ref --format %(refname) %(objectname) %(*objectname) refs/tags [1ms]
2024-02-17 22:23:51.208 [info] > git status -z -uall [2ms]
2024-02-17 22:23:51.677 [info] > git check-ignore -v -z --stdin [12ms]
2024-02-17 22:23:51.678 [info] > git check-ignore -v -z --stdin [3ms]
2024-02-17 22:23:55.994 [info] > git config --get commit.template [1ms]
2024-02-17 22:23:56.008 [info] No remotes found in the git config file.
2024-02-17 22:23:56.009 [info] > git for-each-ref --format=%(refname)%00%(upstream:short)%00%(objectname)%00%(upstream:track)%00%(upstream:remotename)%00%(upstream:remoteref) refs/heads/master refs/remotes/master [1ms]
2024-02-17 22:23:56.010 [warning] No such branch: master.
2024-02-17 22:23:56.050 [info] > git status -z -uall [13ms]
2024-02-17 22:24:01.151 [info] No remotes found in the git config file.
2024-02-17 22:24:01.153 [info] > git config --get commit.template [38ms]
2024-02-17 22:24:01.159 [info] > git for-each-ref --format=%(refname)%00%(upstream:short)%00%(objectname)%00%(upstream:track)%00%(upstream:remotename)%00%(upstream:remoteref) refs/heads/master refs/remotes/master [9ms]
2024-02-17 22:24:01.159 [warning] No such branch: master.
2024-02-17 22:24:01.278 [info] > git status -z -uall [86ms]
2024-02-17 22:24:06.332 [info] > git config --get commit.template [14ms]
2024-02-17 22:24:06.332 [info] No remotes found in the git config file.
2024-02-17 22:24:06.333 [info] > git for-each-ref --format=%(refname)%00%(upstream:short)%00%(objectname)%00%(upstream:track)%00%(upstream:remotename)%00%(upstream:remoteref) refs/heads/master refs/remotes/master [2ms]
2024-02-17 22:24:06.333 [warning] No such branch: master.
2024-02-17 22:24:06.353 [info] > git status -z -uall [10ms]
2024-02-17 22:24:09.081 [info] > git check-ignore -v -z --stdin [1ms]
2024-02-17 22:24:09.901 [info] > git check-ignore -v -z --stdin [1ms]
2024-02-17 22:24:11.390 [info] > git config --get commit.template [2ms]
2024-02-17 22:24:11.404 [info] No remotes found in the git config file.
2024-02-17 22:24:11.405 [info] > git for-each-ref --format=%(refname)%00%(upstream:short)%00%(objectname)%00%(upstream:track)%00%(upstream:remotename)%00%(upstream:remoteref) refs/heads/master refs/remotes/master [2ms]
2024-02-17 22:24:11.405 [warning] No such branch: master.
2024-02-17 22:24:11.431 [info] > git status -z -uall [13ms]
2024-02-17 22:24:16.475 [info] > git config --get commit.template [1ms]
2024-02-17 22:24:16.488 [info] No remotes found in the git config file.
2024-02-17 22:24:16.489 [info] > git for-each-ref --format=%(refname)%00%(upstream:short)%00%(objectname)%00%(upstream:track)%00%(upstream:remotename)%00%(upstream:remoteref) refs/heads/master refs/remotes/master [1ms]
2024-02-17 22:24:16.489 [warning] No such branch: master.
2024-02-17 22:24:16.509 [info] > git status -z -uall [8ms]
2024-02-17 22:24:21.548 [info] > git config --get commit.template [1ms]
2024-02-17 22:24:21.559 [info] No remotes found in the git config file.
2024-02-17 22:24:21.560 [info] > git for-each-ref --format=%(refname)%00%(upstream:short)%00%(objectname)%00%(upstream:track)%00%(upstream:remotename)%00%(upstream:remoteref) refs/heads/master refs/remotes/master [0ms]
2024-02-17 22:24:21.560 [warning] No such branch: master.
2024-02-17 22:24:21.580 [info] > git status -z -uall [10ms]
